Sun, 22 Jul 2018 17:16:41 new_main.py[line:515] INFO 结算程序[2.3.2]开始执行。
Sun, 22 Jul 2018 17:16:41 new_main.py[line:536] WARNING 隔夜仓文件[]没有找到！
Sun, 22 Jul 2018 17:16:41 new_main.py[line:539] WARNING 零头股文件[]没有找到！
Sun, 22 Jul 2018 17:18:06 new_main.py[line:515] INFO 结算程序[2.3.2]开始执行。
Sun, 22 Jul 2018 17:18:06 new_main.py[line:536] WARNING 隔夜仓文件[]没有找到！
Sun, 22 Jul 2018 17:18:06 new_main.py[line:539] WARNING 零头股文件[]没有找到！
Sun, 22 Jul 2018 17:19:02 new_main.py[line:515] INFO 结算程序[2.3.2]开始执行。
Sun, 22 Jul 2018 17:19:02 new_main.py[line:536] WARNING 隔夜仓文件[]没有找到！
Sun, 22 Jul 2018 17:19:02 new_main.py[line:539] WARNING 零头股文件[]没有找到！
Sun, 22 Jul 2018 17:25:24 new_main.py[line:515] INFO 结算程序[2.3.2]开始执行。
Sun, 22 Jul 2018 17:25:24 new_main.py[line:536] WARNING 隔夜仓文件[]没有找到！
Sun, 22 Jul 2018 17:25:24 new_main.py[line:539] WARNING 零头股文件[]没有找到！
Sun, 22 Jul 2018 17:26:08 new_main.py[line:515] INFO 结算程序[2.3.2]开始执行。
Sun, 22 Jul 2018 17:26:08 new_main.py[line:536] WARNING 隔夜仓文件[]没有找到！
Sun, 22 Jul 2018 17:26:08 new_main.py[line:539] WARNING 零头股文件[]没有找到！
Sun, 22 Jul 2018 17:26:39 new_main.py[line:515] INFO 结算程序[2.3.2]开始执行。
Sun, 22 Jul 2018 17:26:39 new_main.py[line:536] WARNING 隔夜仓文件[]没有找到！
Sun, 22 Jul 2018 17:26:39 new_main.py[line:539] WARNING 零头股文件[]没有找到！
Sun, 22 Jul 2018 17:27:03 new_main.py[line:515] INFO 结算程序[2.3.2]开始执行。
Sun, 22 Jul 2018 17:27:03 new_main.py[line:536] WARNING 隔夜仓文件[]没有找到！
Sun, 22 Jul 2018 17:27:03 new_main.py[line:539] WARNING 零头股文件[]没有找到！
Sun, 22 Jul 2018 17:27:51 new_main.py[line:515] INFO 结算程序[2.3.2]开始执行。
Sun, 22 Jul 2018 17:27:51 new_main.py[line:536] WARNING 隔夜仓文件[]没有找到！
Sun, 22 Jul 2018 17:27:51 new_main.py[line:539] WARNING 零头股文件[]没有找到！
Sun, 22 Jul 2018 17:28:07 new_main.py[line:515] INFO 结算程序[2.3.2]开始执行。
Sun, 22 Jul 2018 17:28:07 new_main.py[line:536] WARNING 隔夜仓文件[]没有找到！
Sun, 22 Jul 2018 17:28:07 new_main.py[line:539] WARNING 零头股文件[]没有找到！
Sun, 22 Jul 2018 17:28:23 new_main.py[line:515] INFO 结算程序[2.3.2]开始执行。
Sun, 22 Jul 2018 17:28:23 new_main.py[line:536] WARNING 隔夜仓文件[]没有找到！
Sun, 22 Jul 2018 17:28:23 new_main.py[line:539] WARNING 零头股文件[]没有找到！
Sun, 22 Jul 2018 17:29:22 new_main.py[line:515] INFO 结算程序[2.3.2]开始执行。
Sun, 22 Jul 2018 17:29:22 new_main.py[line:536] WARNING 隔夜仓文件[]没有找到！
Sun, 22 Jul 2018 17:29:22 new_main.py[line:539] WARNING 零头股文件[]没有找到！
Sun, 22 Jul 2018 17:29:37 new_main.py[line:515] INFO 结算程序[2.3.2]开始执行。
Sun, 22 Jul 2018 17:29:37 new_main.py[line:536] WARNING 隔夜仓文件[]没有找到！
Sun, 22 Jul 2018 17:29:37 new_main.py[line:539] WARNING 零头股文件[]没有找到！
Sun, 22 Jul 2018 17:29:58 new_main.py[line:515] INFO 结算程序[2.3.2]开始执行。
Sun, 22 Jul 2018 17:29:58 new_main.py[line:536] WARNING 隔夜仓文件[]没有找到！
Sun, 22 Jul 2018 17:29:58 new_main.py[line:539] WARNING 零头股文件[]没有找到！
Sun, 22 Jul 2018 17:30:41 new_main.py[line:515] INFO 结算程序[2.3.2]开始执行。
Sun, 22 Jul 2018 17:30:41 new_main.py[line:536] WARNING 隔夜仓文件[]没有找到！
Sun, 22 Jul 2018 17:30:41 new_main.py[line:539] WARNING 零头股文件[]没有找到！
Sun, 22 Jul 2018 17:30:55 new_main.py[line:515] INFO 结算程序[2.3.2]开始执行。
Sun, 22 Jul 2018 17:30:55 new_main.py[line:536] WARNING 隔夜仓文件[]没有找到！
Sun, 22 Jul 2018 17:30:55 new_main.py[line:539] WARNING 零头股文件[]没有找到！
Sun, 22 Jul 2018 17:30:55 new_main.py[line:588] INFO 总共读取到[231]条记录。
Sun, 22 Jul 2018 17:31:46 new_main.py[line:515] INFO 结算程序[2.3.2]开始执行。
Sun, 22 Jul 2018 17:31:46 new_main.py[line:536] WARNING 隔夜仓文件[]没有找到！
Sun, 22 Jul 2018 17:31:46 new_main.py[line:539] WARNING 零头股文件[]没有找到！
Sun, 22 Jul 2018 17:31:46 new_main.py[line:586] DEBUG dict_keys([('00400007', '600176'), ('00400002', '601233'), ('00400002', '600487'), ('00400002', '600970'), ('00400002', '000830'), ('00400002', '601012'), ('00400002', '600176'), ('00400002', '002343')])
Sun, 22 Jul 2018 17:31:46 new_main.py[line:587] DEBUG [2, 27, 43, 9, 57, 40, 9, 44]
Sun, 22 Jul 2018 17:31:46 new_main.py[line:588] INFO 总共读取到[231]条记录。
Sun, 22 Jul 2018 17:32:12 new_main.py[line:516] INFO 结算程序[2.3.2]开始执行。
Sun, 22 Jul 2018 17:32:12 new_main.py[line:537] WARNING 隔夜仓文件[]没有找到！
Sun, 22 Jul 2018 17:32:12 new_main.py[line:540] WARNING 零头股文件[]没有找到！
Sun, 22 Jul 2018 17:32:13 new_main.py[line:587] DEBUG dict_keys([('00400007', '600176'), ('00400002', '601233'), ('00400002', '600487'), ('00400002', '600970'), ('00400002', '000830'), ('00400002', '601012'), ('00400002', '600176'), ('00400002', '002343')])
Sun, 22 Jul 2018 17:32:13 new_main.py[line:588] DEBUG [2, 27, 43, 9, 57, 40, 9, 44]
Sun, 22 Jul 2018 17:32:13 new_main.py[line:589] INFO 总共读取到[231]条记录。
Sun, 22 Jul 2018 17:40:23 new_main.py[line:516] INFO 结算程序[2.3.2]开始执行。
Sun, 22 Jul 2018 17:40:23 new_main.py[line:537] WARNING 隔夜仓文件[]没有找到！
Sun, 22 Jul 2018 17:40:23 new_main.py[line:540] WARNING 零头股文件[]没有找到！
Sun, 22 Jul 2018 17:40:23 new_main.py[line:587] DEBUG dict_keys([('00400007', '600176'), ('00400002', '601233'), ('00400002', '600487'), ('00400002', '600970'), ('00400002', '000830'), ('00400002', '601012'), ('00400002', '600176'), ('00400002', '002343')])
Sun, 22 Jul 2018 17:40:23 new_main.py[line:588] DEBUG [2, 27, 43, 9, 57, 40, 9, 44]
Sun, 22 Jul 2018 17:40:23 new_main.py[line:589] INFO 总共读取到[231]条记录。
Sun, 22 Jul 2018 17:47:19 new_main.py[line:516] INFO 结算程序[2.3.2]开始执行。
Sun, 22 Jul 2018 17:47:19 new_main.py[line:537] WARNING 隔夜仓文件[]没有找到！
Sun, 22 Jul 2018 17:47:19 new_main.py[line:540] WARNING 零头股文件[]没有找到！
Sun, 22 Jul 2018 17:47:20 new_main.py[line:587] DEBUG dict_keys([('00400007', '600176'), ('00400002', '601233'), ('00400002', '600487'), ('00400002', '600970'), ('00400002', '000830'), ('00400002', '601012'), ('00400002', '600176'), ('00400002', '002343')])
Sun, 22 Jul 2018 17:47:20 new_main.py[line:588] DEBUG [2, 27, 43, 9, 57, 40, 9, 44]
Sun, 22 Jul 2018 17:47:20 new_main.py[line:589] INFO 总共读取到[231]条记录。
Sun, 22 Jul 2018 17:52:18 new_main.py[line:516] INFO 结算程序[2.3.2]开始执行。
Sun, 22 Jul 2018 17:52:18 new_main.py[line:537] WARNING 隔夜仓文件[]没有找到！
Sun, 22 Jul 2018 17:52:18 new_main.py[line:540] WARNING 零头股文件[]没有找到！
Sun, 22 Jul 2018 17:52:18 new_main.py[line:587] DEBUG dict_keys([('00400007', '600176'), ('00400002', '601233'), ('00400002', '600487'), ('00400002', '600970'), ('00400002', '000830'), ('00400002', '601012'), ('00400002', '600176'), ('00400002', '002343')])
Sun, 22 Jul 2018 17:52:18 new_main.py[line:588] DEBUG [2, 27, 43, 9, 57, 40, 9, 44]
Sun, 22 Jul 2018 17:52:18 new_main.py[line:589] INFO 总共读取到[231]条记录。
Sun, 22 Jul 2018 17:52:31 new_main.py[line:516] INFO 结算程序[2.3.2]开始执行。
Sun, 22 Jul 2018 17:52:31 new_main.py[line:537] WARNING 隔夜仓文件[]没有找到！
Sun, 22 Jul 2018 17:52:31 new_main.py[line:540] WARNING 零头股文件[]没有找到！
Sun, 22 Jul 2018 17:52:31 new_main.py[line:587] DEBUG dict_keys([('00400007', '600176'), ('00400002', '601233'), ('00400002', '600487'), ('00400002', '600970'), ('00400002', '000830'), ('00400002', '601012'), ('00400002', '600176'), ('00400002', '002343')])
Sun, 22 Jul 2018 17:52:31 new_main.py[line:588] DEBUG [2, 27, 43, 9, 57, 40, 9, 44]
Sun, 22 Jul 2018 17:52:31 new_main.py[line:589] INFO 总共读取到[231]条记录。
Sun, 22 Jul 2018 17:53:19 new_main.py[line:516] INFO 结算程序[2.3.2]开始执行。
Sun, 22 Jul 2018 17:53:19 new_main.py[line:537] WARNING 隔夜仓文件[]没有找到！
Sun, 22 Jul 2018 17:53:19 new_main.py[line:540] WARNING 零头股文件[]没有找到！
Sun, 22 Jul 2018 17:53:19 new_main.py[line:587] DEBUG dict_keys([('00400007', '600176'), ('00400002', '601233'), ('00400002', '600487'), ('00400002', '600970'), ('00400002', '000830'), ('00400002', '601012'), ('00400002', '600176'), ('00400002', '002343')])
Sun, 22 Jul 2018 17:53:19 new_main.py[line:588] DEBUG [2, 27, 43, 9, 57, 40, 9, 44]
Sun, 22 Jul 2018 17:53:19 new_main.py[line:589] INFO 总共读取到[231]条记录。
Sun, 22 Jul 2018 17:53:45 new_main.py[line:516] INFO 结算程序[2.3.2]开始执行。
Sun, 22 Jul 2018 17:53:45 new_main.py[line:537] WARNING 隔夜仓文件[]没有找到！
Sun, 22 Jul 2018 17:53:45 new_main.py[line:540] WARNING 零头股文件[]没有找到！
Sun, 22 Jul 2018 17:53:45 new_main.py[line:587] DEBUG dict_keys([('00400007', '600176'), ('00400002', '601233'), ('00400002', '600487'), ('00400002', '600970'), ('00400002', '000830'), ('00400002', '601012'), ('00400002', '600176'), ('00400002', '002343')])
Sun, 22 Jul 2018 17:53:45 new_main.py[line:588] DEBUG [2, 27, 43, 9, 57, 40, 9, 44]
Sun, 22 Jul 2018 17:53:45 new_main.py[line:589] INFO 总共读取到[231]条记录。
Sun, 22 Jul 2018 17:55:02 new_main.py[line:516] INFO 结算程序[2.3.2]开始执行。
Sun, 22 Jul 2018 17:55:02 new_main.py[line:537] WARNING 隔夜仓文件[]没有找到！
Sun, 22 Jul 2018 17:55:02 new_main.py[line:540] WARNING 零头股文件[]没有找到！
Sun, 22 Jul 2018 17:55:02 new_main.py[line:587] DEBUG dict_keys([('00400007', '600176'), ('00400002', '601233'), ('00400002', '600487'), ('00400002', '600970'), ('00400002', '000830'), ('00400002', '601012'), ('00400002', '600176'), ('00400002', '002343')])
Sun, 22 Jul 2018 17:55:02 new_main.py[line:588] DEBUG [2, 27, 43, 9, 57, 40, 9, 44]
Sun, 22 Jul 2018 17:55:02 new_main.py[line:589] INFO 总共读取到[231]条记录。
Sun, 22 Jul 2018 17:56:24 new_main.py[line:516] INFO 结算程序[2.3.2]开始执行。
Sun, 22 Jul 2018 17:56:24 new_main.py[line:537] WARNING 隔夜仓文件[]没有找到！
Sun, 22 Jul 2018 17:56:24 new_main.py[line:540] WARNING 零头股文件[]没有找到！
Sun, 22 Jul 2018 17:56:25 new_main.py[line:587] DEBUG dict_keys([('00400007', '600176'), ('00400002', '601233'), ('00400002', '600487'), ('00400002', '600970'), ('00400002', '000830'), ('00400002', '601012'), ('00400002', '600176'), ('00400002', '002343')])
Sun, 22 Jul 2018 17:56:25 new_main.py[line:588] DEBUG [2, 27, 43, 9, 57, 40, 9, 44]
Sun, 22 Jul 2018 17:56:25 new_main.py[line:589] INFO 总共读取到[231]条记录。
Sun, 22 Jul 2018 17:56:25 new_main.py[line:590] INFO 涉及到的交易员编号：00400007,00400002
Sun, 22 Jul 2018 17:56:25 new_main.py[line:591] INFO 涉及到的证券代码：600176,601233,600487,600970,000830,601012,002343
Sun, 22 Jul 2018 17:58:25 new_main.py[line:516] INFO 结算程序[2.3.2]开始执行。
Sun, 22 Jul 2018 17:58:25 new_main.py[line:537] WARNING 隔夜仓文件[]没有找到！
Sun, 22 Jul 2018 17:58:25 new_main.py[line:540] WARNING 零头股文件[]没有找到！
Sun, 22 Jul 2018 17:58:25 new_main.py[line:587] DEBUG dict_keys([('00400007', '600176'), ('00400002', '601233'), ('00400002', '600487'), ('00400002', '600970'), ('00400002', '000830'), ('00400002', '601012'), ('00400002', '600176'), ('00400002', '002343')])
Sun, 22 Jul 2018 17:58:25 new_main.py[line:588] DEBUG [2, 27, 43, 9, 57, 40, 9, 44]
Sun, 22 Jul 2018 17:58:25 new_main.py[line:589] INFO 总共读取到[231]条记录。
Sun, 22 Jul 2018 17:58:25 new_main.py[line:590] INFO 涉及到的交易员编号：00400007,00400002
Sun, 22 Jul 2018 17:58:25 new_main.py[line:591] INFO 涉及到的证券代码：600176,601233,600487,600970,000830,601012,002343
Sun, 22 Jul 2018 18:03:49 new_main.py[line:516] INFO 结算程序[2.3.2]开始执行。
Sun, 22 Jul 2018 18:03:49 new_main.py[line:537] WARNING 隔夜仓文件[]没有找到！
Sun, 22 Jul 2018 18:03:49 new_main.py[line:540] WARNING 零头股文件[]没有找到！
Sun, 22 Jul 2018 18:03:49 new_main.py[line:587] DEBUG dict_keys([('00400007', '600176'), ('00400002', '601233'), ('00400002', '600487'), ('00400002', '600970'), ('00400002', '000830'), ('00400002', '601012'), ('00400002', '600176'), ('00400002', '002343')])
Sun, 22 Jul 2018 18:03:49 new_main.py[line:588] DEBUG [2, 27, 43, 9, 57, 40, 9, 44]
Sun, 22 Jul 2018 18:03:49 new_main.py[line:589] INFO 总共读取到[231]条记录。
Sun, 22 Jul 2018 18:03:49 new_main.py[line:590] INFO 涉及到的交易员编号：00400007,00400002
Sun, 22 Jul 2018 18:03:49 new_main.py[line:591] INFO 涉及到的证券代码：600176,601233,600487,600970,000830,601012,002343
Sun, 22 Jul 2018 18:36:29 new_main.py[line:516] INFO 结算程序[2.3.2]开始执行。
Sun, 22 Jul 2018 18:36:29 new_main.py[line:537] WARNING 隔夜仓文件[]没有找到！
Sun, 22 Jul 2018 18:36:29 new_main.py[line:540] WARNING 零头股文件[]没有找到！
Sun, 22 Jul 2018 18:36:30 new_main.py[line:587] DEBUG dict_keys([('00400007', '600176'), ('00400002', '601233'), ('00400002', '600487'), ('00400002', '600970'), ('00400002', '000830'), ('00400002', '601012'), ('00400002', '600176'), ('00400002', '002343')])
Sun, 22 Jul 2018 18:36:30 new_main.py[line:588] DEBUG [2, 27, 43, 9, 57, 40, 9, 44]
Sun, 22 Jul 2018 18:36:30 new_main.py[line:589] INFO 总共读取到[231]条记录。
Sun, 22 Jul 2018 18:36:30 new_main.py[line:590] INFO 涉及到的交易员编号：00400007,00400002
Sun, 22 Jul 2018 18:36:30 new_main.py[line:591] INFO 涉及到的证券代码：600176,601233,600487,600970,000830,601012,002343
Sun, 22 Jul 2018 18:55:40 new_main.py[line:516] INFO 结算程序[2.3.2]开始执行。
Sun, 22 Jul 2018 18:55:40 new_main.py[line:537] WARNING 隔夜仓文件[]没有找到！
Sun, 22 Jul 2018 18:55:40 new_main.py[line:540] WARNING 零头股文件[]没有找到！
Sun, 22 Jul 2018 18:55:41 new_main.py[line:587] DEBUG dict_keys([('00400007', '600176'), ('00400002', '601233'), ('00400002', '600487'), ('00400002', '600970'), ('00400002', '000830'), ('00400002', '601012'), ('00400002', '600176'), ('00400002', '002343')])
Sun, 22 Jul 2018 18:55:41 new_main.py[line:588] DEBUG [2, 27, 43, 9, 57, 40, 9, 44]
Sun, 22 Jul 2018 18:55:41 new_main.py[line:589] INFO 总共读取到[231]条记录。
Sun, 22 Jul 2018 18:55:41 new_main.py[line:590] INFO 涉及到的交易员编号：00400007,00400002
Sun, 22 Jul 2018 18:55:41 new_main.py[line:591] INFO 涉及到的证券代码：600176,601233,600487,600970,000830,601012,002343
Sun, 22 Jul 2018 19:00:06 new_main.py[line:516] INFO 结算程序[2.3.2]开始执行。
Sun, 22 Jul 2018 19:00:06 new_main.py[line:537] WARNING 隔夜仓文件[]没有找到！
Sun, 22 Jul 2018 19:00:06 new_main.py[line:540] WARNING 零头股文件[]没有找到！
Sun, 22 Jul 2018 19:00:06 new_main.py[line:587] DEBUG dict_keys([('00400007', '600176'), ('00400002', '601233'), ('00400002', '600487'), ('00400002', '600970'), ('00400002', '000830'), ('00400002', '601012'), ('00400002', '600176'), ('00400002', '002343')])
Sun, 22 Jul 2018 19:00:06 new_main.py[line:588] DEBUG [2, 27, 43, 9, 57, 40, 9, 44]
Sun, 22 Jul 2018 19:00:06 new_main.py[line:589] INFO 总共读取到[231]条记录。
Sun, 22 Jul 2018 19:00:06 new_main.py[line:590] INFO 涉及到的交易员编号：00400007,00400002
Sun, 22 Jul 2018 19:00:06 new_main.py[line:591] INFO 涉及到的证券代码：600176,601233,600487,600970,000830,601012,002343
