Sun, 15 Jul 2018 00:32:34 main.py[line:537] INFO 结算程序[2.3.2]开始执行。
Sun, 15 Jul 2018 00:32:34 main.py[line:558] WARNING 隔夜仓文件[]没有找到！
Sun, 15 Jul 2018 00:32:34 main.py[line:561] WARNING 零头股文件[]没有找到！
Sun, 15 Jul 2018 00:32:34 main.py[line:119] WARNING 编号为[400039, 400062, 400065, 400041, 400066, 400040]交易员的成交记录被忽视！
Sun, 15 Jul 2018 00:32:34 main.py[line:393] INFO 开始计算手续费和印花税。
Sun, 15 Jul 2018 00:32:35 main.py[line:402] INFO 输出详细的手续费记录到[log/2018-07-06_tax_detail.xls]文件。
Sun, 15 Jul 2018 00:32:35 main.py[line:404] INFO 计算手续费和印花税结束。
Sun, 15 Jul 2018 00:32:35 main.py[line:590] INFO 行情文件[A股行情20180522.xls]未找到，尝试从网络获取。
Sun, 15 Jul 2018 00:32:35 main.py[line:162] INFO 获取股票的收盘价。
Sun, 15 Jul 2018 00:32:35 main.py[line:226] DEBUG close_price: {}
Sun, 15 Jul 2018 00:32:35 main.py[line:227] INFO 所有股票收盘价获取结束。
Sun, 15 Jul 2018 00:32:35 main.py[line:595] ERROR 从网络获取行情失败！
Sun, 15 Jul 2018 00:33:07 main.py[line:537] INFO 结算程序[2.3.2]开始执行。
Sun, 15 Jul 2018 00:33:07 main.py[line:558] WARNING 隔夜仓文件[]没有找到！
Sun, 15 Jul 2018 00:33:07 main.py[line:561] WARNING 零头股文件[]没有找到！
Sun, 15 Jul 2018 00:33:07 main.py[line:119] WARNING 编号为[400039, 400062, 400065, 400041, 400066, 400040]交易员的成交记录被忽视！
Sun, 15 Jul 2018 00:33:07 main.py[line:393] INFO 开始计算手续费和印花税。
Sun, 15 Jul 2018 00:33:07 main.py[line:402] INFO 输出详细的手续费记录到[log/2018-07-06_tax_detail.xls]文件。
Sun, 15 Jul 2018 00:33:07 main.py[line:404] INFO 计算手续费和印花税结束。
Sun, 15 Jul 2018 00:33:07 main.py[line:587] INFO 从行情文件[A股行情20180522.xls]中获取收盘价。
Sun, 15 Jul 2018 00:33:07 main.py[line:157] DEBUG close_price: {}
Sun, 15 Jul 2018 00:33:07 main.py[line:158] INFO 所有股票收盘价获取结束。
Sun, 15 Jul 2018 00:33:07 main.py[line:407] INFO 开始计算系统收入。
Sun, 15 Jul 2018 00:33:07 main.py[line:435] INFO 输出系统详细记录到[log/2018-07-06_system_detail.xlsx]文件。
Sun, 15 Jul 2018 00:33:07 main.py[line:437] INFO 计算系统收入结束。
Sun, 15 Jul 2018 00:33:07 main.py[line:440] INFO 开始计算交易员收入。
Sun, 15 Jul 2018 00:33:07 main.py[line:472] INFO 输出交易员详细记录到[log/2018-07-06_trader_detail.xlsx]文件。
Sun, 15 Jul 2018 00:33:07 main.py[line:474] INFO 开始计算交易员收入。
Sun, 15 Jul 2018 00:33:07 main.py[line:602] INFO 成功输出系统盈亏到[委托信息2018070602_system.xlsx]文件。
Sun, 15 Jul 2018 20:07:36 main.py[line:537] INFO 结算程序[2.3.2]开始执行。
Sun, 15 Jul 2018 20:07:36 main.py[line:558] WARNING 隔夜仓文件[]没有找到！
Sun, 15 Jul 2018 20:07:36 main.py[line:561] WARNING 零头股文件[]没有找到！
Sun, 15 Jul 2018 20:07:37 main.py[line:119] WARNING 编号为[400039, 400062, 400065, 400041, 400066, 400040]交易员的成交记录被忽视！
Sun, 15 Jul 2018 20:07:37 main.py[line:393] INFO 开始计算手续费和印花税。
Sun, 15 Jul 2018 20:07:37 main.py[line:402] INFO 输出详细的手续费记录到[log/2018-07-06_tax_detail.xls]文件。
Sun, 15 Jul 2018 20:07:37 main.py[line:404] INFO 计算手续费和印花税结束。
Sun, 15 Jul 2018 20:07:37 main.py[line:587] INFO 从行情文件[A股行情20180522.xls]中获取收盘价。
Sun, 15 Jul 2018 20:07:37 main.py[line:157] DEBUG close_price: {}
Sun, 15 Jul 2018 20:07:37 main.py[line:158] INFO 所有股票收盘价获取结束。
Sun, 15 Jul 2018 20:07:37 main.py[line:407] INFO 开始计算系统收入。
Sun, 15 Jul 2018 20:07:37 main.py[line:435] INFO 输出系统详细记录到[log/2018-07-06_system_detail.xlsx]文件。
Sun, 15 Jul 2018 20:07:37 main.py[line:437] INFO 计算系统收入结束。
Sun, 15 Jul 2018 20:07:37 main.py[line:440] INFO 开始计算交易员收入。
Sun, 15 Jul 2018 20:07:37 main.py[line:472] INFO 输出交易员详细记录到[log/2018-07-06_trader_detail.xlsx]文件。
Sun, 15 Jul 2018 20:07:37 main.py[line:474] INFO 开始计算交易员收入。
Sun, 15 Jul 2018 20:07:37 main.py[line:602] INFO 成功输出系统盈亏到[委托信息2018070602_system.xlsx]文件。
Sun, 15 Jul 2018 20:29:25 main.py[line:544] INFO 结算程序[2.3.2]开始执行。
Sun, 15 Jul 2018 20:29:25 main.py[line:565] WARNING 隔夜仓文件[]没有找到！
Sun, 15 Jul 2018 20:29:25 main.py[line:568] WARNING 零头股文件[]没有找到！
Sun, 15 Jul 2018 20:29:26 main.py[line:119] WARNING 编号为[400066, 400040]交易员的成交记录被忽视！
Sun, 15 Jul 2018 20:29:26 main.py[line:400] INFO 开始计算手续费和印花税。
Sun, 15 Jul 2018 20:29:26 main.py[line:409] INFO 输出详细的手续费记录到[log/2018-07-06_tax_detail.xls]文件。
Sun, 15 Jul 2018 20:29:26 main.py[line:411] INFO 计算手续费和印花税结束。
Sun, 15 Jul 2018 20:29:26 main.py[line:594] INFO 从行情文件[A股行情20180522.xls]中获取收盘价。
Sun, 15 Jul 2018 20:29:26 main.py[line:156] INFO [001/008] 股票代码：[600282|南钢股份] 收盘价：[4.44]
Sun, 15 Jul 2018 20:29:26 main.py[line:156] INFO [002/008] 股票代码：[000069|华侨城Ａ] 收盘价：[8.11]
Sun, 15 Jul 2018 20:29:26 main.py[line:156] INFO [003/008] 股票代码：[000717|韶钢松山] 收盘价：[6.76]
Sun, 15 Jul 2018 20:29:26 main.py[line:156] INFO [004/008] 股票代码：[000789|万年青] 收盘价：[12.8]
Sun, 15 Jul 2018 20:29:26 main.py[line:156] INFO [005/008] 股票代码：[001979|招商蛇口] 收盘价：[22.25]
Sun, 15 Jul 2018 20:29:26 main.py[line:156] INFO [006/008] 股票代码：[002462|嘉事堂] 收盘价：[23.56]
Sun, 15 Jul 2018 20:29:26 main.py[line:156] INFO [007/008] 股票代码：[002567|唐人神] 收盘价：[5.96]
Sun, 15 Jul 2018 20:29:26 main.py[line:156] INFO [008/008] 股票代码：[300511|雪榕生物] 收盘价：[13.0]
Sun, 15 Jul 2018 20:29:26 main.py[line:157] DEBUG close_price: {'600282': 4.44, '000069': 8.11, '000717': 6.76, '000789': 12.8, '001979': 22.25, '002462': 23.56, '002567': 5.96, '300511': 13.0}
Sun, 15 Jul 2018 20:29:26 main.py[line:158] INFO 所有股票收盘价获取结束。
Sun, 15 Jul 2018 20:29:26 main.py[line:414] INFO 开始计算系统收入。
Sun, 15 Jul 2018 20:29:26 main.py[line:442] INFO 输出系统详细记录到[log/2018-07-06_system_detail.xlsx]文件。
Sun, 15 Jul 2018 20:29:26 main.py[line:444] INFO 计算系统收入结束。
Sun, 15 Jul 2018 20:29:26 main.py[line:447] INFO 开始计算交易员收入。
Sun, 15 Jul 2018 20:29:27 main.py[line:479] INFO 输出交易员详细记录到[log/2018-07-06_trader_detail.xlsx]文件。
Sun, 15 Jul 2018 20:29:27 main.py[line:481] INFO 开始计算交易员收入。
Sun, 15 Jul 2018 20:29:27 main.py[line:609] INFO 成功输出系统盈亏到[委托信息2018070602_system.xlsx]文件。
Sun, 15 Jul 2018 20:29:59 main.py[line:544] INFO 结算程序[2.3.2]开始执行。
Sun, 15 Jul 2018 20:29:59 main.py[line:565] WARNING 隔夜仓文件[]没有找到！
Sun, 15 Jul 2018 20:29:59 main.py[line:568] WARNING 零头股文件[]没有找到！
Sun, 15 Jul 2018 20:29:59 main.py[line:119] WARNING 编号为[400066, 400040]交易员的成交记录被忽视！
Sun, 15 Jul 2018 20:29:59 main.py[line:400] INFO 开始计算手续费和印花税。
Sun, 15 Jul 2018 20:29:59 main.py[line:409] INFO 输出详细的手续费记录到[log/2018-07-06_tax_detail.xls]文件。
Sun, 15 Jul 2018 20:29:59 main.py[line:411] INFO 计算手续费和印花税结束。
Sun, 15 Jul 2018 20:29:59 main.py[line:594] INFO 从行情文件[A股行情20180522.xls]中获取收盘价。
Sun, 15 Jul 2018 20:29:59 main.py[line:156] INFO [001/008] 股票代码：[600282|南钢股份] 收盘价：[4.44]
Sun, 15 Jul 2018 20:29:59 main.py[line:156] INFO [002/008] 股票代码：[000069|华侨城Ａ] 收盘价：[8.11]
Sun, 15 Jul 2018 20:29:59 main.py[line:156] INFO [003/008] 股票代码：[000717|韶钢松山] 收盘价：[6.76]
Sun, 15 Jul 2018 20:29:59 main.py[line:156] INFO [004/008] 股票代码：[000789|万年青] 收盘价：[12.8]
Sun, 15 Jul 2018 20:29:59 main.py[line:156] INFO [005/008] 股票代码：[001979|招商蛇口] 收盘价：[22.25]
Sun, 15 Jul 2018 20:29:59 main.py[line:156] INFO [006/008] 股票代码：[002462|嘉事堂] 收盘价：[23.56]
Sun, 15 Jul 2018 20:29:59 main.py[line:156] INFO [007/008] 股票代码：[002567|唐人神] 收盘价：[5.96]
Sun, 15 Jul 2018 20:29:59 main.py[line:156] INFO [008/008] 股票代码：[300511|雪榕生物] 收盘价：[13.0]
Sun, 15 Jul 2018 20:29:59 main.py[line:157] DEBUG close_price: {'600282': 4.44, '000069': 8.11, '000717': 6.76, '000789': 12.8, '001979': 22.25, '002462': 23.56, '002567': 5.96, '300511': 13.0}
Sun, 15 Jul 2018 20:29:59 main.py[line:158] INFO 所有股票收盘价获取结束。
Sun, 15 Jul 2018 20:29:59 main.py[line:414] INFO 开始计算系统收入。
Sun, 15 Jul 2018 20:29:59 main.py[line:442] INFO 输出系统详细记录到[log/2018-07-06_system_detail.xlsx]文件。
Sun, 15 Jul 2018 20:29:59 main.py[line:444] INFO 计算系统收入结束。
Sun, 15 Jul 2018 20:29:59 main.py[line:447] INFO 开始计算交易员收入。
Sun, 15 Jul 2018 20:29:59 main.py[line:479] INFO 输出交易员详细记录到[log/2018-07-06_trader_detail.xlsx]文件。
Sun, 15 Jul 2018 20:30:00 main.py[line:481] INFO 开始计算交易员收入。
Sun, 15 Jul 2018 20:30:00 main.py[line:609] INFO 成功输出系统盈亏到[委托信息2018070602_system.xlsx]文件。
Sun, 15 Jul 2018 20:30:00 main.py[line:611] INFO 成功输出交易员盈亏到[委托信息2018070602_trader.xlsx]文件。
Sun, 15 Jul 2018 20:30:00 main.py[line:614] INFO 成功输出隔夜仓到[委托信息2018070602_legacy.xlsx]文件。
Sun, 15 Jul 2018 20:30:00 main.py[line:616] INFO 成功输出零头股到[委托信息2018070602_pieces.xlsx]文件。
Sun, 15 Jul 2018 20:30:00 main.py[line:618] INFO 成功输出详情到[委托信息2018070602_detail.xlsx]文件。
Sun, 15 Jul 2018 20:30:56 main.py[line:544] INFO 结算程序[2.3.2]开始执行。
Sun, 15 Jul 2018 20:30:56 main.py[line:565] WARNING 隔夜仓文件[]没有找到！
Sun, 15 Jul 2018 20:30:56 main.py[line:568] WARNING 零头股文件[]没有找到！
Sun, 15 Jul 2018 20:30:56 main.py[line:119] WARNING 编号为[400039, 400062, 400065, 400041, 400066, 400040]交易员的成交记录被忽视！
Sun, 15 Jul 2018 20:30:56 main.py[line:400] INFO 开始计算手续费和印花税。
Sun, 15 Jul 2018 20:30:56 main.py[line:409] INFO 输出详细的手续费记录到[log/2018-07-06_tax_detail.xls]文件。
Sun, 15 Jul 2018 20:30:56 main.py[line:411] INFO 计算手续费和印花税结束。
Sun, 15 Jul 2018 20:30:56 main.py[line:594] INFO 从行情文件[A股行情20180522.xls]中获取收盘价。
Sun, 15 Jul 2018 20:30:56 main.py[line:157] DEBUG close_price: {}
Sun, 15 Jul 2018 20:30:56 main.py[line:158] INFO 所有股票收盘价获取结束。
Sun, 15 Jul 2018 20:30:56 main.py[line:414] INFO 开始计算系统收入。
Sun, 15 Jul 2018 20:30:56 main.py[line:442] INFO 输出系统详细记录到[log/2018-07-06_system_detail.xlsx]文件。
Sun, 15 Jul 2018 20:30:56 main.py[line:444] INFO 计算系统收入结束。
Sun, 15 Jul 2018 20:30:56 main.py[line:447] INFO 开始计算交易员收入。
Sun, 15 Jul 2018 20:30:56 main.py[line:479] INFO 输出交易员详细记录到[log/2018-07-06_trader_detail.xlsx]文件。
Sun, 15 Jul 2018 20:30:56 main.py[line:481] INFO 开始计算交易员收入。
Sun, 15 Jul 2018 20:30:56 main.py[line:609] INFO 成功输出系统盈亏到[委托信息2018070602_system.xlsx]文件。
Sun, 15 Jul 2018 20:30:56 main.py[line:611] INFO 成功输出交易员盈亏到[委托信息2018070602_trader.xlsx]文件。
Sun, 15 Jul 2018 20:30:56 main.py[line:614] INFO 成功输出隔夜仓到[委托信息2018070602_legacy.xlsx]文件。
Sun, 15 Jul 2018 20:30:56 main.py[line:616] INFO 成功输出零头股到[委托信息2018070602_pieces.xlsx]文件。
Sun, 15 Jul 2018 20:32:26 main.py[line:549] INFO 结算程序[2.3.2]开始执行。
Sun, 15 Jul 2018 20:32:26 main.py[line:570] WARNING 隔夜仓文件[]没有找到！
Sun, 15 Jul 2018 20:32:26 main.py[line:573] WARNING 零头股文件[]没有找到！
Sun, 15 Jul 2018 20:32:27 main.py[line:119] WARNING 编号为[400039, 400062, 400065, 400041, 400066, 400040]交易员的成交记录被忽视！
Sun, 15 Jul 2018 20:32:27 main.py[line:405] INFO 开始计算手续费和印花税。
Sun, 15 Jul 2018 20:32:27 main.py[line:414] INFO 输出详细的手续费记录到[log/2018-07-06_tax_detail.xls]文件。
Sun, 15 Jul 2018 20:32:27 main.py[line:416] INFO 计算手续费和印花税结束。
Sun, 15 Jul 2018 20:32:27 main.py[line:599] INFO 从行情文件[A股行情20180522.xls]中获取收盘价。
Sun, 15 Jul 2018 20:32:27 main.py[line:157] DEBUG close_price: {}
Sun, 15 Jul 2018 20:32:27 main.py[line:158] INFO 所有股票收盘价获取结束。
Sun, 15 Jul 2018 20:32:27 main.py[line:419] INFO 开始计算系统收入。
Sun, 15 Jul 2018 20:32:27 main.py[line:447] INFO 输出系统详细记录到[log/2018-07-06_system_detail.xlsx]文件。
Sun, 15 Jul 2018 20:32:27 main.py[line:449] INFO 计算系统收入结束。
Sun, 15 Jul 2018 20:32:27 main.py[line:452] INFO 开始计算交易员收入。
Sun, 15 Jul 2018 20:32:27 main.py[line:484] INFO 输出交易员详细记录到[log/2018-07-06_trader_detail.xlsx]文件。
Sun, 15 Jul 2018 20:32:27 main.py[line:486] INFO 开始计算交易员收入。
Sun, 15 Jul 2018 20:32:27 main.py[line:614] INFO 成功输出系统盈亏到[委托信息2018070602_system.xlsx]文件。
Sun, 15 Jul 2018 20:32:27 main.py[line:616] INFO 成功输出交易员盈亏到[委托信息2018070602_trader.xlsx]文件。
Sun, 15 Jul 2018 20:32:27 main.py[line:619] INFO 成功输出隔夜仓到[委托信息2018070602_legacy.xlsx]文件。
Sun, 15 Jul 2018 20:32:27 main.py[line:621] INFO 成功输出零头股到[委托信息2018070602_pieces.xlsx]文件。
Sun, 15 Jul 2018 20:32:41 main.py[line:549] INFO 结算程序[2.3.2]开始执行。
Sun, 15 Jul 2018 20:32:41 main.py[line:570] WARNING 隔夜仓文件[]没有找到！
Sun, 15 Jul 2018 20:32:41 main.py[line:573] WARNING 零头股文件[]没有找到！
Sun, 15 Jul 2018 20:32:41 main.py[line:119] WARNING 编号为[400039, 400062, 400065, 400041, 400066, 400040]交易员的成交记录被忽视！
Sun, 15 Jul 2018 20:32:41 main.py[line:405] INFO 开始计算手续费和印花税。
Sun, 15 Jul 2018 20:32:41 main.py[line:414] INFO 输出详细的手续费记录到[log/2018-07-06_tax_detail.xls]文件。
Sun, 15 Jul 2018 20:32:41 main.py[line:416] INFO 计算手续费和印花税结束。
Sun, 15 Jul 2018 20:32:41 main.py[line:599] INFO 从行情文件[A股行情20180522.xls]中获取收盘价。
Sun, 15 Jul 2018 20:32:41 main.py[line:157] DEBUG close_price: {}
Sun, 15 Jul 2018 20:32:41 main.py[line:158] INFO 所有股票收盘价获取结束。
Sun, 15 Jul 2018 20:32:41 main.py[line:419] INFO 开始计算系统收入。
Sun, 15 Jul 2018 20:32:41 main.py[line:447] INFO 输出系统详细记录到[log/2018-07-06_system_detail.xlsx]文件。
Sun, 15 Jul 2018 20:32:41 main.py[line:449] INFO 计算系统收入结束。
Sun, 15 Jul 2018 20:32:41 main.py[line:452] INFO 开始计算交易员收入。
Sun, 15 Jul 2018 20:32:41 main.py[line:484] INFO 输出交易员详细记录到[log/2018-07-06_trader_detail.xlsx]文件。
Sun, 15 Jul 2018 20:32:41 main.py[line:486] INFO 开始计算交易员收入。
Sun, 15 Jul 2018 20:32:41 main.py[line:614] INFO 成功输出系统盈亏到[委托信息2018070602_system.xlsx]文件。
Sun, 15 Jul 2018 20:32:41 main.py[line:616] INFO 成功输出交易员盈亏到[委托信息2018070602_trader.xlsx]文件。
Sun, 15 Jul 2018 20:32:41 main.py[line:619] INFO 成功输出隔夜仓到[委托信息2018070602_legacy.xlsx]文件。
Sun, 15 Jul 2018 20:32:42 main.py[line:621] INFO 成功输出零头股到[委托信息2018070602_pieces.xlsx]文件。
Sun, 15 Jul 2018 20:32:42 main.py[line:623] INFO 成功输出详情到[委托信息2018070602_detail.xlsx]文件。
Sun, 15 Jul 2018 20:34:29 main.py[line:549] INFO 结算程序[2.3.2]开始执行。
Sun, 15 Jul 2018 20:34:29 main.py[line:570] WARNING 隔夜仓文件[]没有找到！
Sun, 15 Jul 2018 20:34:29 main.py[line:573] WARNING 零头股文件[]没有找到！
Sun, 15 Jul 2018 20:35:15 main.py[line:549] INFO 结算程序[2.3.2]开始执行。
Sun, 15 Jul 2018 20:35:15 main.py[line:570] WARNING 隔夜仓文件[]没有找到！
Sun, 15 Jul 2018 20:35:15 main.py[line:573] WARNING 零头股文件[]没有找到！
Sun, 15 Jul 2018 20:35:15 main.py[line:119] WARNING 编号为[400007, 400002]交易员的成交记录被忽视！
Sun, 15 Jul 2018 20:35:15 main.py[line:405] INFO 开始计算手续费和印花税。
Sun, 15 Jul 2018 20:35:15 main.py[line:414] INFO 输出详细的手续费记录到[log/2018-07-09_tax_detail.xls]文件。
Sun, 15 Jul 2018 20:35:15 main.py[line:416] INFO 计算手续费和印花税结束。
Sun, 15 Jul 2018 20:35:15 main.py[line:599] INFO 从行情文件[A股行情20180522.xls]中获取收盘价。
Sun, 15 Jul 2018 20:35:16 main.py[line:157] DEBUG close_price: {}
Sun, 15 Jul 2018 20:35:16 main.py[line:158] INFO 所有股票收盘价获取结束。
Sun, 15 Jul 2018 20:35:16 main.py[line:419] INFO 开始计算系统收入。
Sun, 15 Jul 2018 20:35:16 main.py[line:447] INFO 输出系统详细记录到[log/2018-07-09_system_detail.xlsx]文件。
Sun, 15 Jul 2018 20:35:16 main.py[line:449] INFO 计算系统收入结束。
Sun, 15 Jul 2018 20:35:16 main.py[line:452] INFO 开始计算交易员收入。
Sun, 15 Jul 2018 20:35:16 main.py[line:484] INFO 输出交易员详细记录到[log/2018-07-09_trader_detail.xlsx]文件。
Sun, 15 Jul 2018 20:35:16 main.py[line:486] INFO 开始计算交易员收入。
Sun, 15 Jul 2018 20:35:16 main.py[line:614] INFO 成功输出系统盈亏到[委托信息2018070901_system.xlsx]文件。
Sun, 15 Jul 2018 20:35:16 main.py[line:616] INFO 成功输出交易员盈亏到[委托信息2018070901_trader.xlsx]文件。
Sun, 15 Jul 2018 20:35:16 main.py[line:619] INFO 成功输出隔夜仓到[委托信息2018070901_legacy.xlsx]文件。
Sun, 15 Jul 2018 20:35:17 main.py[line:621] INFO 成功输出零头股到[委托信息2018070901_pieces.xlsx]文件。
Sun, 15 Jul 2018 20:35:17 main.py[line:623] INFO 成功输出详情到[委托信息2018070901_detail.xlsx]文件。
Sun, 15 Jul 2018 20:36:29 main.py[line:549] INFO 结算程序[2.3.2]开始执行。
Sun, 15 Jul 2018 20:36:29 main.py[line:570] WARNING 隔夜仓文件[]没有找到！
Sun, 15 Jul 2018 20:36:29 main.py[line:573] WARNING 零头股文件[]没有找到！
Sun, 15 Jul 2018 20:36:29 main.py[line:119] WARNING 编号为[]交易员的成交记录被忽视！
Sun, 15 Jul 2018 20:36:29 main.py[line:405] INFO 开始计算手续费和印花税。
Sun, 15 Jul 2018 20:36:30 main.py[line:414] INFO 输出详细的手续费记录到[log/2018-07-09_tax_detail.xls]文件。
Sun, 15 Jul 2018 20:36:30 main.py[line:416] INFO 计算手续费和印花税结束。
Sun, 15 Jul 2018 20:36:30 main.py[line:599] INFO 从行情文件[A股行情20180522.xls]中获取收盘价。
Sun, 15 Jul 2018 20:36:30 main.py[line:156] INFO [001/007] 股票代码：[600176|中国巨石] 收盘价：[13.16]
Sun, 15 Jul 2018 20:36:30 main.py[line:156] INFO [002/007] 股票代码：[600487|亨通光电] 收盘价：[36.35]
Sun, 15 Jul 2018 20:36:30 main.py[line:156] INFO [003/007] 股票代码：[600970|中材国际] 收盘价：[8.48]
Sun, 15 Jul 2018 20:36:30 main.py[line:156] INFO [004/007] 股票代码：[601012|隆基股份] 收盘价：[38.18]
Sun, 15 Jul 2018 20:36:30 main.py[line:156] INFO [005/007] 股票代码：[601233|桐昆股份] 收盘价：[19.76]
Sun, 15 Jul 2018 20:36:30 main.py[line:156] INFO [006/007] 股票代码：[000830|鲁西化工] 收盘价：[21.49]
Sun, 15 Jul 2018 20:36:30 main.py[line:156] INFO [007/007] 股票代码：[002343|慈文传媒] 收盘价：[33.26]
Sun, 15 Jul 2018 20:36:30 main.py[line:157] DEBUG close_price: {'600176': 13.16, '600487': 36.35, '600970': 8.48, '601012': 38.18, '601233': 19.76, '000830': 21.49, '002343': 33.26}
Sun, 15 Jul 2018 20:36:30 main.py[line:158] INFO 所有股票收盘价获取结束。
Sun, 15 Jul 2018 20:36:30 main.py[line:419] INFO 开始计算系统收入。
Sun, 15 Jul 2018 20:36:30 main.py[line:447] INFO 输出系统详细记录到[log/2018-07-09_system_detail.xlsx]文件。
Sun, 15 Jul 2018 20:36:30 main.py[line:449] INFO 计算系统收入结束。
Sun, 15 Jul 2018 20:36:30 main.py[line:452] INFO 开始计算交易员收入。
Sun, 15 Jul 2018 20:36:30 main.py[line:484] INFO 输出交易员详细记录到[log/2018-07-09_trader_detail.xlsx]文件。
Sun, 15 Jul 2018 20:36:30 main.py[line:486] INFO 开始计算交易员收入。
Sun, 15 Jul 2018 20:36:30 main.py[line:614] INFO 成功输出系统盈亏到[委托信息2018070901_system.xlsx]文件。
Sun, 15 Jul 2018 20:36:30 main.py[line:616] INFO 成功输出交易员盈亏到[委托信息2018070901_trader.xlsx]文件。
Sun, 15 Jul 2018 20:36:30 main.py[line:619] INFO 成功输出隔夜仓到[委托信息2018070901_legacy.xlsx]文件。
Sun, 15 Jul 2018 20:36:31 main.py[line:621] INFO 成功输出零头股到[委托信息2018070901_pieces.xlsx]文件。
Sun, 15 Jul 2018 20:36:31 main.py[line:623] INFO 成功输出详情到[委托信息2018070901_detail.xlsx]文件。
