Wed, 20 Jun 2018 15:30:07 main.py[line:504] INFO 结算程序[2.3.1]开始执行。
Wed, 20 Jun 2018 15:30:07 main.py[line:524] WARNING 隔夜仓文件[]没有找到！
Wed, 20 Jun 2018 15:30:07 main.py[line:527] WARNING 零头股文件[]没有找到！
Wed, 20 Jun 2018 15:30:08 main.py[line:119] WARNING 编号为[400007]交易员的成交记录被忽视！
Wed, 20 Jun 2018 15:30:08 main.py[line:389] INFO 开始计算手续费和印花税。
Wed, 20 Jun 2018 15:30:08 main.py[line:398] INFO 输出详细的手续费记录到[log/2018-06-20_tax_detail.xls]文件。
Wed, 20 Jun 2018 15:30:09 main.py[line:400] INFO 计算手续费和印花税结束。
Wed, 20 Jun 2018 15:30:09 main.py[line:556] INFO 行情文件[]未找到，尝试从网络获取。
Wed, 20 Jun 2018 15:30:09 main.py[line:162] INFO 获取股票的收盘价。
Wed, 20 Jun 2018 15:30:36 main.py[line:191] INFO 今日收盘价：14.79
Wed, 20 Jun 2018 15:30:36 main.py[line:225] INFO [000/025] 股票代码：[601688] 收盘价：[14.79]
Wed, 20 Jun 2018 15:30:36 main.py[line:191] INFO 今日收盘价：35.18
Wed, 20 Jun 2018 15:30:36 main.py[line:225] INFO [001/025] 股票代码：[601601] 收盘价：[35.18]
Wed, 20 Jun 2018 15:30:36 main.py[line:191] INFO 今日收盘价：46.18
Wed, 20 Jun 2018 15:30:36 main.py[line:225] INFO [002/025] 股票代码：[601336] 收盘价：[46.18]
Wed, 20 Jun 2018 15:30:36 main.py[line:191] INFO 今日收盘价：61.85
Wed, 20 Jun 2018 15:30:36 main.py[line:225] INFO [003/025] 股票代码：[601318] 收盘价：[61.85]
Wed, 20 Jun 2018 15:30:36 main.py[line:191] INFO 今日收盘价：16.21
Wed, 20 Jun 2018 15:30:36 main.py[line:225] INFO [004/025] 股票代码：[601233] 收盘价：[16.21]
Wed, 20 Jun 2018 15:30:36 main.py[line:191] INFO 今日收盘价：11.41
Wed, 20 Jun 2018 15:30:36 main.py[line:225] INFO [005/025] 股票代码：[601111] 收盘价：[11.41]
Wed, 20 Jun 2018 15:30:36 main.py[line:191] INFO 今日收盘价：16.06
Wed, 20 Jun 2018 15:30:36 main.py[line:225] INFO [006/025] 股票代码：[601012] 收盘价：[16.06]
Wed, 20 Jun 2018 15:30:36 main.py[line:191] INFO 今日收盘价：5.16
Wed, 20 Jun 2018 15:30:36 main.py[line:225] INFO [007/025] 股票代码：[600704] 收盘价：[5.16]
Wed, 20 Jun 2018 15:30:36 main.py[line:191] INFO 今日收盘价：26.36
Wed, 20 Jun 2018 15:30:36 main.py[line:225] INFO [008/025] 股票代码：[600660] 收盘价：[26.36]
Wed, 20 Jun 2018 15:30:36 main.py[line:191] INFO 今日收盘价：34.56
Wed, 20 Jun 2018 15:30:36 main.py[line:225] INFO [009/025] 股票代码：[600585] 收盘价：[34.56]
Wed, 20 Jun 2018 15:30:36 main.py[line:191] INFO 今日收盘价：3.77
Wed, 20 Jun 2018 15:30:36 main.py[line:225] INFO [010/025] 股票代码：[600567] 收盘价：[3.77]
Wed, 20 Jun 2018 15:30:36 main.py[line:191] INFO 今日收盘价：30.37
Wed, 20 Jun 2018 15:30:36 main.py[line:225] INFO [011/025] 股票代码：[600487] 收盘价：[30.37]
Wed, 20 Jun 2018 15:30:36 main.py[line:191] INFO 今日收盘价：6.65
Wed, 20 Jun 2018 15:30:36 main.py[line:225] INFO [012/025] 股票代码：[600438] 收盘价：[6.65]
Wed, 20 Jun 2018 15:30:36 main.py[line:191] INFO 今日收盘价：11.06
Wed, 20 Jun 2018 15:30:36 main.py[line:225] INFO [013/025] 股票代码：[600176] 收盘价：[11.06]
Wed, 20 Jun 2018 15:30:36 main.py[line:191] INFO 今日收盘价：17.08
Wed, 20 Jun 2018 15:30:36 main.py[line:225] INFO [014/025] 股票代码：[600030] 收盘价：[17.08]
Wed, 20 Jun 2018 15:30:36 main.py[line:191] INFO 今日收盘价：10.52
Wed, 20 Jun 2018 15:30:36 main.py[line:225] INFO [015/025] 股票代码：[600029] 收盘价：[10.52]
Wed, 20 Jun 2018 15:30:36 main.py[line:191] INFO 今日收盘价：15.8
Wed, 20 Jun 2018 15:30:36 main.py[line:225] INFO [016/025] 股票代码：[300597] 收盘价：[15.8]
Wed, 20 Jun 2018 15:30:36 main.py[line:191] INFO 今日收盘价：19.73
Wed, 20 Jun 2018 15:30:36 main.py[line:225] INFO [017/025] 股票代码：[300433] 收盘价：[19.73]
Wed, 20 Jun 2018 15:30:36 main.py[line:191] INFO 今日收盘价：6.4
Wed, 20 Jun 2018 15:30:36 main.py[line:225] INFO [018/025] 股票代码：[300228] 收盘价：[6.4]
Wed, 20 Jun 2018 15:30:36 main.py[line:191] INFO 今日收盘价：17.39
Wed, 20 Jun 2018 15:30:36 main.py[line:225] INFO [019/025] 股票代码：[002456] 收盘价：[17.39]
Wed, 20 Jun 2018 15:30:36 main.py[line:191] INFO 今日收盘价：6.64
Wed, 20 Jun 2018 15:30:36 main.py[line:225] INFO [020/025] 股票代码：[002285] 收盘价：[6.64]
Wed, 20 Jun 2018 15:30:36 main.py[line:191] INFO 今日收盘价：17.02
Wed, 20 Jun 2018 15:30:36 main.py[line:225] INFO [021/025] 股票代码：[000830] 收盘价：[17.02]
Wed, 20 Jun 2018 15:30:36 main.py[line:191] INFO 今日收盘价：47.88
Wed, 20 Jun 2018 15:30:36 main.py[line:225] INFO [022/025] 股票代码：[000651] 收盘价：[47.88]
Wed, 20 Jun 2018 15:30:36 main.py[line:191] INFO 今日收盘价：14.49
Wed, 20 Jun 2018 15:30:36 main.py[line:225] INFO [023/025] 股票代码：[000050] 收盘价：[14.49]
Wed, 20 Jun 2018 15:30:36 main.py[line:191] INFO 今日收盘价：26.96
Wed, 20 Jun 2018 15:30:36 main.py[line:225] INFO [024/025] 股票代码：[000002] 收盘价：[26.96]
Wed, 20 Jun 2018 15:30:36 main.py[line:226] DEBUG close_price: {'601688': 14.789999999999999, '601601': 35.18, '601336': 46.18, '601318': 61.850000000000001, '601233': 16.210000000000001, '601111': 11.41, '601012': 16.059999999999999, '600704': 5.1600000000000001, '600660': 26.359999999999999, '600585': 34.560000000000002, '600567': 3.77, '600487': 30.370000000000001, '600438': 6.6500000000000004, '600176': 11.06, '600030': 17.079999999999998, '600029': 10.52, '300597': 15.800000000000001, '300433': 19.73, '300228': 6.4000000000000004, '002456': 17.390000000000001, '002285': 6.6399999999999997, '000830': 17.02, '000651': 47.880000000000003, '000050': 14.49, '000002': 26.960000000000001}
Wed, 20 Jun 2018 15:30:36 main.py[line:227] INFO 所有股票收盘价获取结束。
Wed, 20 Jun 2018 15:30:36 main.py[line:403] INFO 开始计算系统收入。
Wed, 20 Jun 2018 15:30:37 main.py[line:431] INFO 输出系统详细记录到[log/2018-06-20_system_detail.xlsx]文件。
Wed, 20 Jun 2018 15:30:37 main.py[line:433] INFO 计算系统收入结束。
Wed, 20 Jun 2018 15:30:37 main.py[line:436] INFO 开始计算交易员收入。
Wed, 20 Jun 2018 15:30:37 main.py[line:468] INFO 输出交易员详细记录到[log/2018-06-20_trader_detail.xlsx]文件。
Wed, 20 Jun 2018 15:30:38 main.py[line:470] INFO 开始计算交易员收入。
Wed, 20 Jun 2018 15:30:38 main.py[line:563] INFO 成功输出系统盈亏到[委托信息2018062001_system.xlsx]文件。
Wed, 20 Jun 2018 15:30:38 main.py[line:565] INFO 成功输出交易员盈亏到[委托信息2018062001_trader.xlsx]文件。
Wed, 20 Jun 2018 15:30:39 main.py[line:568] INFO 成功输出隔夜仓到[委托信息2018062001_legacy.xlsx]文件。
Wed, 20 Jun 2018 15:30:39 main.py[line:570] INFO 成功输出零头股到[委托信息2018062001_pieces.xlsx]文件。
