Wed, 20 Jun 2018 06:26:31 main.py[line:504] INFO 结算程序[2.3.1]开始执行。
Wed, 20 Jun 2018 06:26:31 main.py[line:524] WARNING 隔夜仓文件[]没有找到！
Wed, 20 Jun 2018 06:26:31 main.py[line:527] WARNING 零头股文件[]没有找到！
Wed, 20 Jun 2018 06:26:32 main.py[line:533] ERROR 头转换文件[conf/HeadConvert.xls]没有找到！
Wed, 20 Jun 2018 06:27:17 main.py[line:504] INFO 结算程序[2.3.1]开始执行。
Wed, 20 Jun 2018 06:27:17 main.py[line:524] WARNING 隔夜仓文件[]没有找到！
Wed, 20 Jun 2018 06:27:17 main.py[line:527] WARNING 零头股文件[]没有找到！
Wed, 20 Jun 2018 06:27:18 main.py[line:533] ERROR 头转换文件[conf/HeadConvert.xls]没有找到！
Wed, 20 Jun 2018 06:30:01 main.py[line:504] INFO 结算程序[2.3.1]开始执行。
Wed, 20 Jun 2018 06:30:01 main.py[line:524] WARNING 隔夜仓文件[]没有找到！
Wed, 20 Jun 2018 06:30:01 main.py[line:527] WARNING 零头股文件[]没有找到！
Wed, 20 Jun 2018 06:30:01 main.py[line:119] WARNING 编号为[400007]交易员的成交记录被忽视！
Wed, 20 Jun 2018 06:30:01 main.py[line:389] INFO 开始计算手续费和印花税。
Wed, 20 Jun 2018 06:30:01 main.py[line:398] INFO 输出详细的手续费记录到[log/2018-05-21_tax_detail.xls]文件。
Wed, 20 Jun 2018 06:30:02 main.py[line:400] INFO 计算手续费和印花税结束。
Wed, 20 Jun 2018 06:30:02 main.py[line:553] INFO 从行情文件[A股行情20180522.xls]中获取收盘价。
Wed, 20 Jun 2018 06:30:02 main.py[line:156] INFO [001/022] 股票代码：[600048|保利地产] 收盘价：[13.2]
Wed, 20 Jun 2018 06:30:02 main.py[line:156] INFO [002/022] 股票代码：[600176|中国巨石] 收盘价：[13.16]
Wed, 20 Jun 2018 06:30:02 main.py[line:156] INFO [003/022] 股票代码：[600297|广汇汽车] 收盘价：[7.44]
Wed, 20 Jun 2018 06:30:02 main.py[line:156] INFO [004/022] 股票代码：[600338|西藏珠峰] 收盘价：[28.65]
Wed, 20 Jun 2018 06:30:02 main.py[line:156] INFO [005/022] 股票代码：[600487|亨通光电] 收盘价：[36.35]
Wed, 20 Jun 2018 06:30:02 main.py[line:156] INFO [006/022] 股票代码：[600585|海螺水泥] 收盘价：[35.51]
Wed, 20 Jun 2018 06:30:02 main.py[line:156] INFO [007/022] 股票代码：[600660|福耀玻璃] 收盘价：[25.65]
Wed, 20 Jun 2018 06:30:02 main.py[line:156] INFO [008/022] 股票代码：[600741|华域汽车] 收盘价：[25.2]
Wed, 20 Jun 2018 06:30:02 main.py[line:156] INFO [009/022] 股票代码：[600887|伊利股份] 收盘价：[27.28]
Wed, 20 Jun 2018 06:30:02 main.py[line:156] INFO [010/022] 股票代码：[601155|新城控股] 收盘价：[30.46]
Wed, 20 Jun 2018 06:30:02 main.py[line:156] INFO [011/022] 股票代码：[601601|中国太保] 收盘价：[34.38]
Wed, 20 Jun 2018 06:30:02 main.py[line:156] INFO [012/022] 股票代码：[601688|华泰证券] 收盘价：[17.94]
Wed, 20 Jun 2018 06:30:02 main.py[line:156] INFO [013/022] 股票代码：[601699|潞安环能] 收盘价：[10.71]
Wed, 20 Jun 2018 06:30:02 main.py[line:156] INFO [014/022] 股票代码：[000050|深天马Ａ] 收盘价：[17.29]
Wed, 20 Jun 2018 06:30:02 main.py[line:156] INFO [015/022] 股票代码：[000830|鲁西化工] 收盘价：[21.49]
Wed, 20 Jun 2018 06:30:02 main.py[line:156] INFO [016/022] 股票代码：[000858|五 粮 液] 收盘价：[77.65]
Wed, 20 Jun 2018 06:30:02 main.py[line:156] INFO [017/022] 股票代码：[002285|世联行] 收盘价：[8.3]
Wed, 20 Jun 2018 06:30:02 main.py[line:156] INFO [018/022] 股票代码：[002304|洋河股份] 收盘价：[129.32]
Wed, 20 Jun 2018 06:30:02 main.py[line:156] INFO [019/022] 股票代码：[002343|慈文传媒] 收盘价：[33.26]
Wed, 20 Jun 2018 06:30:02 main.py[line:156] INFO [020/022] 股票代码：[002456|欧菲科技] 收盘价：[19.63]
Wed, 20 Jun 2018 06:30:02 main.py[line:156] INFO [021/022] 股票代码：[002508|老板电器] 收盘价：[36.23]
Wed, 20 Jun 2018 06:30:02 main.py[line:156] INFO [022/022] 股票代码：[300433|蓝思科技] 收盘价：[22.85]
Wed, 20 Jun 2018 06:30:02 main.py[line:157] DEBUG close_price: {'600048': 13.2, '600176': 13.16, '600297': 7.44, '600338': 28.65, '600487': 36.35, '600585': 35.51, '600660': 25.65, '600741': 25.2, '600887': 27.28, '601155': 30.46, '601601': 34.38, '601688': 17.94, '601699': 10.71, '000050': 17.29, '000830': 21.49, '000858': 77.65, '002285': 8.3, '002304': 129.32, '002343': 33.26, '002456': 19.63, '002508': 36.23, '300433': 22.85}
Wed, 20 Jun 2018 06:30:02 main.py[line:158] INFO 所有股票收盘价获取结束。
Wed, 20 Jun 2018 06:30:02 main.py[line:403] INFO 开始计算系统收入。
Wed, 20 Jun 2018 06:30:02 main.py[line:431] INFO 输出系统详细记录到[log/2018-05-21_system_detail.xlsx]文件。
Wed, 20 Jun 2018 06:30:02 main.py[line:433] INFO 计算系统收入结束。
Wed, 20 Jun 2018 06:30:02 main.py[line:436] INFO 开始计算交易员收入。
Wed, 20 Jun 2018 06:30:02 main.py[line:468] INFO 输出交易员详细记录到[log/2018-05-21_trader_detail.xlsx]文件。
Wed, 20 Jun 2018 06:30:03 main.py[line:470] INFO 开始计算交易员收入。
Wed, 20 Jun 2018 06:30:03 main.py[line:563] INFO 成功输出系统盈亏到[委托信息2018052101_system.xlsx]文件。
Wed, 20 Jun 2018 06:30:03 main.py[line:565] INFO 成功输出交易员盈亏到[委托信息2018052101_trader.xlsx]文件。
Wed, 20 Jun 2018 06:30:03 main.py[line:568] INFO 成功输出隔夜仓到[委托信息2018052101_legacy.xlsx]文件。
Wed, 20 Jun 2018 06:30:03 main.py[line:570] INFO 成功输出零头股到[委托信息2018052101_pieces.xlsx]文件。
Wed, 20 Jun 2018 06:30:04 main.py[line:572] INFO 成功输出详情到[委托信息2018052101_detail.xlsx]文件。
