Sun, 16 Jul 2017 16:23:35 riskmanage.py[line:471] INFO df size before reassembe: 4466
Sun, 16 Jul 2017 16:23:35 riskmanage.py[line:473] INFO df size after reassembe: 4461
Sun, 16 Jul 2017 16:32:23 riskmanage.py[line:480] INFO df size before reassembe: 4466
Sun, 16 Jul 2017 16:32:23 riskmanage.py[line:482] INFO df size after reassembe: 4458
Sun, 16 Jul 2017 16:32:55 riskmanage.py[line:478] INFO df size before reassembe: 4466
Sun, 16 Jul 2017 16:32:55 riskmanage.py[line:480] INFO df size after reassembe: 4458
Sun, 16 Jul 2017 16:40:59 riskmanage.py[line:477] INFO df size before reassembe: 4466
Sun, 16 Jul 2017 16:40:59 riskmanage.py[line:479] INFO df size after reassembe: 4461
Sun, 16 Jul 2017 16:41:15 riskmanage.py[line:478] INFO df size before reassembe: 4466
Sun, 16 Jul 2017 16:41:15 riskmanage.py[line:480] INFO df size after reassembe: 4461
Sun, 16 Jul 2017 16:48:04 riskmanage.py[line:479] INFO df size before reassembe: 4466
Sun, 16 Jul 2017 16:48:04 riskmanage.py[line:481] INFO df size after reassembe: 4461
Sun, 16 Jul 2017 16:48:17 riskmanage.py[line:477] INFO df size before reassembe: 4466
Sun, 16 Jul 2017 16:48:17 riskmanage.py[line:479] INFO df size after reassembe: 4458
Sun, 16 Jul 2017 16:49:26 riskmanage.py[line:477] INFO df size before reassembe: 4466
Sun, 16 Jul 2017 16:49:26 riskmanage.py[line:479] INFO df size after reassembe: 4458
Sun, 16 Jul 2017 16:49:48 riskmanage.py[line:477] INFO df size before reassembe: 4466
Sun, 16 Jul 2017 16:49:48 riskmanage.py[line:479] INFO df size after reassembe: 4458
Sun, 16 Jul 2017 16:51:16 riskmanage.py[line:478] INFO df size before reassembe: 4466
Sun, 16 Jul 2017 16:51:16 riskmanage.py[line:482] INFO df size after reassembe: 4458
Sun, 16 Jul 2017 16:51:43 riskmanage.py[line:478] INFO df size before reassembe: 4466
Sun, 16 Jul 2017 16:51:43 riskmanage.py[line:482] INFO df size after reassembe: 4458
Sun, 16 Jul 2017 16:51:50 riskmanage.py[line:478] INFO df size before reassembe: 4466
Sun, 16 Jul 2017 16:51:50 riskmanage.py[line:482] INFO df size after reassembe: 3864
Sun, 16 Jul 2017 16:52:01 riskmanage.py[line:478] INFO df size before reassembe: 4466
Sun, 16 Jul 2017 16:52:01 riskmanage.py[line:482] INFO df size after reassembe: 4458
Sun, 16 Jul 2017 16:54:55 riskmanage.py[line:478] INFO df size before reassembe: 4466
Sun, 16 Jul 2017 16:54:55 riskmanage.py[line:482] INFO df size after reassembe: 4458
Sun, 16 Jul 2017 16:55:25 riskmanage.py[line:478] INFO df size before reassembe: 4466
Sun, 16 Jul 2017 16:55:25 riskmanage.py[line:482] INFO df size after reassembe: 4458
Sun, 16 Jul 2017 16:57:54 riskmanage.py[line:478] INFO df size before reassembe: 4466
Sun, 16 Jul 2017 16:57:54 riskmanage.py[line:482] INFO df size after reassembe: 4458
Sun, 16 Jul 2017 16:58:44 riskmanage.py[line:478] INFO df size before reassembe: 4466
Sun, 16 Jul 2017 16:58:44 riskmanage.py[line:482] INFO df size after reassembe: 4458
Sun, 16 Jul 2017 16:58:52 riskmanage.py[line:478] INFO df size before reassembe: 4466
Sun, 16 Jul 2017 16:58:52 riskmanage.py[line:482] INFO df size after reassembe: 4458
Sun, 16 Jul 2017 16:59:10 riskmanage.py[line:478] INFO df size before reassembe: 4466
Sun, 16 Jul 2017 16:59:10 riskmanage.py[line:482] INFO df size after reassembe: 4458
Sun, 16 Jul 2017 17:00:10 riskmanage.py[line:478] INFO df size before reassembe: 4466
Sun, 16 Jul 2017 17:00:10 riskmanage.py[line:482] INFO df size after reassembe: 4458
Sun, 16 Jul 2017 17:00:16 riskmanage.py[line:478] INFO df size before reassembe: 4466
Sun, 16 Jul 2017 17:00:16 riskmanage.py[line:482] INFO df size after reassembe: 4458
Sun, 16 Jul 2017 17:01:52 riskmanage.py[line:478] INFO df size before reassembe: 4466
Sun, 16 Jul 2017 17:01:52 riskmanage.py[line:482] INFO df size after reassembe: 4458
Sun, 16 Jul 2017 17:02:54 riskmanage.py[line:478] INFO df size before reassembe: 4466
Sun, 16 Jul 2017 17:02:54 riskmanage.py[line:482] INFO df size after reassembe: 4458
Sun, 16 Jul 2017 17:03:26 riskmanage.py[line:478] INFO df size before reassembe: 4466
Sun, 16 Jul 2017 17:03:26 riskmanage.py[line:482] INFO df size after reassembe: 4458
Sun, 16 Jul 2017 17:03:33 riskmanage.py[line:478] INFO df size before reassembe: 4466
Sun, 16 Jul 2017 17:03:33 riskmanage.py[line:482] INFO df size after reassembe: 4458
Sun, 16 Jul 2017 17:03:51 riskmanage.py[line:477] INFO df size before reassembe: 4466
Sun, 16 Jul 2017 17:03:51 riskmanage.py[line:481] INFO df size after reassembe: 4458
Sun, 16 Jul 2017 17:10:02 riskmanage.py[line:477] INFO df size before reassembe: 4466
Sun, 16 Jul 2017 17:10:02 riskmanage.py[line:481] INFO df size after reassembe: 4458
Sun, 16 Jul 2017 17:10:10 riskmanage.py[line:477] INFO df size before reassembe: 4466
Sun, 16 Jul 2017 17:10:10 riskmanage.py[line:481] INFO df size after reassembe: 4458
Sun, 16 Jul 2017 17:13:02 riskmanage.py[line:477] INFO df size before reassembe: 4466
Sun, 16 Jul 2017 17:13:02 riskmanage.py[line:481] INFO df size after reassembe: 4458
Sun, 16 Jul 2017 17:13:42 riskmanage.py[line:477] INFO df size before reassembe: 4466
Sun, 16 Jul 2017 17:13:42 riskmanage.py[line:481] INFO df size after reassembe: 4458
Sun, 16 Jul 2017 17:14:20 riskmanage.py[line:477] INFO df size before reassembe: 4466
Sun, 16 Jul 2017 17:14:20 riskmanage.py[line:481] INFO df size after reassembe: 4458
Sun, 16 Jul 2017 17:15:07 riskmanage.py[line:477] INFO df size before reassembe: 4466
Sun, 16 Jul 2017 17:15:07 riskmanage.py[line:481] INFO df size after reassembe: 4458
Sun, 16 Jul 2017 17:17:04 riskmanage.py[line:477] INFO df size before reassembe: 4466
Sun, 16 Jul 2017 17:17:04 riskmanage.py[line:481] INFO df size after reassembe: 4458
Sun, 16 Jul 2017 17:17:52 riskmanage.py[line:479] INFO df size before reassembe: 4466
Sun, 16 Jul 2017 17:17:52 riskmanage.py[line:483] INFO df size after reassembe: 4458
Sun, 16 Jul 2017 17:18:42 riskmanage.py[line:479] INFO df size before reassembe: 4466
Sun, 16 Jul 2017 17:18:42 riskmanage.py[line:481] INFO df size after reassembe: 4458
Sun, 16 Jul 2017 17:19:00 riskmanage.py[line:477] INFO df size before reassembe: 4466
Sun, 16 Jul 2017 17:19:00 riskmanage.py[line:479] INFO df size after reassembe: 4458
Sun, 16 Jul 2017 17:19:19 riskmanage.py[line:477] INFO df size before reassembe: 4466
Sun, 16 Jul 2017 17:19:19 riskmanage.py[line:479] INFO df size after reassembe: 4458
Sun, 16 Jul 2017 17:23:36 server.py[line:98] INFO Waiting for connection.
Sun, 16 Jul 2017 17:23:41 server.py[line:75] INFO Data Recieved.
Sun, 16 Jul 2017 17:23:45 server.py[line:75] INFO Data Recieved.
Sun, 16 Jul 2017 17:23:49 server.py[line:75] INFO Data Recieved.
Sun, 16 Jul 2017 17:23:53 server.py[line:75] INFO Data Recieved.
Sun, 16 Jul 2017 17:23:57 server.py[line:75] INFO Data Recieved.
Sun, 16 Jul 2017 17:24:01 server.py[line:75] INFO Data Recieved.
Sun, 16 Jul 2017 17:24:06 server.py[line:75] INFO Data Recieved.
Sun, 16 Jul 2017 17:24:41 server.py[line:98] INFO Waiting for connection.
Sun, 16 Jul 2017 17:24:45 server.py[line:75] INFO Data Recieved.
Sun, 16 Jul 2017 17:24:47 server.py[line:102] INFO New Connection Address is ('127.0.0.1', 13674)
Sun, 16 Jul 2017 17:24:47 server.py[line:98] INFO Waiting for connection.
Sun, 16 Jul 2017 17:24:49 server.py[line:75] INFO Data Recieved.
Sun, 16 Jul 2017 17:24:52 server.py[line:145] WARNING Error at handle_mew_conn
Sun, 16 Jul 2017 17:24:52 server.py[line:146] WARNING Address is ('127.0.0.1', 13674).
Sun, 16 Jul 2017 17:24:52 server.py[line:147] WARNING Traceback (most recent call last):
  File "src\server.py", line 117, in handle_new_conn
    data = conn.recv(1024)
  File "C:\Program Files\Anaconda3\lib\site-packages\gevent\_socket3.py", line 337, in recv
    self._wait(self._read_event)
  File "C:\Program Files\Anaconda3\lib\site-packages\gevent\_socket3.py", line 157, in _wait
    self.hub.wait(watcher)
  File "C:\Program Files\Anaconda3\lib\site-packages\gevent\hub.py", line 651, in wait
    result = waiter.get()
  File "C:\Program Files\Anaconda3\lib\site-packages\gevent\hub.py", line 899, in get
    return self.hub.switch()
  File "C:\Program Files\Anaconda3\lib\site-packages\gevent\hub.py", line 630, in switch
    return RawGreenlet.switch(self)
socket.timeout: timed out

Sun, 16 Jul 2017 17:24:54 server.py[line:75] INFO Data Recieved.
Sun, 16 Jul 2017 17:24:55 server.py[line:102] INFO New Connection Address is ('127.0.0.1', 13680)
Sun, 16 Jul 2017 17:24:55 server.py[line:98] INFO Waiting for connection.
Sun, 16 Jul 2017 17:24:58 server.py[line:75] INFO Data Recieved.
Sun, 16 Jul 2017 17:25:02 server.py[line:75] INFO Data Recieved.
Sun, 16 Jul 2017 17:25:06 server.py[line:75] INFO Data Recieved.
Sun, 16 Jul 2017 17:25:07 server.py[line:141] INFO Connection of ('127.0.0.1', 13680) Closed!
Sun, 16 Jul 2017 17:25:11 server.py[line:75] INFO Data Recieved.
Sun, 16 Jul 2017 17:27:09 server.py[line:24] INFO test
Sun, 16 Jul 2017 17:27:11 server.py[line:98] INFO Waiting for connection.
Sun, 16 Jul 2017 17:27:15 server.py[line:75] INFO Data Recieved.
Sun, 16 Jul 2017 17:27:50 server.py[line:96] INFO Waiting for connection.
Sun, 16 Jul 2017 17:27:54 server.py[line:73] INFO Data Recieved.
Sun, 16 Jul 2017 17:29:35 server.py[line:97] INFO Waiting for connection.
