[2017-07-01 15:35:51] Waiting for connection
[2017-07-01 15:35:55] Data Recieved
[2017-07-01 15:36:01] Data Recieved
[2017-07-01 15:36:01] New Connection Address is ('127.0.0.1', 2165)
[2017-07-01 15:36:01] Waiting for connection
[2017-07-01 15:36:06] Data Recieved
[2017-07-01 15:36:06] Error at handle_mew_conn
[2017-07-01 15:36:06] Address is ('127.0.0.1', 2165)
[2017-07-01 15:36:06] Traceback (most recent call last):
  File "server.py", line 97, in handle_new_conn
    data = conn.recv(1024)
  File "C:\Program Files\Anaconda3\lib\site-packages\gevent\_socket3.py", line 337, in recv
    self._wait(self._read_event)
  File "C:\Program Files\Anaconda3\lib\site-packages\gevent\_socket3.py", line 157, in _wait
    self.hub.wait(watcher)
  File "C:\Program Files\Anaconda3\lib\site-packages\gevent\hub.py", line 651, in wait
    result = waiter.get()
  File "C:\Program Files\Anaconda3\lib\site-packages\gevent\hub.py", line 899, in get
    return self.hub.switch()
  File "C:\Program Files\Anaconda3\lib\site-packages\gevent\hub.py", line 630, in switch
    return RawGreenlet.switch(self)
socket.timeout: timed out

[2017-07-01 15:36:10] Data Recieved
[2017-07-01 15:36:15] Data Recieved
[2017-07-01 15:36:16] New Connection Address is ('127.0.0.1', 2176)
[2017-07-01 15:36:16] Waiting for connection
[2017-07-01 15:36:20] Data Recieved
[2017-07-01 15:36:24] Data Recieved
[2017-07-01 15:36:29] Data Recieved
[2017-07-01 15:36:34] Data Recieved
[2017-07-01 15:36:38] Data Recieved
[2017-07-01 15:36:42] Data Recieved
[2017-07-01 15:36:47] Data Recieved
[2017-07-01 15:36:51] Data Recieved
[2017-07-01 15:36:56] Data Recieved
[2017-07-01 15:37:00] Data Recieved
[2017-07-01 15:37:05] Data Recieved
[2017-07-01 15:37:10] Data Recieved
[2017-07-01 15:37:14] Data Recieved
[2017-07-01 15:37:18] Data Recieved
[2017-07-01 15:37:23] Data Recieved
[2017-07-01 15:37:27] Data Recieved
[2017-07-01 15:37:33] Data Recieved
[2017-07-01 15:37:37] Data Recieved
[2017-07-01 15:37:42] Data Recieved
[2017-07-01 15:37:47] Data Recieved
[2017-07-01 15:37:51] Data Recieved
[2017-07-01 15:37:55] Data Recieved
[2017-07-01 15:38:00] Data Recieved
[2017-07-01 15:38:04] Data Recieved
[2017-07-01 15:38:09] Data Recieved
[2017-07-01 15:38:13] Data Recieved
[2017-07-01 15:38:18] Data Recieved
[2017-07-01 15:38:22] Data Recieved
[2017-07-01 15:38:27] Data Recieved
[2017-07-01 15:38:31] Data Recieved
[2017-07-01 15:38:36] Data Recieved
[2017-07-01 15:38:40] Data Recieved
[2017-07-01 15:38:45] Data Recieved
[2017-07-01 15:38:50] Data Recieved
[2017-07-01 15:38:54] Data Recieved
[2017-07-01 15:38:59] Data Recieved
[2017-07-01 15:39:03] Data Recieved
[2017-07-01 15:39:08] Data Recieved
[2017-07-01 15:39:12] Data Recieved
[2017-07-01 15:39:17] Data Recieved
[2017-07-01 15:39:21] Data Recieved
[2017-07-01 15:39:26] Data Recieved
[2017-07-01 15:39:31] Data Recieved
[2017-07-01 15:39:35] Data Recieved
[2017-07-01 15:39:40] Data Recieved
[2017-07-01 15:39:44] Data Recieved
[2017-07-01 15:39:49] Data Recieved
[2017-07-01 15:39:53] Data Recieved
[2017-07-01 15:39:58] Data Recieved
[2017-07-01 15:40:03] Data Recieved
[2017-07-01 15:40:07] Data Recieved
[2017-07-01 15:40:12] Data Recieved
[2017-07-01 15:40:17] Data Recieved
[2017-07-01 15:40:22] Data Recieved
[2017-07-01 15:40:26] Data Recieved
[2017-07-01 15:40:31] Data Recieved
[2017-07-01 15:40:36] Data Recieved
[2017-07-01 15:40:41] Data Recieved
[2017-07-01 15:40:46] Data Recieved
[2017-07-01 15:40:50] Data Recieved
[2017-07-01 15:40:55] Data Recieved
[2017-07-01 15:41:00] Data Recieved
[2017-07-01 15:41:04] Data Recieved
[2017-07-01 15:41:09] Data Recieved
[2017-07-01 15:41:13] Data Recieved
[2017-07-01 15:41:18] Data Recieved
[2017-07-01 15:41:23] Data Recieved
[2017-07-01 15:41:28] Data Recieved
[2017-07-01 15:41:33] Data Recieved
[2017-07-01 15:41:37] Data Recieved
[2017-07-01 15:41:42] Data Recieved
[2017-07-01 15:41:47] Data Recieved
[2017-07-01 15:41:52] Data Recieved
[2017-07-01 15:41:56] Data Recieved
[2017-07-01 15:42:01] Data Recieved
[2017-07-01 15:42:05] Data Recieved
[2017-07-01 15:42:10] Data Recieved
[2017-07-01 15:42:15] Data Recieved
[2017-07-01 15:42:19] Data Recieved
[2017-07-01 15:42:24] Data Recieved
[2017-07-01 15:42:29] Data Recieved
[2017-07-01 15:42:33] Data Recieved
[2017-07-01 15:42:37] Data Recieved
[2017-07-01 15:42:42] Data Recieved
[2017-07-01 15:42:47] Data Recieved
[2017-07-01 15:42:51] Data Recieved
[2017-07-01 15:42:56] Data Recieved
[2017-07-01 15:43:00] Data Recieved
[2017-07-01 15:43:05] Data Recieved
[2017-07-01 15:43:09] Data Recieved
[2017-07-01 15:43:14] Data Recieved
[2017-07-01 15:43:19] Data Recieved
[2017-07-01 15:43:24] Data Recieved
[2017-07-01 15:43:28] Data Recieved
[2017-07-01 15:43:33] Data Recieved
[2017-07-01 15:43:38] Data Recieved
[2017-07-01 15:43:43] Data Recieved
[2017-07-01 15:43:47] Data Recieved
[2017-07-01 15:43:52] Data Recieved
[2017-07-01 15:43:57] Data Recieved
[2017-07-01 15:44:01] Data Recieved
[2017-07-01 15:44:06] Data Recieved
[2017-07-01 15:44:11] Data Recieved
[2017-07-01 15:44:15] Data Recieved
[2017-07-01 15:44:20] Data Recieved
[2017-07-01 15:44:24] Data Recieved
[2017-07-01 15:44:29] Data Recieved
[2017-07-01 15:44:34] Data Recieved
[2017-07-01 15:44:38] Data Recieved
[2017-07-01 15:44:43] Data Recieved
[2017-07-01 15:44:47] Data Recieved
[2017-07-01 15:44:52] Data Recieved
[2017-07-01 15:44:56] Data Recieved
[2017-07-01 15:45:01] Data Recieved
[2017-07-01 15:45:06] Data Recieved
[2017-07-01 15:45:10] Data Recieved
[2017-07-01 15:45:15] Data Recieved
[2017-07-01 15:45:19] Data Recieved
[2017-07-01 15:45:24] Data Recieved
[2017-07-01 15:45:28] Data Recieved
[2017-07-01 15:45:33] Data Recieved
[2017-07-01 15:45:37] Data Recieved
[2017-07-01 15:45:42] Data Recieved
[2017-07-01 15:45:47] Data Recieved
[2017-07-01 15:45:52] Data Recieved
[2017-07-01 15:45:57] Data Recieved
[2017-07-01 15:46:01] Data Recieved
[2017-07-01 15:46:06] Data Recieved
[2017-07-01 15:46:10] Data Recieved
[2017-07-01 15:46:15] Data Recieved
[2017-07-01 15:46:19] Data Recieved
[2017-07-01 15:46:24] Data Recieved
[2017-07-01 15:46:28] Data Recieved
[2017-07-01 15:46:33] Data Recieved
[2017-07-01 15:46:37] Data Recieved
[2017-07-01 15:46:42] Data Recieved
[2017-07-01 15:46:46] Data Recieved
[2017-07-01 15:46:51] Data Recieved
[2017-07-01 15:46:55] Data Recieved
[2017-07-01 15:47:00] Data Recieved
[2017-07-01 15:47:22] Waiting for connection
[2017-07-01 15:47:22] New Connection Address is ('127.0.0.1', 3184)
[2017-07-01 15:47:22] Waiting for connection
[2017-07-01 15:49:15] Waiting for connection
[2017-07-01 15:49:15] New Connection Address is ('127.0.0.1', 3298)
[2017-07-01 15:49:15] Waiting for connection
[2017-07-01 15:49:19] Data Recieved
[2017-07-01 15:49:24] Data Recieved
[2017-07-01 15:49:29] Data Recieved
[2017-07-01 15:49:33] Data Recieved
[2017-07-01 15:49:38] Data Recieved
[2017-07-01 15:49:42] Data Recieved
[2017-07-01 15:49:47] Data Recieved
[2017-07-01 15:49:51] Data Recieved
[2017-07-01 15:49:56] Data Recieved
[2017-07-01 15:50:00] Data Recieved
[2017-07-01 15:50:05] Data Recieved
[2017-07-01 15:50:09] Data Recieved
[2017-07-01 15:50:14] Data Recieved
[2017-07-01 15:50:18] Data Recieved
[2017-07-01 15:50:23] Data Recieved
[2017-07-01 15:50:28] Data Recieved
[2017-07-01 15:50:32] Data Recieved
[2017-07-01 15:50:37] Data Recieved
[2017-07-01 15:50:42] Data Recieved
[2017-07-01 15:50:46] Data Recieved
[2017-07-01 15:50:51] Data Recieved
[2017-07-01 15:50:55] Data Recieved
[2017-07-01 15:50:59] Data Recieved
[2017-07-01 15:51:04] Data Recieved
[2017-07-01 15:51:08] Data Recieved
[2017-07-01 15:51:13] Data Recieved
[2017-07-01 15:51:18] Data Recieved
[2017-07-01 15:51:22] Data Recieved
[2017-07-01 15:51:27] Data Recieved
[2017-07-01 15:51:32] Data Recieved
[2017-07-01 15:51:37] Data Recieved
[2017-07-01 15:51:42] Data Recieved
[2017-07-01 15:51:46] Data Recieved
[2017-07-01 15:51:51] Data Recieved
[2017-07-01 15:51:55] Data Recieved
[2017-07-01 15:52:00] Data Recieved
[2017-07-01 15:52:04] Data Recieved
[2017-07-01 15:52:09] Data Recieved
[2017-07-01 15:52:14] Data Recieved
[2017-07-01 15:52:18] Data Recieved
[2017-07-01 15:52:22] Data Recieved
[2017-07-01 15:52:27] Data Recieved
[2017-07-01 15:52:32] Data Recieved
[2017-07-01 15:52:36] Data Recieved
[2017-07-01 15:52:41] Data Recieved
[2017-07-01 15:52:45] Data Recieved
[2017-07-01 15:52:50] Data Recieved
[2017-07-01 15:52:54] Data Recieved
[2017-07-01 15:57:48] Waiting for connection
[2017-07-01 15:57:49] New Connection Address is ('127.0.0.1', 3953)
[2017-07-01 15:57:49] Waiting for connection
[2017-07-01 15:57:53] Data Recieved
[2017-07-01 15:57:58] Data Recieved
[2017-07-01 15:58:02] Data Recieved
[2017-07-01 15:58:06] Data Recieved
[2017-07-01 15:58:11] Data Recieved
[2017-07-01 15:58:16] Data Recieved
[2017-07-01 15:58:20] Data Recieved
[2017-07-01 15:58:25] Data Recieved
[2017-07-01 15:58:30] Data Recieved
[2017-07-01 15:58:34] Data Recieved
[2017-07-01 15:58:39] Data Recieved
[2017-07-01 15:58:43] Data Recieved
[2017-07-01 15:58:48] Data Recieved
[2017-07-01 15:58:52] Data Recieved
[2017-07-01 15:58:56] Data Recieved
[2017-07-01 15:59:01] Data Recieved
[2017-07-01 15:59:05] Data Recieved
[2017-07-01 15:59:10] Data Recieved
[2017-07-01 15:59:14] Data Recieved
[2017-07-01 15:59:19] Data Recieved
[2017-07-01 15:59:23] Data Recieved
[2017-07-01 15:59:28] Data Recieved
[2017-07-01 15:59:32] Data Recieved
[2017-07-01 15:59:37] Data Recieved
[2017-07-01 15:59:41] Data Recieved
[2017-07-01 15:59:46] Data Recieved
[2017-07-01 15:59:51] Data Recieved
[2017-07-01 15:59:55] Data Recieved
[2017-07-01 16:00:00] Data Recieved
[2017-07-01 16:00:05] Data Recieved
[2017-07-01 16:00:09] Data Recieved
[2017-07-01 16:00:14] Data Recieved
[2017-07-01 16:00:18] Data Recieved
[2017-07-01 16:00:22] Data Recieved
[2017-07-01 16:00:45] Waiting for connection
[2017-07-01 16:00:46] New Connection Address is ('127.0.0.1', 4094)
[2017-07-01 16:00:46] Waiting for connection
[2017-07-01 16:00:49] Data Recieved
[2017-07-01 16:00:54] Data Recieved
[2017-07-01 16:00:58] Data Recieved
[2017-07-01 16:01:03] Data Recieved
[2017-07-01 16:01:07] Data Recieved
[2017-07-01 16:01:12] Data Recieved
[2017-07-01 16:01:16] Data Recieved
[2017-07-01 16:01:21] Data Recieved
[2017-07-01 16:01:25] Data Recieved
[2017-07-01 16:01:30] Data Recieved
[2017-07-01 16:01:35] Data Recieved
[2017-07-01 16:01:40] Data Recieved
[2017-07-01 16:01:45] Data Recieved
[2017-07-01 16:01:49] Data Recieved
[2017-07-01 16:01:54] Data Recieved
[2017-07-01 16:01:58] Data Recieved
[2017-07-01 16:02:03] Data Recieved
[2017-07-01 16:02:08] Data Recieved
[2017-07-01 16:02:12] Data Recieved
[2017-07-01 16:02:17] Data Recieved
[2017-07-01 16:02:21] Data Recieved
[2017-07-01 16:02:25] Data Recieved
[2017-07-01 16:02:30] Data Recieved
[2017-07-01 16:02:35] Data Recieved
[2017-07-01 16:02:39] Data Recieved
[2017-07-01 16:02:44] Data Recieved
[2017-07-01 16:02:49] Data Recieved
[2017-07-01 16:02:53] Data Recieved
[2017-07-01 16:02:58] Data Recieved
[2017-07-01 16:03:02] Data Recieved
[2017-07-01 16:03:07] Data Recieved
[2017-07-01 16:03:11] Data Recieved
[2017-07-01 16:03:16] Data Recieved
[2017-07-01 16:03:20] Data Recieved
[2017-07-01 16:03:25] Data Recieved
[2017-07-01 16:03:29] Data Recieved
[2017-07-01 16:03:34] Data Recieved
[2017-07-01 16:03:38] Data Recieved
[2017-07-01 16:03:43] Data Recieved
[2017-07-01 16:03:48] Data Recieved
[2017-07-01 16:03:52] Data Recieved
[2017-07-01 16:03:57] Data Recieved
[2017-07-01 16:04:02] Data Recieved
[2017-07-01 16:04:06] Data Recieved
[2017-07-01 16:04:11] Data Recieved
[2017-07-01 16:04:15] Data Recieved
[2017-07-01 16:04:20] Data Recieved
[2017-07-01 16:04:24] Data Recieved
[2017-07-01 16:04:29] Data Recieved
[2017-07-01 16:04:33] Data Recieved
[2017-07-01 16:04:38] Data Recieved
[2017-07-01 16:04:42] Data Recieved
[2017-07-01 16:04:47] Data Recieved
[2017-07-01 16:04:51] Data Recieved
[2017-07-01 16:04:56] Data Recieved
[2017-07-01 16:05:00] Data Recieved
[2017-07-01 16:05:05] Data Recieved
[2017-07-01 16:05:10] Data Recieved
[2017-07-01 16:05:14] Data Recieved
[2017-07-01 16:05:19] Data Recieved
[2017-07-01 16:05:23] Data Recieved
[2017-07-01 16:05:28] Data Recieved
[2017-07-01 16:05:33] Data Recieved
[2017-07-01 16:05:37] Data Recieved
[2017-07-01 16:05:41] Data Recieved
[2017-07-01 16:05:46] Data Recieved
[2017-07-01 16:05:50] Data Recieved
[2017-07-01 16:05:55] Data Recieved
[2017-07-01 16:05:59] Data Recieved
[2017-07-01 16:06:04] Data Recieved
[2017-07-01 16:06:08] Data Recieved
[2017-07-01 16:06:12] Data Recieved
[2017-07-01 16:06:17] Data Recieved
[2017-07-01 16:06:22] Data Recieved
[2017-07-01 16:06:26] Data Recieved
[2017-07-01 16:06:30] Data Recieved
[2017-07-01 16:06:35] Data Recieved
[2017-07-01 16:06:39] Data Recieved
[2017-07-01 16:06:44] Data Recieved
[2017-07-01 16:06:48] Data Recieved
[2017-07-01 16:06:52] Data Recieved
[2017-07-01 16:06:57] Data Recieved
[2017-07-01 16:07:01] Data Recieved
[2017-07-01 16:07:06] Data Recieved
[2017-07-01 16:07:11] Data Recieved
[2017-07-01 16:07:15] Data Recieved
[2017-07-01 16:07:20] Data Recieved
[2017-07-01 16:07:25] Data Recieved
[2017-07-01 16:07:29] Data Recieved
[2017-07-01 16:07:34] Data Recieved
[2017-07-01 16:07:38] Data Recieved
[2017-07-01 16:07:43] Data Recieved
[2017-07-01 16:07:47] Data Recieved
[2017-07-01 16:07:52] Data Recieved
[2017-07-01 16:07:56] Data Recieved
[2017-07-01 16:08:01] Data Recieved
[2017-07-01 16:08:05] Data Recieved
[2017-07-01 16:08:10] Data Recieved
[2017-07-01 16:08:14] Data Recieved
[2017-07-01 16:08:19] Data Recieved
[2017-07-01 16:08:23] Data Recieved
[2017-07-01 16:08:28] Data Recieved
[2017-07-01 16:08:32] Data Recieved
[2017-07-01 16:08:35] Connection of ('127.0.0.1', 4094) Closed
[2017-07-01 16:08:37] Data Recieved
[2017-07-01 16:08:41] Data Recieved
[2017-07-01 16:08:46] Data Recieved
[2017-07-01 16:08:50] Data Recieved
