Tue, 02 Nov 2021 23:38:42 reader1.py[line:192] INFO 指定配置文件[conf/setting.ini]。
Tue, 02 Nov 2021 23:39:29 reader1.py[line:192] INFO 指定配置文件[conf/setting.ini]。
Tue, 02 Nov 2021 23:40:46 reader1.py[line:192] INFO 指定配置文件[conf/setting.ini]。
Tue, 02 Nov 2021 23:41:17 reader1.py[line:192] INFO 指定配置文件[conf/setting.ini]。
Tue, 02 Nov 2021 23:41:17 reader1.py[line:115] INFO 程序名：reader
Tue, 02 Nov 2021 23:41:49 reader1.py[line:192] INFO 指定配置文件[conf/setting.ini]。
Tue, 02 Nov 2021 23:41:49 reader1.py[line:115] INFO 程序名：reader
Tue, 02 Nov 2021 23:42:09 reader1.py[line:192] INFO 指定配置文件[conf/setting.ini]。
Tue, 02 Nov 2021 23:42:09 reader1.py[line:115] INFO 程序名：reader
Tue, 02 Nov 2021 23:42:09 reader1.py[line:122] WARNING 中间目录[../mid_dir/]不存在，自动创建。
Tue, 02 Nov 2021 23:42:23 reader1.py[line:192] INFO 指定配置文件[conf/setting.ini]。
Tue, 02 Nov 2021 23:42:23 reader1.py[line:115] INFO 程序名：reader
Tue, 02 Nov 2021 23:42:23 reader1.py[line:122] WARNING 中间目录[./mid_dir/]不存在，自动创建。
Tue, 02 Nov 2021 23:42:56 reader1.py[line:192] INFO 指定配置文件[conf/setting.ini]。
Tue, 02 Nov 2021 23:42:56 reader1.py[line:115] INFO 程序名：reader
Tue, 02 Nov 2021 23:43:39 reader1.py[line:192] INFO 指定配置文件[conf/setting.ini]。
Tue, 02 Nov 2021 23:43:39 reader1.py[line:115] INFO 程序名：reader
Tue, 02 Nov 2021 23:43:49 reader1.py[line:192] INFO 指定配置文件[conf/setting.ini]。
Tue, 02 Nov 2021 23:43:49 reader1.py[line:115] INFO 程序名：reader
Tue, 02 Nov 2021 23:44:32 reader1.py[line:192] INFO 指定配置文件[conf/setting.ini]。
Tue, 02 Nov 2021 23:44:32 reader1.py[line:115] INFO 程序名：reader
Tue, 02 Nov 2021 23:44:53 reader1.py[line:192] INFO 指定配置文件[conf/setting.ini]。
Tue, 02 Nov 2021 23:44:53 reader1.py[line:115] INFO 程序名：reader
Tue, 02 Nov 2021 23:45:55 reader1.py[line:192] INFO 指定配置文件[conf/setting.ini]。
Tue, 02 Nov 2021 23:45:55 reader1.py[line:115] INFO 程序名：reader
Tue, 02 Nov 2021 23:46:41 reader1.py[line:192] INFO 指定配置文件[conf/setting.ini]。
Tue, 02 Nov 2021 23:46:41 reader1.py[line:115] INFO 程序名：reader
Tue, 02 Nov 2021 23:47:22 reader1.py[line:192] INFO 指定配置文件[conf/setting.ini]。
Tue, 02 Nov 2021 23:47:22 reader1.py[line:115] INFO 程序名：reader
Tue, 02 Nov 2021 23:47:22 reader1.py[line:115] INFO 程序名：reader
Tue, 02 Nov 2021 23:47:22 reader1.py[line:115] INFO 程序名：reader
Tue, 02 Nov 2021 23:47:22 reader1.py[line:115] INFO 程序名：reader
Tue, 02 Nov 2021 23:47:22 reader1.py[line:115] INFO 程序名：reader
Tue, 02 Nov 2021 23:47:23 reader1.py[line:115] INFO 程序名：reader
Tue, 02 Nov 2021 23:47:23 reader1.py[line:115] INFO 程序名：reader
Tue, 02 Nov 2021 23:47:23 reader1.py[line:115] INFO 程序名：reader
Tue, 02 Nov 2021 23:47:23 reader1.py[line:115] INFO 程序名：reader
Tue, 02 Nov 2021 23:47:23 reader1.py[line:115] INFO 程序名：reader
Tue, 02 Nov 2021 23:47:23 reader1.py[line:115] INFO 程序名：reader
Tue, 02 Nov 2021 23:47:23 reader1.py[line:115] INFO 程序名：reader
Tue, 02 Nov 2021 23:47:23 reader1.py[line:115] INFO 程序名：reader
Tue, 02 Nov 2021 23:47:23 reader1.py[line:115] INFO 程序名：reader
Tue, 02 Nov 2021 23:47:24 reader1.py[line:115] INFO 程序名：reader
Tue, 02 Nov 2021 23:47:24 reader1.py[line:115] INFO 程序名：reader
Tue, 02 Nov 2021 23:47:24 reader1.py[line:115] INFO 程序名：reader
Tue, 02 Nov 2021 23:47:24 reader1.py[line:115] INFO 程序名：reader
Tue, 02 Nov 2021 23:47:24 reader1.py[line:115] INFO 程序名：reader
Tue, 02 Nov 2021 23:47:24 reader1.py[line:115] INFO 程序名：reader
Tue, 02 Nov 2021 23:47:24 reader1.py[line:115] INFO 程序名：reader
Tue, 02 Nov 2021 23:47:24 reader1.py[line:115] INFO 程序名：reader
Tue, 02 Nov 2021 23:47:25 reader1.py[line:115] INFO 程序名：reader
Tue, 02 Nov 2021 23:47:25 reader1.py[line:115] INFO 程序名：reader
Tue, 02 Nov 2021 23:47:25 reader1.py[line:115] INFO 程序名：reader
Tue, 02 Nov 2021 23:47:25 reader1.py[line:115] INFO 程序名：reader
Tue, 02 Nov 2021 23:47:25 reader1.py[line:115] INFO 程序名：reader
Tue, 02 Nov 2021 23:47:25 reader1.py[line:115] INFO 程序名：reader
Tue, 02 Nov 2021 23:47:25 reader1.py[line:115] INFO 程序名：reader
Tue, 02 Nov 2021 23:47:25 reader1.py[line:115] INFO 程序名：reader
Tue, 02 Nov 2021 23:47:25 reader1.py[line:115] INFO 程序名：reader
Tue, 02 Nov 2021 23:47:26 reader1.py[line:115] INFO 程序名：reader
Tue, 02 Nov 2021 23:47:26 reader1.py[line:115] INFO 程序名：reader
Tue, 02 Nov 2021 23:47:26 reader1.py[line:115] INFO 程序名：reader
Tue, 02 Nov 2021 23:47:26 reader1.py[line:115] INFO 程序名：reader
Tue, 02 Nov 2021 23:47:26 reader1.py[line:115] INFO 程序名：reader
Tue, 02 Nov 2021 23:47:26 reader1.py[line:115] INFO 程序名：reader
Tue, 02 Nov 2021 23:47:26 reader1.py[line:115] INFO 程序名：reader
Tue, 02 Nov 2021 23:47:26 reader1.py[line:115] INFO 程序名：reader
Tue, 02 Nov 2021 23:47:27 reader1.py[line:115] INFO 程序名：reader
Tue, 02 Nov 2021 23:47:27 reader1.py[line:115] INFO 程序名：reader
Tue, 02 Nov 2021 23:47:27 reader1.py[line:115] INFO 程序名：reader
Tue, 02 Nov 2021 23:47:27 reader1.py[line:115] INFO 程序名：reader
Tue, 02 Nov 2021 23:47:27 reader1.py[line:115] INFO 程序名：reader
Tue, 02 Nov 2021 23:47:27 reader1.py[line:115] INFO 程序名：reader
Tue, 02 Nov 2021 23:47:27 reader1.py[line:115] INFO 程序名：reader
Tue, 02 Nov 2021 23:47:27 reader1.py[line:115] INFO 程序名：reader
Tue, 02 Nov 2021 23:47:28 reader1.py[line:115] INFO 程序名：reader
Tue, 02 Nov 2021 23:47:28 reader1.py[line:115] INFO 程序名：reader
Tue, 02 Nov 2021 23:47:28 reader1.py[line:115] INFO 程序名：reader
Tue, 02 Nov 2021 23:47:28 reader1.py[line:115] INFO 程序名：reader
Tue, 02 Nov 2021 23:47:28 reader1.py[line:115] INFO 程序名：reader
Tue, 02 Nov 2021 23:47:28 reader1.py[line:115] INFO 程序名：reader
Tue, 02 Nov 2021 23:47:28 reader1.py[line:115] INFO 程序名：reader
Tue, 02 Nov 2021 23:47:28 reader1.py[line:115] INFO 程序名：reader
Tue, 02 Nov 2021 23:47:29 reader1.py[line:115] INFO 程序名：reader
Tue, 02 Nov 2021 23:47:29 reader1.py[line:115] INFO 程序名：reader
Tue, 02 Nov 2021 23:47:29 reader1.py[line:115] INFO 程序名：reader
Tue, 02 Nov 2021 23:47:29 reader1.py[line:115] INFO 程序名：reader
Tue, 02 Nov 2021 23:47:29 reader1.py[line:115] INFO 程序名：reader
Tue, 02 Nov 2021 23:47:29 reader1.py[line:115] INFO 程序名：reader
Tue, 02 Nov 2021 23:47:29 reader1.py[line:115] INFO 程序名：reader
Tue, 02 Nov 2021 23:47:29 reader1.py[line:115] INFO 程序名：reader
Tue, 02 Nov 2021 23:47:30 reader1.py[line:115] INFO 程序名：reader
Tue, 02 Nov 2021 23:47:30 reader1.py[line:115] INFO 程序名：reader
Tue, 02 Nov 2021 23:47:30 reader1.py[line:115] INFO 程序名：reader
Tue, 02 Nov 2021 23:47:30 reader1.py[line:115] INFO 程序名：reader
Tue, 02 Nov 2021 23:47:30 reader1.py[line:115] INFO 程序名：reader
Tue, 02 Nov 2021 23:47:30 reader1.py[line:115] INFO 程序名：reader
Tue, 02 Nov 2021 23:47:30 reader1.py[line:115] INFO 程序名：reader
Tue, 02 Nov 2021 23:47:30 reader1.py[line:115] INFO 程序名：reader
Tue, 02 Nov 2021 23:47:31 reader1.py[line:115] INFO 程序名：reader
Tue, 02 Nov 2021 23:47:31 reader1.py[line:115] INFO 程序名：reader
Tue, 02 Nov 2021 23:47:31 reader1.py[line:115] INFO 程序名：reader
Tue, 02 Nov 2021 23:47:31 reader1.py[line:115] INFO 程序名：reader
Tue, 02 Nov 2021 23:47:31 reader1.py[line:115] INFO 程序名：reader
Tue, 02 Nov 2021 23:47:31 reader1.py[line:115] INFO 程序名：reader
Tue, 02 Nov 2021 23:47:31 reader1.py[line:115] INFO 程序名：reader
Tue, 02 Nov 2021 23:47:31 reader1.py[line:115] INFO 程序名：reader
Tue, 02 Nov 2021 23:47:32 reader1.py[line:115] INFO 程序名：reader
Tue, 02 Nov 2021 23:47:32 reader1.py[line:115] INFO 程序名：reader
Tue, 02 Nov 2021 23:47:32 reader1.py[line:115] INFO 程序名：reader
Tue, 02 Nov 2021 23:47:32 reader1.py[line:115] INFO 程序名：reader
Tue, 02 Nov 2021 23:47:32 reader1.py[line:115] INFO 程序名：reader
Tue, 02 Nov 2021 23:47:32 reader1.py[line:115] INFO 程序名：reader
Tue, 02 Nov 2021 23:47:32 reader1.py[line:115] INFO 程序名：reader
Tue, 02 Nov 2021 23:47:32 reader1.py[line:115] INFO 程序名：reader
Tue, 02 Nov 2021 23:47:33 reader1.py[line:115] INFO 程序名：reader
Tue, 02 Nov 2021 23:47:33 reader1.py[line:115] INFO 程序名：reader
Tue, 02 Nov 2021 23:47:33 reader1.py[line:115] INFO 程序名：reader
Tue, 02 Nov 2021 23:47:33 reader1.py[line:115] INFO 程序名：reader
Tue, 02 Nov 2021 23:47:33 reader1.py[line:115] INFO 程序名：reader
Tue, 02 Nov 2021 23:47:33 reader1.py[line:115] INFO 程序名：reader
Tue, 02 Nov 2021 23:47:33 reader1.py[line:115] INFO 程序名：reader
Tue, 02 Nov 2021 23:47:33 reader1.py[line:115] INFO 程序名：reader
Tue, 02 Nov 2021 23:47:33 reader1.py[line:115] INFO 程序名：reader
Tue, 02 Nov 2021 23:47:34 reader1.py[line:115] INFO 程序名：reader
Tue, 02 Nov 2021 23:47:34 reader1.py[line:115] INFO 程序名：reader
Tue, 02 Nov 2021 23:47:34 reader1.py[line:115] INFO 程序名：reader
Tue, 02 Nov 2021 23:47:34 reader1.py[line:115] INFO 程序名：reader
Tue, 02 Nov 2021 23:47:34 reader1.py[line:115] INFO 程序名：reader
Tue, 02 Nov 2021 23:47:34 reader1.py[line:115] INFO 程序名：reader
Tue, 02 Nov 2021 23:47:34 reader1.py[line:115] INFO 程序名：reader
Tue, 02 Nov 2021 23:47:34 reader1.py[line:115] INFO 程序名：reader
Tue, 02 Nov 2021 23:47:35 reader1.py[line:115] INFO 程序名：reader
Tue, 02 Nov 2021 23:47:35 reader1.py[line:115] INFO 程序名：reader
Tue, 02 Nov 2021 23:47:35 reader1.py[line:115] INFO 程序名：reader
Tue, 02 Nov 2021 23:47:35 reader1.py[line:115] INFO 程序名：reader
Tue, 02 Nov 2021 23:47:35 reader1.py[line:115] INFO 程序名：reader
Tue, 02 Nov 2021 23:47:35 reader1.py[line:115] INFO 程序名：reader
Tue, 02 Nov 2021 23:47:35 reader1.py[line:115] INFO 程序名：reader
Tue, 02 Nov 2021 23:47:35 reader1.py[line:115] INFO 程序名：reader
Tue, 02 Nov 2021 23:47:36 reader1.py[line:115] INFO 程序名：reader
Tue, 02 Nov 2021 23:47:36 reader1.py[line:115] INFO 程序名：reader
Tue, 02 Nov 2021 23:47:36 reader1.py[line:115] INFO 程序名：reader
Tue, 02 Nov 2021 23:47:36 reader1.py[line:115] INFO 程序名：reader
Tue, 02 Nov 2021 23:47:36 reader1.py[line:115] INFO 程序名：reader
Tue, 02 Nov 2021 23:47:36 reader1.py[line:115] INFO 程序名：reader
Tue, 02 Nov 2021 23:47:36 reader1.py[line:115] INFO 程序名：reader
Tue, 02 Nov 2021 23:47:36 reader1.py[line:115] INFO 程序名：reader
Tue, 02 Nov 2021 23:47:37 reader1.py[line:115] INFO 程序名：reader
Tue, 02 Nov 2021 23:47:37 reader1.py[line:115] INFO 程序名：reader
Tue, 02 Nov 2021 23:47:37 reader1.py[line:115] INFO 程序名：reader
Tue, 02 Nov 2021 23:47:37 reader1.py[line:115] INFO 程序名：reader
Tue, 02 Nov 2021 23:47:37 reader1.py[line:115] INFO 程序名：reader
Tue, 02 Nov 2021 23:47:37 reader1.py[line:115] INFO 程序名：reader
Tue, 02 Nov 2021 23:47:37 reader1.py[line:115] INFO 程序名：reader
Tue, 02 Nov 2021 23:47:37 reader1.py[line:115] INFO 程序名：reader
Tue, 02 Nov 2021 23:47:37 reader1.py[line:115] INFO 程序名：reader
Tue, 02 Nov 2021 23:47:38 reader1.py[line:115] INFO 程序名：reader
Tue, 02 Nov 2021 23:47:38 reader1.py[line:115] INFO 程序名：reader
Tue, 02 Nov 2021 23:47:38 reader1.py[line:115] INFO 程序名：reader
Tue, 02 Nov 2021 23:47:38 reader1.py[line:115] INFO 程序名：reader
Tue, 02 Nov 2021 23:47:38 reader1.py[line:115] INFO 程序名：reader
Tue, 02 Nov 2021 23:47:38 reader1.py[line:115] INFO 程序名：reader
Tue, 02 Nov 2021 23:47:38 reader1.py[line:115] INFO 程序名：reader
Tue, 02 Nov 2021 23:47:38 reader1.py[line:115] INFO 程序名：reader
Tue, 02 Nov 2021 23:47:39 reader1.py[line:115] INFO 程序名：reader
Tue, 02 Nov 2021 23:47:39 reader1.py[line:115] INFO 程序名：reader
Tue, 02 Nov 2021 23:47:39 reader1.py[line:115] INFO 程序名：reader
Tue, 02 Nov 2021 23:47:39 reader1.py[line:115] INFO 程序名：reader
Tue, 02 Nov 2021 23:47:39 reader1.py[line:115] INFO 程序名：reader
Tue, 02 Nov 2021 23:47:39 reader1.py[line:115] INFO 程序名：reader
Tue, 02 Nov 2021 23:47:39 reader1.py[line:115] INFO 程序名：reader
Tue, 02 Nov 2021 23:47:39 reader1.py[line:115] INFO 程序名：reader
Tue, 02 Nov 2021 23:47:39 reader1.py[line:115] INFO 程序名：reader
Tue, 02 Nov 2021 23:47:40 reader1.py[line:115] INFO 程序名：reader
Tue, 02 Nov 2021 23:47:40 reader1.py[line:115] INFO 程序名：reader
Tue, 02 Nov 2021 23:47:40 reader1.py[line:115] INFO 程序名：reader
Tue, 02 Nov 2021 23:47:40 reader1.py[line:115] INFO 程序名：reader
Tue, 02 Nov 2021 23:47:40 reader1.py[line:115] INFO 程序名：reader
Tue, 02 Nov 2021 23:47:40 reader1.py[line:115] INFO 程序名：reader
Tue, 02 Nov 2021 23:47:40 reader1.py[line:115] INFO 程序名：reader
Tue, 02 Nov 2021 23:47:40 reader1.py[line:115] INFO 程序名：reader
Tue, 02 Nov 2021 23:47:41 reader1.py[line:115] INFO 程序名：reader
Tue, 02 Nov 2021 23:47:41 reader1.py[line:115] INFO 程序名：reader
Tue, 02 Nov 2021 23:47:41 reader1.py[line:115] INFO 程序名：reader
Tue, 02 Nov 2021 23:47:41 reader1.py[line:115] INFO 程序名：reader
Tue, 02 Nov 2021 23:47:41 reader1.py[line:115] INFO 程序名：reader
Tue, 02 Nov 2021 23:47:41 reader1.py[line:115] INFO 程序名：reader
Tue, 02 Nov 2021 23:47:41 reader1.py[line:115] INFO 程序名：reader
Tue, 02 Nov 2021 23:47:41 reader1.py[line:115] INFO 程序名：reader
Tue, 02 Nov 2021 23:47:42 reader1.py[line:115] INFO 程序名：reader
Tue, 02 Nov 2021 23:47:42 reader1.py[line:115] INFO 程序名：reader
Tue, 02 Nov 2021 23:47:42 reader1.py[line:115] INFO 程序名：reader
Tue, 02 Nov 2021 23:47:42 reader1.py[line:115] INFO 程序名：reader
Tue, 02 Nov 2021 23:47:42 reader1.py[line:115] INFO 程序名：reader
Tue, 02 Nov 2021 23:47:42 reader1.py[line:115] INFO 程序名：reader
Tue, 02 Nov 2021 23:47:42 reader1.py[line:115] INFO 程序名：reader
Tue, 02 Nov 2021 23:47:42 reader1.py[line:115] INFO 程序名：reader
Tue, 02 Nov 2021 23:47:42 reader1.py[line:115] INFO 程序名：reader
Tue, 02 Nov 2021 23:47:43 reader1.py[line:115] INFO 程序名：reader
Tue, 02 Nov 2021 23:47:43 reader1.py[line:115] INFO 程序名：reader
Tue, 02 Nov 2021 23:47:43 reader1.py[line:115] INFO 程序名：reader
Tue, 02 Nov 2021 23:47:43 reader1.py[line:115] INFO 程序名：reader
Tue, 02 Nov 2021 23:47:43 reader1.py[line:115] INFO 程序名：reader
Tue, 02 Nov 2021 23:47:43 reader1.py[line:115] INFO 程序名：reader
Tue, 02 Nov 2021 23:47:43 reader1.py[line:115] INFO 程序名：reader
Tue, 02 Nov 2021 23:47:43 reader1.py[line:115] INFO 程序名：reader
Tue, 02 Nov 2021 23:47:43 reader1.py[line:115] INFO 程序名：reader
Tue, 02 Nov 2021 23:47:44 reader1.py[line:115] INFO 程序名：reader
Tue, 02 Nov 2021 23:47:44 reader1.py[line:115] INFO 程序名：reader
Tue, 02 Nov 2021 23:47:44 reader1.py[line:115] INFO 程序名：reader
Tue, 02 Nov 2021 23:47:44 reader1.py[line:115] INFO 程序名：reader
Tue, 02 Nov 2021 23:47:44 reader1.py[line:115] INFO 程序名：reader
Tue, 02 Nov 2021 23:47:44 reader1.py[line:115] INFO 程序名：reader
Tue, 02 Nov 2021 23:47:44 reader1.py[line:115] INFO 程序名：reader
Tue, 02 Nov 2021 23:47:45 reader1.py[line:115] INFO 程序名：reader
Tue, 02 Nov 2021 23:47:45 reader1.py[line:115] INFO 程序名：reader
Tue, 02 Nov 2021 23:47:45 reader1.py[line:115] INFO 程序名：reader
Tue, 02 Nov 2021 23:47:45 reader1.py[line:115] INFO 程序名：reader
Tue, 02 Nov 2021 23:47:45 reader1.py[line:115] INFO 程序名：reader
Tue, 02 Nov 2021 23:47:45 reader1.py[line:115] INFO 程序名：reader
Tue, 02 Nov 2021 23:47:45 reader1.py[line:115] INFO 程序名：reader
Tue, 02 Nov 2021 23:47:46 reader1.py[line:115] INFO 程序名：reader
Tue, 02 Nov 2021 23:47:46 reader1.py[line:115] INFO 程序名：reader
Tue, 02 Nov 2021 23:47:46 reader1.py[line:115] INFO 程序名：reader
Tue, 02 Nov 2021 23:47:46 reader1.py[line:115] INFO 程序名：reader
Tue, 02 Nov 2021 23:47:46 reader1.py[line:115] INFO 程序名：reader
Tue, 02 Nov 2021 23:47:46 reader1.py[line:115] INFO 程序名：reader
Tue, 02 Nov 2021 23:47:46 reader1.py[line:115] INFO 程序名：reader
Tue, 02 Nov 2021 23:47:46 reader1.py[line:115] INFO 程序名：reader
Tue, 02 Nov 2021 23:47:47 reader1.py[line:115] INFO 程序名：reader
Tue, 02 Nov 2021 23:47:47 reader1.py[line:115] INFO 程序名：reader
Tue, 02 Nov 2021 23:47:47 reader1.py[line:115] INFO 程序名：reader
Tue, 02 Nov 2021 23:47:47 reader1.py[line:115] INFO 程序名：reader
Tue, 02 Nov 2021 23:47:47 reader1.py[line:115] INFO 程序名：reader
Tue, 02 Nov 2021 23:47:47 reader1.py[line:115] INFO 程序名：reader
Tue, 02 Nov 2021 23:47:47 reader1.py[line:115] INFO 程序名：reader
Tue, 02 Nov 2021 23:47:47 reader1.py[line:115] INFO 程序名：reader
Tue, 02 Nov 2021 23:47:48 reader1.py[line:115] INFO 程序名：reader
Tue, 02 Nov 2021 23:47:48 reader1.py[line:115] INFO 程序名：reader
Tue, 02 Nov 2021 23:47:48 reader1.py[line:115] INFO 程序名：reader
Tue, 02 Nov 2021 23:47:48 reader1.py[line:115] INFO 程序名：reader
Tue, 02 Nov 2021 23:47:48 reader1.py[line:115] INFO 程序名：reader
Tue, 02 Nov 2021 23:47:48 reader1.py[line:115] INFO 程序名：reader
Tue, 02 Nov 2021 23:47:48 reader1.py[line:115] INFO 程序名：reader
Tue, 02 Nov 2021 23:47:48 reader1.py[line:115] INFO 程序名：reader
Tue, 02 Nov 2021 23:47:48 reader1.py[line:115] INFO 程序名：reader
Tue, 02 Nov 2021 23:47:49 reader1.py[line:115] INFO 程序名：reader
Tue, 02 Nov 2021 23:47:49 reader1.py[line:115] INFO 程序名：reader
Tue, 02 Nov 2021 23:47:49 reader1.py[line:115] INFO 程序名：reader
Tue, 02 Nov 2021 23:47:49 reader1.py[line:115] INFO 程序名：reader
Tue, 02 Nov 2021 23:47:49 reader1.py[line:115] INFO 程序名：reader
Tue, 02 Nov 2021 23:47:49 reader1.py[line:115] INFO 程序名：reader
Tue, 02 Nov 2021 23:47:49 reader1.py[line:115] INFO 程序名：reader
Tue, 02 Nov 2021 23:47:49 reader1.py[line:115] INFO 程序名：reader
Tue, 02 Nov 2021 23:47:50 reader1.py[line:115] INFO 程序名：reader
Tue, 02 Nov 2021 23:47:50 reader1.py[line:115] INFO 程序名：reader
Tue, 02 Nov 2021 23:47:50 reader1.py[line:115] INFO 程序名：reader
Tue, 02 Nov 2021 23:47:50 reader1.py[line:115] INFO 程序名：reader
Tue, 02 Nov 2021 23:47:50 reader1.py[line:115] INFO 程序名：reader
Tue, 02 Nov 2021 23:47:50 reader1.py[line:115] INFO 程序名：reader
Tue, 02 Nov 2021 23:47:50 reader1.py[line:115] INFO 程序名：reader
Tue, 02 Nov 2021 23:47:50 reader1.py[line:115] INFO 程序名：reader
Tue, 02 Nov 2021 23:47:50 reader1.py[line:115] INFO 程序名：reader
Tue, 02 Nov 2021 23:47:51 reader1.py[line:115] INFO 程序名：reader
Tue, 02 Nov 2021 23:47:51 reader1.py[line:115] INFO 程序名：reader
Tue, 02 Nov 2021 23:47:51 reader1.py[line:115] INFO 程序名：reader
Tue, 02 Nov 2021 23:47:51 reader1.py[line:115] INFO 程序名：reader
Tue, 02 Nov 2021 23:47:51 reader1.py[line:115] INFO 程序名：reader
Tue, 02 Nov 2021 23:47:51 reader1.py[line:115] INFO 程序名：reader
Tue, 02 Nov 2021 23:47:51 reader1.py[line:115] INFO 程序名：reader
Tue, 02 Nov 2021 23:47:51 reader1.py[line:115] INFO 程序名：reader
Tue, 02 Nov 2021 23:47:52 reader1.py[line:115] INFO 程序名：reader
Tue, 02 Nov 2021 23:47:52 reader1.py[line:115] INFO 程序名：reader
Tue, 02 Nov 2021 23:47:52 reader1.py[line:115] INFO 程序名：reader
Tue, 02 Nov 2021 23:47:52 reader1.py[line:115] INFO 程序名：reader
Tue, 02 Nov 2021 23:47:52 reader1.py[line:115] INFO 程序名：reader
Tue, 02 Nov 2021 23:47:52 reader1.py[line:115] INFO 程序名：reader
Tue, 02 Nov 2021 23:47:52 reader1.py[line:115] INFO 程序名：reader
Tue, 02 Nov 2021 23:47:52 reader1.py[line:115] INFO 程序名：reader
Tue, 02 Nov 2021 23:47:52 reader1.py[line:115] INFO 程序名：reader
Tue, 02 Nov 2021 23:47:53 reader1.py[line:115] INFO 程序名：reader
Tue, 02 Nov 2021 23:47:53 reader1.py[line:115] INFO 程序名：reader
Tue, 02 Nov 2021 23:47:53 reader1.py[line:115] INFO 程序名：reader
Tue, 02 Nov 2021 23:47:53 reader1.py[line:115] INFO 程序名：reader
Tue, 02 Nov 2021 23:47:53 reader1.py[line:115] INFO 程序名：reader
Tue, 02 Nov 2021 23:47:53 reader1.py[line:115] INFO 程序名：reader
Tue, 02 Nov 2021 23:47:53 reader1.py[line:115] INFO 程序名：reader
Tue, 02 Nov 2021 23:47:53 reader1.py[line:115] INFO 程序名：reader
Tue, 02 Nov 2021 23:47:54 reader1.py[line:115] INFO 程序名：reader
Tue, 02 Nov 2021 23:47:54 reader1.py[line:115] INFO 程序名：reader
Tue, 02 Nov 2021 23:47:54 reader1.py[line:115] INFO 程序名：reader
Tue, 02 Nov 2021 23:47:54 reader1.py[line:115] INFO 程序名：reader
Tue, 02 Nov 2021 23:47:54 reader1.py[line:115] INFO 程序名：reader
Tue, 02 Nov 2021 23:47:54 reader1.py[line:115] INFO 程序名：reader
Tue, 02 Nov 2021 23:47:54 reader1.py[line:115] INFO 程序名：reader
Tue, 02 Nov 2021 23:47:54 reader1.py[line:115] INFO 程序名：reader
Tue, 02 Nov 2021 23:47:54 reader1.py[line:115] INFO 程序名：reader
Tue, 02 Nov 2021 23:47:55 reader1.py[line:115] INFO 程序名：reader
Tue, 02 Nov 2021 23:47:55 reader1.py[line:115] INFO 程序名：reader
Tue, 02 Nov 2021 23:47:55 reader1.py[line:115] INFO 程序名：reader
Tue, 02 Nov 2021 23:47:55 reader1.py[line:115] INFO 程序名：reader
Tue, 02 Nov 2021 23:47:55 reader1.py[line:115] INFO 程序名：reader
Tue, 02 Nov 2021 23:47:55 reader1.py[line:115] INFO 程序名：reader
Tue, 02 Nov 2021 23:47:55 reader1.py[line:115] INFO 程序名：reader
Tue, 02 Nov 2021 23:47:55 reader1.py[line:115] INFO 程序名：reader
Tue, 02 Nov 2021 23:47:56 reader1.py[line:115] INFO 程序名：reader
Tue, 02 Nov 2021 23:47:56 reader1.py[line:115] INFO 程序名：reader
Tue, 02 Nov 2021 23:47:56 reader1.py[line:115] INFO 程序名：reader
Tue, 02 Nov 2021 23:47:56 reader1.py[line:115] INFO 程序名：reader
Tue, 02 Nov 2021 23:47:56 reader1.py[line:115] INFO 程序名：reader
Tue, 02 Nov 2021 23:47:56 reader1.py[line:115] INFO 程序名：reader
Tue, 02 Nov 2021 23:47:56 reader1.py[line:115] INFO 程序名：reader
Tue, 02 Nov 2021 23:47:56 reader1.py[line:115] INFO 程序名：reader
Tue, 02 Nov 2021 23:47:57 reader1.py[line:115] INFO 程序名：reader
Tue, 02 Nov 2021 23:47:57 reader1.py[line:115] INFO 程序名：reader
Tue, 02 Nov 2021 23:47:57 reader1.py[line:115] INFO 程序名：reader
Tue, 02 Nov 2021 23:47:57 reader1.py[line:115] INFO 程序名：reader
Tue, 02 Nov 2021 23:47:57 reader1.py[line:115] INFO 程序名：reader
Tue, 02 Nov 2021 23:47:57 reader1.py[line:115] INFO 程序名：reader
Tue, 02 Nov 2021 23:47:57 reader1.py[line:115] INFO 程序名：reader
Tue, 02 Nov 2021 23:47:57 reader1.py[line:115] INFO 程序名：reader
Tue, 02 Nov 2021 23:47:57 reader1.py[line:115] INFO 程序名：reader
Tue, 02 Nov 2021 23:47:58 reader1.py[line:115] INFO 程序名：reader
Tue, 02 Nov 2021 23:47:58 reader1.py[line:115] INFO 程序名：reader
Tue, 02 Nov 2021 23:47:58 reader1.py[line:115] INFO 程序名：reader
Tue, 02 Nov 2021 23:47:58 reader1.py[line:115] INFO 程序名：reader
Tue, 02 Nov 2021 23:47:58 reader1.py[line:115] INFO 程序名：reader
Tue, 02 Nov 2021 23:47:58 reader1.py[line:115] INFO 程序名：reader
Tue, 02 Nov 2021 23:47:58 reader1.py[line:115] INFO 程序名：reader
Tue, 02 Nov 2021 23:47:59 reader1.py[line:115] INFO 程序名：reader
Tue, 02 Nov 2021 23:47:59 reader1.py[line:115] INFO 程序名：reader
Tue, 02 Nov 2021 23:47:59 reader1.py[line:115] INFO 程序名：reader
Tue, 02 Nov 2021 23:47:59 reader1.py[line:115] INFO 程序名：reader
Tue, 02 Nov 2021 23:47:59 reader1.py[line:115] INFO 程序名：reader
Tue, 02 Nov 2021 23:47:59 reader1.py[line:115] INFO 程序名：reader
Tue, 02 Nov 2021 23:47:59 reader1.py[line:115] INFO 程序名：reader
Tue, 02 Nov 2021 23:47:59 reader1.py[line:115] INFO 程序名：reader
Tue, 02 Nov 2021 23:47:59 reader1.py[line:115] INFO 程序名：reader
Tue, 02 Nov 2021 23:48:00 reader1.py[line:115] INFO 程序名：reader
Tue, 02 Nov 2021 23:48:00 reader1.py[line:115] INFO 程序名：reader
Tue, 02 Nov 2021 23:48:00 reader1.py[line:115] INFO 程序名：reader
Tue, 02 Nov 2021 23:48:00 reader1.py[line:115] INFO 程序名：reader
Tue, 02 Nov 2021 23:48:00 reader1.py[line:115] INFO 程序名：reader
Tue, 02 Nov 2021 23:48:00 reader1.py[line:115] INFO 程序名：reader
Tue, 02 Nov 2021 23:48:00 reader1.py[line:115] INFO 程序名：reader
Tue, 02 Nov 2021 23:48:00 reader1.py[line:115] INFO 程序名：reader
Tue, 02 Nov 2021 23:48:01 reader1.py[line:115] INFO 程序名：reader
Tue, 02 Nov 2021 23:48:01 reader1.py[line:115] INFO 程序名：reader
Tue, 02 Nov 2021 23:48:01 reader1.py[line:115] INFO 程序名：reader
Tue, 02 Nov 2021 23:48:01 reader1.py[line:115] INFO 程序名：reader
Tue, 02 Nov 2021 23:48:01 reader1.py[line:115] INFO 程序名：reader
Tue, 02 Nov 2021 23:48:01 reader1.py[line:115] INFO 程序名：reader
Tue, 02 Nov 2021 23:48:01 reader1.py[line:115] INFO 程序名：reader
Tue, 02 Nov 2021 23:48:01 reader1.py[line:115] INFO 程序名：reader
Tue, 02 Nov 2021 23:48:01 reader1.py[line:115] INFO 程序名：reader
Tue, 02 Nov 2021 23:48:02 reader1.py[line:115] INFO 程序名：reader
Tue, 02 Nov 2021 23:48:02 reader1.py[line:115] INFO 程序名：reader
Tue, 02 Nov 2021 23:48:02 reader1.py[line:115] INFO 程序名：reader
Tue, 02 Nov 2021 23:48:02 reader1.py[line:115] INFO 程序名：reader
Tue, 02 Nov 2021 23:48:02 reader1.py[line:115] INFO 程序名：reader
Tue, 02 Nov 2021 23:48:02 reader1.py[line:115] INFO 程序名：reader
Tue, 02 Nov 2021 23:48:02 reader1.py[line:115] INFO 程序名：reader
Tue, 02 Nov 2021 23:48:02 reader1.py[line:115] INFO 程序名：reader
Tue, 02 Nov 2021 23:48:03 reader1.py[line:115] INFO 程序名：reader
Tue, 02 Nov 2021 23:48:03 reader1.py[line:115] INFO 程序名：reader
Tue, 02 Nov 2021 23:48:03 reader1.py[line:115] INFO 程序名：reader
Tue, 02 Nov 2021 23:48:03 reader1.py[line:115] INFO 程序名：reader
Tue, 02 Nov 2021 23:48:03 reader1.py[line:115] INFO 程序名：reader
Tue, 02 Nov 2021 23:48:03 reader1.py[line:115] INFO 程序名：reader
Tue, 02 Nov 2021 23:48:03 reader1.py[line:115] INFO 程序名：reader
Tue, 02 Nov 2021 23:48:03 reader1.py[line:115] INFO 程序名：reader
Tue, 02 Nov 2021 23:48:04 reader1.py[line:115] INFO 程序名：reader
Tue, 02 Nov 2021 23:48:04 reader1.py[line:115] INFO 程序名：reader
Tue, 02 Nov 2021 23:48:04 reader1.py[line:115] INFO 程序名：reader
Tue, 02 Nov 2021 23:48:04 reader1.py[line:115] INFO 程序名：reader
Tue, 02 Nov 2021 23:48:04 reader1.py[line:115] INFO 程序名：reader
Tue, 02 Nov 2021 23:48:04 reader1.py[line:115] INFO 程序名：reader
Tue, 02 Nov 2021 23:48:04 reader1.py[line:115] INFO 程序名：reader
Tue, 02 Nov 2021 23:48:04 reader1.py[line:115] INFO 程序名：reader
Tue, 02 Nov 2021 23:48:05 reader1.py[line:115] INFO 程序名：reader
Tue, 02 Nov 2021 23:48:05 reader1.py[line:115] INFO 程序名：reader
Tue, 02 Nov 2021 23:48:05 reader1.py[line:115] INFO 程序名：reader
Tue, 02 Nov 2021 23:48:05 reader1.py[line:115] INFO 程序名：reader
Tue, 02 Nov 2021 23:48:05 reader1.py[line:115] INFO 程序名：reader
Tue, 02 Nov 2021 23:48:05 reader1.py[line:115] INFO 程序名：reader
Tue, 02 Nov 2021 23:48:05 reader1.py[line:115] INFO 程序名：reader
Tue, 02 Nov 2021 23:48:05 reader1.py[line:115] INFO 程序名：reader
Tue, 02 Nov 2021 23:48:05 reader1.py[line:115] INFO 程序名：reader
Tue, 02 Nov 2021 23:48:06 reader1.py[line:115] INFO 程序名：reader
Tue, 02 Nov 2021 23:48:06 reader1.py[line:115] INFO 程序名：reader
Tue, 02 Nov 2021 23:48:06 reader1.py[line:115] INFO 程序名：reader
Tue, 02 Nov 2021 23:48:06 reader1.py[line:115] INFO 程序名：reader
Tue, 02 Nov 2021 23:48:06 reader1.py[line:115] INFO 程序名：reader
Tue, 02 Nov 2021 23:48:06 reader1.py[line:115] INFO 程序名：reader
Tue, 02 Nov 2021 23:48:06 reader1.py[line:115] INFO 程序名：reader
Tue, 02 Nov 2021 23:48:06 reader1.py[line:115] INFO 程序名：reader
Tue, 02 Nov 2021 23:48:07 reader1.py[line:115] INFO 程序名：reader
Tue, 02 Nov 2021 23:48:07 reader1.py[line:115] INFO 程序名：reader
Tue, 02 Nov 2021 23:48:07 reader1.py[line:115] INFO 程序名：reader
Tue, 02 Nov 2021 23:48:07 reader1.py[line:115] INFO 程序名：reader
Tue, 02 Nov 2021 23:48:07 reader1.py[line:115] INFO 程序名：reader
Tue, 02 Nov 2021 23:48:07 reader1.py[line:115] INFO 程序名：reader
Tue, 02 Nov 2021 23:48:07 reader1.py[line:115] INFO 程序名：reader
Tue, 02 Nov 2021 23:48:07 reader1.py[line:115] INFO 程序名：reader
Tue, 02 Nov 2021 23:48:07 reader1.py[line:115] INFO 程序名：reader
Tue, 02 Nov 2021 23:48:08 reader1.py[line:115] INFO 程序名：reader
Tue, 02 Nov 2021 23:48:08 reader1.py[line:115] INFO 程序名：reader
Tue, 02 Nov 2021 23:48:08 reader1.py[line:115] INFO 程序名：reader
Tue, 02 Nov 2021 23:48:08 reader1.py[line:115] INFO 程序名：reader
Tue, 02 Nov 2021 23:48:08 reader1.py[line:115] INFO 程序名：reader
Tue, 02 Nov 2021 23:48:08 reader1.py[line:115] INFO 程序名：reader
Tue, 02 Nov 2021 23:48:08 reader1.py[line:115] INFO 程序名：reader
Tue, 02 Nov 2021 23:48:08 reader1.py[line:115] INFO 程序名：reader
Tue, 02 Nov 2021 23:48:09 reader1.py[line:115] INFO 程序名：reader
Tue, 02 Nov 2021 23:48:09 reader1.py[line:115] INFO 程序名：reader
Tue, 02 Nov 2021 23:48:09 reader1.py[line:115] INFO 程序名：reader
Tue, 02 Nov 2021 23:48:09 reader1.py[line:115] INFO 程序名：reader
Tue, 02 Nov 2021 23:48:09 reader1.py[line:115] INFO 程序名：reader
Tue, 02 Nov 2021 23:48:09 reader1.py[line:115] INFO 程序名：reader
Tue, 02 Nov 2021 23:48:09 reader1.py[line:115] INFO 程序名：reader
Tue, 02 Nov 2021 23:48:09 reader1.py[line:115] INFO 程序名：reader
Tue, 02 Nov 2021 23:48:09 reader1.py[line:115] INFO 程序名：reader
Tue, 02 Nov 2021 23:48:10 reader1.py[line:115] INFO 程序名：reader
Tue, 02 Nov 2021 23:48:10 reader1.py[line:115] INFO 程序名：reader
Tue, 02 Nov 2021 23:48:10 reader1.py[line:115] INFO 程序名：reader
Tue, 02 Nov 2021 23:48:10 reader1.py[line:115] INFO 程序名：reader
Tue, 02 Nov 2021 23:48:10 reader1.py[line:115] INFO 程序名：reader
Tue, 02 Nov 2021 23:48:10 reader1.py[line:115] INFO 程序名：reader
Tue, 02 Nov 2021 23:48:10 reader1.py[line:115] INFO 程序名：reader
Tue, 02 Nov 2021 23:48:10 reader1.py[line:115] INFO 程序名：reader
Tue, 02 Nov 2021 23:48:10 reader1.py[line:115] INFO 程序名：reader
Tue, 02 Nov 2021 23:48:11 reader1.py[line:115] INFO 程序名：reader
Tue, 02 Nov 2021 23:48:11 reader1.py[line:115] INFO 程序名：reader
Tue, 02 Nov 2021 23:48:11 reader1.py[line:115] INFO 程序名：reader
Tue, 02 Nov 2021 23:48:11 reader1.py[line:115] INFO 程序名：reader
Tue, 02 Nov 2021 23:48:11 reader1.py[line:115] INFO 程序名：reader
Tue, 02 Nov 2021 23:48:11 reader1.py[line:115] INFO 程序名：reader
Tue, 02 Nov 2021 23:48:11 reader1.py[line:115] INFO 程序名：reader
Tue, 02 Nov 2021 23:48:11 reader1.py[line:115] INFO 程序名：reader
Tue, 02 Nov 2021 23:48:12 reader1.py[line:115] INFO 程序名：reader
Tue, 02 Nov 2021 23:48:12 reader1.py[line:115] INFO 程序名：reader
Tue, 02 Nov 2021 23:48:12 reader1.py[line:115] INFO 程序名：reader
Tue, 02 Nov 2021 23:48:12 reader1.py[line:115] INFO 程序名：reader
Tue, 02 Nov 2021 23:48:12 reader1.py[line:115] INFO 程序名：reader
Tue, 02 Nov 2021 23:48:12 reader1.py[line:115] INFO 程序名：reader
Tue, 02 Nov 2021 23:48:12 reader1.py[line:115] INFO 程序名：reader
Tue, 02 Nov 2021 23:48:12 reader1.py[line:115] INFO 程序名：reader
Tue, 02 Nov 2021 23:48:12 reader1.py[line:115] INFO 程序名：reader
Tue, 02 Nov 2021 23:48:13 reader1.py[line:115] INFO 程序名：reader
Tue, 02 Nov 2021 23:48:13 reader1.py[line:115] INFO 程序名：reader
Tue, 02 Nov 2021 23:48:13 reader1.py[line:115] INFO 程序名：reader
Tue, 02 Nov 2021 23:48:13 reader1.py[line:115] INFO 程序名：reader
Tue, 02 Nov 2021 23:48:13 reader1.py[line:115] INFO 程序名：reader
Tue, 02 Nov 2021 23:48:13 reader1.py[line:115] INFO 程序名：reader
Tue, 02 Nov 2021 23:48:13 reader1.py[line:115] INFO 程序名：reader
Tue, 02 Nov 2021 23:48:13 reader1.py[line:115] INFO 程序名：reader
Tue, 02 Nov 2021 23:48:14 reader1.py[line:115] INFO 程序名：reader
Tue, 02 Nov 2021 23:48:14 reader1.py[line:115] INFO 程序名：reader
Tue, 02 Nov 2021 23:48:14 reader1.py[line:115] INFO 程序名：reader
Tue, 02 Nov 2021 23:48:14 reader1.py[line:115] INFO 程序名：reader
Tue, 02 Nov 2021 23:48:14 reader1.py[line:115] INFO 程序名：reader
Tue, 02 Nov 2021 23:48:14 reader1.py[line:115] INFO 程序名：reader
Tue, 02 Nov 2021 23:48:14 reader1.py[line:115] INFO 程序名：reader
Tue, 02 Nov 2021 23:48:14 reader1.py[line:115] INFO 程序名：reader
Tue, 02 Nov 2021 23:48:14 reader1.py[line:115] INFO 程序名：reader
Tue, 02 Nov 2021 23:48:15 reader1.py[line:115] INFO 程序名：reader
Tue, 02 Nov 2021 23:48:15 reader1.py[line:115] INFO 程序名：reader
Tue, 02 Nov 2021 23:48:15 reader1.py[line:115] INFO 程序名：reader
Tue, 02 Nov 2021 23:48:15 reader1.py[line:115] INFO 程序名：reader
Tue, 02 Nov 2021 23:48:15 reader1.py[line:115] INFO 程序名：reader
Tue, 02 Nov 2021 23:48:15 reader1.py[line:115] INFO 程序名：reader
Tue, 02 Nov 2021 23:48:15 reader1.py[line:115] INFO 程序名：reader
Tue, 02 Nov 2021 23:48:15 reader1.py[line:115] INFO 程序名：reader
Tue, 02 Nov 2021 23:48:16 reader1.py[line:115] INFO 程序名：reader
Tue, 02 Nov 2021 23:48:16 reader1.py[line:115] INFO 程序名：reader
Tue, 02 Nov 2021 23:48:16 reader1.py[line:115] INFO 程序名：reader
Tue, 02 Nov 2021 23:48:16 reader1.py[line:115] INFO 程序名：reader
Tue, 02 Nov 2021 23:48:16 reader1.py[line:115] INFO 程序名：reader
Tue, 02 Nov 2021 23:48:16 reader1.py[line:115] INFO 程序名：reader
Tue, 02 Nov 2021 23:48:16 reader1.py[line:115] INFO 程序名：reader
Tue, 02 Nov 2021 23:48:16 reader1.py[line:115] INFO 程序名：reader
Tue, 02 Nov 2021 23:48:17 reader1.py[line:115] INFO 程序名：reader
Tue, 02 Nov 2021 23:48:17 reader1.py[line:115] INFO 程序名：reader
Tue, 02 Nov 2021 23:48:17 reader1.py[line:115] INFO 程序名：reader
Tue, 02 Nov 2021 23:48:17 reader1.py[line:115] INFO 程序名：reader
Tue, 02 Nov 2021 23:48:17 reader1.py[line:115] INFO 程序名：reader
Tue, 02 Nov 2021 23:48:17 reader1.py[line:115] INFO 程序名：reader
Tue, 02 Nov 2021 23:48:17 reader1.py[line:115] INFO 程序名：reader
Tue, 02 Nov 2021 23:48:17 reader1.py[line:115] INFO 程序名：reader
Tue, 02 Nov 2021 23:48:17 reader1.py[line:115] INFO 程序名：reader
Tue, 02 Nov 2021 23:48:18 reader1.py[line:115] INFO 程序名：reader
Tue, 02 Nov 2021 23:48:18 reader1.py[line:115] INFO 程序名：reader
Tue, 02 Nov 2021 23:48:18 reader1.py[line:115] INFO 程序名：reader
Tue, 02 Nov 2021 23:48:18 reader1.py[line:115] INFO 程序名：reader
Tue, 02 Nov 2021 23:48:18 reader1.py[line:115] INFO 程序名：reader
Tue, 02 Nov 2021 23:48:18 reader1.py[line:115] INFO 程序名：reader
Tue, 02 Nov 2021 23:48:18 reader1.py[line:115] INFO 程序名：reader
Tue, 02 Nov 2021 23:48:18 reader1.py[line:115] INFO 程序名：reader
Tue, 02 Nov 2021 23:48:19 reader1.py[line:115] INFO 程序名：reader
Tue, 02 Nov 2021 23:48:19 reader1.py[line:115] INFO 程序名：reader
Tue, 02 Nov 2021 23:48:19 reader1.py[line:115] INFO 程序名：reader
Tue, 02 Nov 2021 23:48:19 reader1.py[line:115] INFO 程序名：reader
Tue, 02 Nov 2021 23:48:19 reader1.py[line:115] INFO 程序名：reader
Tue, 02 Nov 2021 23:48:19 reader1.py[line:115] INFO 程序名：reader
Tue, 02 Nov 2021 23:48:19 reader1.py[line:115] INFO 程序名：reader
Tue, 02 Nov 2021 23:48:19 reader1.py[line:115] INFO 程序名：reader
Tue, 02 Nov 2021 23:48:19 reader1.py[line:115] INFO 程序名：reader
Tue, 02 Nov 2021 23:48:20 reader1.py[line:115] INFO 程序名：reader
Tue, 02 Nov 2021 23:48:20 reader1.py[line:115] INFO 程序名：reader
Tue, 02 Nov 2021 23:48:20 reader1.py[line:115] INFO 程序名：reader
Tue, 02 Nov 2021 23:48:20 reader1.py[line:115] INFO 程序名：reader
Tue, 02 Nov 2021 23:48:20 reader1.py[line:115] INFO 程序名：reader
Tue, 02 Nov 2021 23:48:20 reader1.py[line:115] INFO 程序名：reader
Tue, 02 Nov 2021 23:48:20 reader1.py[line:115] INFO 程序名：reader
Tue, 02 Nov 2021 23:48:20 reader1.py[line:115] INFO 程序名：reader
Tue, 02 Nov 2021 23:48:21 reader1.py[line:115] INFO 程序名：reader
Tue, 02 Nov 2021 23:48:21 reader1.py[line:115] INFO 程序名：reader
Tue, 02 Nov 2021 23:48:21 reader1.py[line:115] INFO 程序名：reader
Tue, 02 Nov 2021 23:48:21 reader1.py[line:115] INFO 程序名：reader
Tue, 02 Nov 2021 23:48:21 reader1.py[line:115] INFO 程序名：reader
Tue, 02 Nov 2021 23:48:21 reader1.py[line:115] INFO 程序名：reader
Tue, 02 Nov 2021 23:48:21 reader1.py[line:115] INFO 程序名：reader
Tue, 02 Nov 2021 23:48:21 reader1.py[line:115] INFO 程序名：reader
Tue, 02 Nov 2021 23:48:21 reader1.py[line:115] INFO 程序名：reader
Tue, 02 Nov 2021 23:48:22 reader1.py[line:115] INFO 程序名：reader
Tue, 02 Nov 2021 23:48:22 reader1.py[line:115] INFO 程序名：reader
Tue, 02 Nov 2021 23:48:22 reader1.py[line:115] INFO 程序名：reader
Tue, 02 Nov 2021 23:48:22 reader1.py[line:115] INFO 程序名：reader
Tue, 02 Nov 2021 23:48:22 reader1.py[line:115] INFO 程序名：reader
Tue, 02 Nov 2021 23:48:22 reader1.py[line:115] INFO 程序名：reader
Tue, 02 Nov 2021 23:48:22 reader1.py[line:115] INFO 程序名：reader
Tue, 02 Nov 2021 23:48:22 reader1.py[line:115] INFO 程序名：reader
Tue, 02 Nov 2021 23:48:23 reader1.py[line:115] INFO 程序名：reader
Tue, 02 Nov 2021 23:48:23 reader1.py[line:115] INFO 程序名：reader
Tue, 02 Nov 2021 23:48:23 reader1.py[line:115] INFO 程序名：reader
Tue, 02 Nov 2021 23:48:23 reader1.py[line:115] INFO 程序名：reader
Tue, 02 Nov 2021 23:48:23 reader1.py[line:115] INFO 程序名：reader
Tue, 02 Nov 2021 23:48:23 reader1.py[line:115] INFO 程序名：reader
Tue, 02 Nov 2021 23:48:23 reader1.py[line:115] INFO 程序名：reader
Tue, 02 Nov 2021 23:48:23 reader1.py[line:115] INFO 程序名：reader
Tue, 02 Nov 2021 23:48:23 reader1.py[line:115] INFO 程序名：reader
Tue, 02 Nov 2021 23:48:24 reader1.py[line:115] INFO 程序名：reader
Tue, 02 Nov 2021 23:48:24 reader1.py[line:115] INFO 程序名：reader
Tue, 02 Nov 2021 23:48:24 reader1.py[line:115] INFO 程序名：reader
Tue, 02 Nov 2021 23:48:24 reader1.py[line:115] INFO 程序名：reader
Tue, 02 Nov 2021 23:48:24 reader1.py[line:115] INFO 程序名：reader
Tue, 02 Nov 2021 23:48:24 reader1.py[line:115] INFO 程序名：reader
Tue, 02 Nov 2021 23:48:24 reader1.py[line:115] INFO 程序名：reader
Tue, 02 Nov 2021 23:48:24 reader1.py[line:115] INFO 程序名：reader
Tue, 02 Nov 2021 23:48:25 reader1.py[line:115] INFO 程序名：reader
Tue, 02 Nov 2021 23:48:25 reader1.py[line:115] INFO 程序名：reader
Tue, 02 Nov 2021 23:48:25 reader1.py[line:115] INFO 程序名：reader
Tue, 02 Nov 2021 23:48:25 reader1.py[line:115] INFO 程序名：reader
Tue, 02 Nov 2021 23:48:25 reader1.py[line:115] INFO 程序名：reader
Tue, 02 Nov 2021 23:48:25 reader1.py[line:115] INFO 程序名：reader
Tue, 02 Nov 2021 23:48:25 reader1.py[line:115] INFO 程序名：reader
Tue, 02 Nov 2021 23:48:25 reader1.py[line:115] INFO 程序名：reader
Tue, 02 Nov 2021 23:48:26 reader1.py[line:115] INFO 程序名：reader
Tue, 02 Nov 2021 23:48:26 reader1.py[line:115] INFO 程序名：reader
Tue, 02 Nov 2021 23:48:26 reader1.py[line:115] INFO 程序名：reader
Tue, 02 Nov 2021 23:48:26 reader1.py[line:115] INFO 程序名：reader
Tue, 02 Nov 2021 23:48:26 reader1.py[line:115] INFO 程序名：reader
Tue, 02 Nov 2021 23:48:26 reader1.py[line:115] INFO 程序名：reader
Tue, 02 Nov 2021 23:48:26 reader1.py[line:115] INFO 程序名：reader
Tue, 02 Nov 2021 23:48:26 reader1.py[line:115] INFO 程序名：reader
Tue, 02 Nov 2021 23:48:26 reader1.py[line:115] INFO 程序名：reader
Tue, 02 Nov 2021 23:48:27 reader1.py[line:115] INFO 程序名：reader
Tue, 02 Nov 2021 23:48:27 reader1.py[line:115] INFO 程序名：reader
Tue, 02 Nov 2021 23:48:27 reader1.py[line:115] INFO 程序名：reader
Tue, 02 Nov 2021 23:48:27 reader1.py[line:115] INFO 程序名：reader
Tue, 02 Nov 2021 23:48:27 reader1.py[line:115] INFO 程序名：reader
Tue, 02 Nov 2021 23:48:27 reader1.py[line:115] INFO 程序名：reader
Tue, 02 Nov 2021 23:48:27 reader1.py[line:115] INFO 程序名：reader
Tue, 02 Nov 2021 23:48:27 reader1.py[line:115] INFO 程序名：reader
Tue, 02 Nov 2021 23:48:27 reader1.py[line:115] INFO 程序名：reader
Tue, 02 Nov 2021 23:48:28 reader1.py[line:115] INFO 程序名：reader
Tue, 02 Nov 2021 23:48:28 reader1.py[line:115] INFO 程序名：reader
Tue, 02 Nov 2021 23:48:28 reader1.py[line:115] INFO 程序名：reader
Tue, 02 Nov 2021 23:48:28 reader1.py[line:115] INFO 程序名：reader
Tue, 02 Nov 2021 23:48:28 reader1.py[line:115] INFO 程序名：reader
Tue, 02 Nov 2021 23:48:28 reader1.py[line:115] INFO 程序名：reader
Tue, 02 Nov 2021 23:48:28 reader1.py[line:115] INFO 程序名：reader
Tue, 02 Nov 2021 23:48:28 reader1.py[line:115] INFO 程序名：reader
Tue, 02 Nov 2021 23:48:29 reader1.py[line:115] INFO 程序名：reader
Tue, 02 Nov 2021 23:48:29 reader1.py[line:115] INFO 程序名：reader
Tue, 02 Nov 2021 23:48:29 reader1.py[line:115] INFO 程序名：reader
Tue, 02 Nov 2021 23:48:29 reader1.py[line:115] INFO 程序名：reader
Tue, 02 Nov 2021 23:48:29 reader1.py[line:115] INFO 程序名：reader
Tue, 02 Nov 2021 23:48:29 reader1.py[line:115] INFO 程序名：reader
Tue, 02 Nov 2021 23:48:29 reader1.py[line:115] INFO 程序名：reader
Tue, 02 Nov 2021 23:48:29 reader1.py[line:115] INFO 程序名：reader
Tue, 02 Nov 2021 23:48:29 reader1.py[line:115] INFO 程序名：reader
Tue, 02 Nov 2021 23:48:30 reader1.py[line:115] INFO 程序名：reader
Tue, 02 Nov 2021 23:48:30 reader1.py[line:115] INFO 程序名：reader
Tue, 02 Nov 2021 23:48:30 reader1.py[line:115] INFO 程序名：reader
Tue, 02 Nov 2021 23:48:30 reader1.py[line:115] INFO 程序名：reader
Tue, 02 Nov 2021 23:48:30 reader1.py[line:115] INFO 程序名：reader
Tue, 02 Nov 2021 23:48:30 reader1.py[line:115] INFO 程序名：reader
Tue, 02 Nov 2021 23:48:30 reader1.py[line:115] INFO 程序名：reader
Tue, 02 Nov 2021 23:48:30 reader1.py[line:115] INFO 程序名：reader
Tue, 02 Nov 2021 23:48:31 reader1.py[line:115] INFO 程序名：reader
Tue, 02 Nov 2021 23:48:31 reader1.py[line:115] INFO 程序名：reader
Tue, 02 Nov 2021 23:48:31 reader1.py[line:115] INFO 程序名：reader
Tue, 02 Nov 2021 23:48:31 reader1.py[line:115] INFO 程序名：reader
Tue, 02 Nov 2021 23:48:31 reader1.py[line:115] INFO 程序名：reader
Tue, 02 Nov 2021 23:48:31 reader1.py[line:115] INFO 程序名：reader
Tue, 02 Nov 2021 23:48:31 reader1.py[line:115] INFO 程序名：reader
Tue, 02 Nov 2021 23:48:31 reader1.py[line:115] INFO 程序名：reader
Tue, 02 Nov 2021 23:48:31 reader1.py[line:115] INFO 程序名：reader
Tue, 02 Nov 2021 23:48:32 reader1.py[line:115] INFO 程序名：reader
Tue, 02 Nov 2021 23:48:32 reader1.py[line:115] INFO 程序名：reader
Tue, 02 Nov 2021 23:48:32 reader1.py[line:115] INFO 程序名：reader
Tue, 02 Nov 2021 23:48:32 reader1.py[line:115] INFO 程序名：reader
Tue, 02 Nov 2021 23:48:32 reader1.py[line:115] INFO 程序名：reader
Tue, 02 Nov 2021 23:48:32 reader1.py[line:115] INFO 程序名：reader
Tue, 02 Nov 2021 23:48:32 reader1.py[line:115] INFO 程序名：reader
Tue, 02 Nov 2021 23:48:32 reader1.py[line:115] INFO 程序名：reader
Tue, 02 Nov 2021 23:48:33 reader1.py[line:115] INFO 程序名：reader
Tue, 02 Nov 2021 23:48:33 reader1.py[line:115] INFO 程序名：reader
Tue, 02 Nov 2021 23:48:33 reader1.py[line:115] INFO 程序名：reader
Tue, 02 Nov 2021 23:48:33 reader1.py[line:115] INFO 程序名：reader
Tue, 02 Nov 2021 23:48:33 reader1.py[line:115] INFO 程序名：reader
Tue, 02 Nov 2021 23:48:33 reader1.py[line:115] INFO 程序名：reader
Tue, 02 Nov 2021 23:48:33 reader1.py[line:115] INFO 程序名：reader
Tue, 02 Nov 2021 23:48:33 reader1.py[line:115] INFO 程序名：reader
Tue, 02 Nov 2021 23:48:33 reader1.py[line:115] INFO 程序名：reader
Tue, 02 Nov 2021 23:48:34 reader1.py[line:115] INFO 程序名：reader
Tue, 02 Nov 2021 23:48:34 reader1.py[line:115] INFO 程序名：reader
Tue, 02 Nov 2021 23:48:34 reader1.py[line:115] INFO 程序名：reader
Tue, 02 Nov 2021 23:48:34 reader1.py[line:115] INFO 程序名：reader
Tue, 02 Nov 2021 23:48:34 reader1.py[line:115] INFO 程序名：reader
Tue, 02 Nov 2021 23:48:34 reader1.py[line:115] INFO 程序名：reader
Tue, 02 Nov 2021 23:48:34 reader1.py[line:115] INFO 程序名：reader
Tue, 02 Nov 2021 23:48:34 reader1.py[line:115] INFO 程序名：reader
Tue, 02 Nov 2021 23:48:35 reader1.py[line:115] INFO 程序名：reader
Tue, 02 Nov 2021 23:48:35 reader1.py[line:115] INFO 程序名：reader
Tue, 02 Nov 2021 23:48:35 reader1.py[line:115] INFO 程序名：reader
Tue, 02 Nov 2021 23:48:35 reader1.py[line:115] INFO 程序名：reader
Tue, 02 Nov 2021 23:48:35 reader1.py[line:115] INFO 程序名：reader
Tue, 02 Nov 2021 23:48:35 reader1.py[line:115] INFO 程序名：reader
Tue, 02 Nov 2021 23:48:35 reader1.py[line:115] INFO 程序名：reader
Tue, 02 Nov 2021 23:48:35 reader1.py[line:115] INFO 程序名：reader
Tue, 02 Nov 2021 23:48:35 reader1.py[line:115] INFO 程序名：reader
Tue, 02 Nov 2021 23:48:36 reader1.py[line:115] INFO 程序名：reader
Tue, 02 Nov 2021 23:48:36 reader1.py[line:115] INFO 程序名：reader
Tue, 02 Nov 2021 23:48:36 reader1.py[line:115] INFO 程序名：reader
Tue, 02 Nov 2021 23:48:36 reader1.py[line:115] INFO 程序名：reader
Tue, 02 Nov 2021 23:48:36 reader1.py[line:115] INFO 程序名：reader
Tue, 02 Nov 2021 23:48:36 reader1.py[line:115] INFO 程序名：reader
Tue, 02 Nov 2021 23:48:36 reader1.py[line:115] INFO 程序名：reader
Tue, 02 Nov 2021 23:48:36 reader1.py[line:115] INFO 程序名：reader
Tue, 02 Nov 2021 23:48:37 reader1.py[line:115] INFO 程序名：reader
Tue, 02 Nov 2021 23:48:37 reader1.py[line:115] INFO 程序名：reader
Tue, 02 Nov 2021 23:48:37 reader1.py[line:115] INFO 程序名：reader
Tue, 02 Nov 2021 23:48:37 reader1.py[line:115] INFO 程序名：reader
Tue, 02 Nov 2021 23:48:37 reader1.py[line:115] INFO 程序名：reader
Tue, 02 Nov 2021 23:48:37 reader1.py[line:115] INFO 程序名：reader
Tue, 02 Nov 2021 23:48:37 reader1.py[line:115] INFO 程序名：reader
Tue, 02 Nov 2021 23:48:37 reader1.py[line:115] INFO 程序名：reader
Tue, 02 Nov 2021 23:48:37 reader1.py[line:115] INFO 程序名：reader
Tue, 02 Nov 2021 23:48:38 reader1.py[line:115] INFO 程序名：reader
Tue, 02 Nov 2021 23:48:38 reader1.py[line:115] INFO 程序名：reader
Tue, 02 Nov 2021 23:48:38 reader1.py[line:115] INFO 程序名：reader
Tue, 02 Nov 2021 23:48:38 reader1.py[line:115] INFO 程序名：reader
Tue, 02 Nov 2021 23:48:38 reader1.py[line:115] INFO 程序名：reader
Tue, 02 Nov 2021 23:48:38 reader1.py[line:115] INFO 程序名：reader
Tue, 02 Nov 2021 23:48:38 reader1.py[line:115] INFO 程序名：reader
Tue, 02 Nov 2021 23:48:38 reader1.py[line:115] INFO 程序名：reader
Tue, 02 Nov 2021 23:48:39 reader1.py[line:115] INFO 程序名：reader
Tue, 02 Nov 2021 23:48:39 reader1.py[line:115] INFO 程序名：reader
Tue, 02 Nov 2021 23:48:39 reader1.py[line:115] INFO 程序名：reader
Tue, 02 Nov 2021 23:48:39 reader1.py[line:115] INFO 程序名：reader
Tue, 02 Nov 2021 23:48:39 reader1.py[line:115] INFO 程序名：reader
Tue, 02 Nov 2021 23:48:39 reader1.py[line:115] INFO 程序名：reader
Tue, 02 Nov 2021 23:48:39 reader1.py[line:115] INFO 程序名：reader
Tue, 02 Nov 2021 23:48:39 reader1.py[line:115] INFO 程序名：reader
Tue, 02 Nov 2021 23:48:39 reader1.py[line:115] INFO 程序名：reader
Tue, 02 Nov 2021 23:48:40 reader1.py[line:115] INFO 程序名：reader
Tue, 02 Nov 2021 23:48:40 reader1.py[line:115] INFO 程序名：reader
Tue, 02 Nov 2021 23:48:40 reader1.py[line:115] INFO 程序名：reader
Tue, 02 Nov 2021 23:48:40 reader1.py[line:115] INFO 程序名：reader
Tue, 02 Nov 2021 23:48:40 reader1.py[line:115] INFO 程序名：reader
Tue, 02 Nov 2021 23:48:40 reader1.py[line:115] INFO 程序名：reader
Tue, 02 Nov 2021 23:48:40 reader1.py[line:115] INFO 程序名：reader
Tue, 02 Nov 2021 23:48:41 reader1.py[line:115] INFO 程序名：reader
Tue, 02 Nov 2021 23:48:41 reader1.py[line:115] INFO 程序名：reader
Tue, 02 Nov 2021 23:48:41 reader1.py[line:115] INFO 程序名：reader
Tue, 02 Nov 2021 23:48:41 reader1.py[line:115] INFO 程序名：reader
Tue, 02 Nov 2021 23:48:41 reader1.py[line:115] INFO 程序名：reader
Tue, 02 Nov 2021 23:48:41 reader1.py[line:115] INFO 程序名：reader
Tue, 02 Nov 2021 23:48:41 reader1.py[line:115] INFO 程序名：reader
Tue, 02 Nov 2021 23:48:41 reader1.py[line:115] INFO 程序名：reader
Tue, 02 Nov 2021 23:48:42 reader1.py[line:115] INFO 程序名：reader
Tue, 02 Nov 2021 23:48:42 reader1.py[line:115] INFO 程序名：reader
Tue, 02 Nov 2021 23:48:42 reader1.py[line:115] INFO 程序名：reader
Tue, 02 Nov 2021 23:48:42 reader1.py[line:115] INFO 程序名：reader
Tue, 02 Nov 2021 23:48:42 reader1.py[line:115] INFO 程序名：reader
Tue, 02 Nov 2021 23:48:42 reader1.py[line:115] INFO 程序名：reader
Tue, 02 Nov 2021 23:48:42 reader1.py[line:115] INFO 程序名：reader
Tue, 02 Nov 2021 23:48:42 reader1.py[line:115] INFO 程序名：reader
Tue, 02 Nov 2021 23:48:43 reader1.py[line:115] INFO 程序名：reader
Tue, 02 Nov 2021 23:48:43 reader1.py[line:115] INFO 程序名：reader
Tue, 02 Nov 2021 23:48:43 reader1.py[line:115] INFO 程序名：reader
Tue, 02 Nov 2021 23:48:43 reader1.py[line:115] INFO 程序名：reader
Tue, 02 Nov 2021 23:48:43 reader1.py[line:115] INFO 程序名：reader
Tue, 02 Nov 2021 23:48:43 reader1.py[line:115] INFO 程序名：reader
Tue, 02 Nov 2021 23:48:43 reader1.py[line:115] INFO 程序名：reader
Tue, 02 Nov 2021 23:48:43 reader1.py[line:115] INFO 程序名：reader
Tue, 02 Nov 2021 23:48:43 reader1.py[line:115] INFO 程序名：reader
Tue, 02 Nov 2021 23:48:44 reader1.py[line:115] INFO 程序名：reader
Tue, 02 Nov 2021 23:48:44 reader1.py[line:115] INFO 程序名：reader
Tue, 02 Nov 2021 23:48:44 reader1.py[line:115] INFO 程序名：reader
Tue, 02 Nov 2021 23:48:44 reader1.py[line:115] INFO 程序名：reader
Tue, 02 Nov 2021 23:48:44 reader1.py[line:115] INFO 程序名：reader
Tue, 02 Nov 2021 23:48:44 reader1.py[line:115] INFO 程序名：reader
Tue, 02 Nov 2021 23:48:44 reader1.py[line:115] INFO 程序名：reader
Tue, 02 Nov 2021 23:48:44 reader1.py[line:115] INFO 程序名：reader
Tue, 02 Nov 2021 23:48:44 reader1.py[line:115] INFO 程序名：reader
Tue, 02 Nov 2021 23:48:45 reader1.py[line:115] INFO 程序名：reader
Tue, 02 Nov 2021 23:48:45 reader1.py[line:115] INFO 程序名：reader
Tue, 02 Nov 2021 23:48:45 reader1.py[line:115] INFO 程序名：reader
Tue, 02 Nov 2021 23:48:45 reader1.py[line:115] INFO 程序名：reader
Tue, 02 Nov 2021 23:48:45 reader1.py[line:115] INFO 程序名：reader
Tue, 02 Nov 2021 23:48:45 reader1.py[line:115] INFO 程序名：reader
Tue, 02 Nov 2021 23:48:45 reader1.py[line:115] INFO 程序名：reader
Tue, 02 Nov 2021 23:48:45 reader1.py[line:115] INFO 程序名：reader
Tue, 02 Nov 2021 23:48:46 reader1.py[line:115] INFO 程序名：reader
Tue, 02 Nov 2021 23:48:46 reader1.py[line:115] INFO 程序名：reader
Tue, 02 Nov 2021 23:48:46 reader1.py[line:115] INFO 程序名：reader
Tue, 02 Nov 2021 23:48:46 reader1.py[line:115] INFO 程序名：reader
Tue, 02 Nov 2021 23:48:46 reader1.py[line:115] INFO 程序名：reader
Tue, 02 Nov 2021 23:48:46 reader1.py[line:115] INFO 程序名：reader
Tue, 02 Nov 2021 23:48:46 reader1.py[line:115] INFO 程序名：reader
Tue, 02 Nov 2021 23:48:46 reader1.py[line:115] INFO 程序名：reader
Tue, 02 Nov 2021 23:48:46 reader1.py[line:115] INFO 程序名：reader
Tue, 02 Nov 2021 23:48:47 reader1.py[line:115] INFO 程序名：reader
Tue, 02 Nov 2021 23:48:47 reader1.py[line:115] INFO 程序名：reader
Tue, 02 Nov 2021 23:48:47 reader1.py[line:115] INFO 程序名：reader
Tue, 02 Nov 2021 23:48:47 reader1.py[line:115] INFO 程序名：reader
Tue, 02 Nov 2021 23:48:47 reader1.py[line:115] INFO 程序名：reader
Tue, 02 Nov 2021 23:48:47 reader1.py[line:115] INFO 程序名：reader
Tue, 02 Nov 2021 23:48:47 reader1.py[line:115] INFO 程序名：reader
Tue, 02 Nov 2021 23:48:47 reader1.py[line:115] INFO 程序名：reader
Tue, 02 Nov 2021 23:48:48 reader1.py[line:115] INFO 程序名：reader
Tue, 02 Nov 2021 23:48:48 reader1.py[line:115] INFO 程序名：reader
Tue, 02 Nov 2021 23:48:48 reader1.py[line:115] INFO 程序名：reader
Tue, 02 Nov 2021 23:48:48 reader1.py[line:115] INFO 程序名：reader
Tue, 02 Nov 2021 23:48:48 reader1.py[line:115] INFO 程序名：reader
Tue, 02 Nov 2021 23:48:48 reader1.py[line:115] INFO 程序名：reader
Tue, 02 Nov 2021 23:48:48 reader1.py[line:115] INFO 程序名：reader
Tue, 02 Nov 2021 23:48:48 reader1.py[line:115] INFO 程序名：reader
Tue, 02 Nov 2021 23:48:48 reader1.py[line:115] INFO 程序名：reader
Tue, 02 Nov 2021 23:48:49 reader1.py[line:115] INFO 程序名：reader
Tue, 02 Nov 2021 23:48:49 reader1.py[line:115] INFO 程序名：reader
Tue, 02 Nov 2021 23:48:49 reader1.py[line:115] INFO 程序名：reader
Tue, 02 Nov 2021 23:48:49 reader1.py[line:115] INFO 程序名：reader
Tue, 02 Nov 2021 23:48:49 reader1.py[line:115] INFO 程序名：reader
Tue, 02 Nov 2021 23:48:49 reader1.py[line:115] INFO 程序名：reader
Tue, 02 Nov 2021 23:48:49 reader1.py[line:115] INFO 程序名：reader
Tue, 02 Nov 2021 23:48:49 reader1.py[line:115] INFO 程序名：reader
Tue, 02 Nov 2021 23:48:49 reader1.py[line:115] INFO 程序名：reader
Tue, 02 Nov 2021 23:48:50 reader1.py[line:115] INFO 程序名：reader
Tue, 02 Nov 2021 23:48:50 reader1.py[line:115] INFO 程序名：reader
Tue, 02 Nov 2021 23:48:50 reader1.py[line:115] INFO 程序名：reader
Tue, 02 Nov 2021 23:48:50 reader1.py[line:115] INFO 程序名：reader
Tue, 02 Nov 2021 23:48:50 reader1.py[line:115] INFO 程序名：reader
Tue, 02 Nov 2021 23:48:50 reader1.py[line:115] INFO 程序名：reader
Tue, 02 Nov 2021 23:48:50 reader1.py[line:115] INFO 程序名：reader
Tue, 02 Nov 2021 23:48:50 reader1.py[line:115] INFO 程序名：reader
Tue, 02 Nov 2021 23:48:51 reader1.py[line:115] INFO 程序名：reader
Tue, 02 Nov 2021 23:48:51 reader1.py[line:115] INFO 程序名：reader
Tue, 02 Nov 2021 23:48:51 reader1.py[line:115] INFO 程序名：reader
Tue, 02 Nov 2021 23:48:51 reader1.py[line:115] INFO 程序名：reader
Tue, 02 Nov 2021 23:48:51 reader1.py[line:115] INFO 程序名：reader
Tue, 02 Nov 2021 23:48:51 reader1.py[line:115] INFO 程序名：reader
Tue, 02 Nov 2021 23:48:51 reader1.py[line:115] INFO 程序名：reader
Tue, 02 Nov 2021 23:48:51 reader1.py[line:115] INFO 程序名：reader
Tue, 02 Nov 2021 23:48:51 reader1.py[line:115] INFO 程序名：reader
Tue, 02 Nov 2021 23:48:52 reader1.py[line:115] INFO 程序名：reader
Tue, 02 Nov 2021 23:48:52 reader1.py[line:115] INFO 程序名：reader
Tue, 02 Nov 2021 23:48:52 reader1.py[line:115] INFO 程序名：reader
Tue, 02 Nov 2021 23:48:52 reader1.py[line:115] INFO 程序名：reader
Tue, 02 Nov 2021 23:48:52 reader1.py[line:115] INFO 程序名：reader
Tue, 02 Nov 2021 23:48:52 reader1.py[line:115] INFO 程序名：reader
Tue, 02 Nov 2021 23:48:52 reader1.py[line:115] INFO 程序名：reader
Tue, 02 Nov 2021 23:48:52 reader1.py[line:115] INFO 程序名：reader
Tue, 02 Nov 2021 23:48:52 reader1.py[line:115] INFO 程序名：reader
Tue, 02 Nov 2021 23:48:53 reader1.py[line:115] INFO 程序名：reader
Tue, 02 Nov 2021 23:48:53 reader1.py[line:115] INFO 程序名：reader
Tue, 02 Nov 2021 23:48:53 reader1.py[line:115] INFO 程序名：reader
Tue, 02 Nov 2021 23:48:53 reader1.py[line:115] INFO 程序名：reader
Tue, 02 Nov 2021 23:48:53 reader1.py[line:115] INFO 程序名：reader
Tue, 02 Nov 2021 23:48:53 reader1.py[line:115] INFO 程序名：reader
Tue, 02 Nov 2021 23:48:53 reader1.py[line:115] INFO 程序名：reader
Tue, 02 Nov 2021 23:48:53 reader1.py[line:115] INFO 程序名：reader
Tue, 02 Nov 2021 23:48:54 reader1.py[line:115] INFO 程序名：reader
Tue, 02 Nov 2021 23:48:54 reader1.py[line:115] INFO 程序名：reader
Tue, 02 Nov 2021 23:48:54 reader1.py[line:115] INFO 程序名：reader
Tue, 02 Nov 2021 23:48:54 reader1.py[line:115] INFO 程序名：reader
Tue, 02 Nov 2021 23:48:54 reader1.py[line:115] INFO 程序名：reader
Tue, 02 Nov 2021 23:48:54 reader1.py[line:115] INFO 程序名：reader
Tue, 02 Nov 2021 23:48:54 reader1.py[line:115] INFO 程序名：reader
Tue, 02 Nov 2021 23:48:54 reader1.py[line:115] INFO 程序名：reader
Tue, 02 Nov 2021 23:48:54 reader1.py[line:115] INFO 程序名：reader
Tue, 02 Nov 2021 23:48:55 reader1.py[line:115] INFO 程序名：reader
Tue, 02 Nov 2021 23:48:55 reader1.py[line:115] INFO 程序名：reader
Tue, 02 Nov 2021 23:48:55 reader1.py[line:115] INFO 程序名：reader
Tue, 02 Nov 2021 23:48:55 reader1.py[line:115] INFO 程序名：reader
Tue, 02 Nov 2021 23:48:55 reader1.py[line:115] INFO 程序名：reader
Tue, 02 Nov 2021 23:48:55 reader1.py[line:115] INFO 程序名：reader
Tue, 02 Nov 2021 23:48:55 reader1.py[line:115] INFO 程序名：reader
Tue, 02 Nov 2021 23:48:55 reader1.py[line:115] INFO 程序名：reader
Tue, 02 Nov 2021 23:48:55 reader1.py[line:115] INFO 程序名：reader
Tue, 02 Nov 2021 23:48:56 reader1.py[line:115] INFO 程序名：reader
Tue, 02 Nov 2021 23:48:56 reader1.py[line:115] INFO 程序名：reader
Tue, 02 Nov 2021 23:48:56 reader1.py[line:115] INFO 程序名：reader
Tue, 02 Nov 2021 23:48:56 reader1.py[line:115] INFO 程序名：reader
Tue, 02 Nov 2021 23:48:56 reader1.py[line:115] INFO 程序名：reader
Tue, 02 Nov 2021 23:48:56 reader1.py[line:115] INFO 程序名：reader
Tue, 02 Nov 2021 23:48:56 reader1.py[line:115] INFO 程序名：reader
Tue, 02 Nov 2021 23:48:56 reader1.py[line:115] INFO 程序名：reader
Tue, 02 Nov 2021 23:48:57 reader1.py[line:115] INFO 程序名：reader
Tue, 02 Nov 2021 23:48:57 reader1.py[line:115] INFO 程序名：reader
Tue, 02 Nov 2021 23:48:57 reader1.py[line:115] INFO 程序名：reader
Tue, 02 Nov 2021 23:48:57 reader1.py[line:115] INFO 程序名：reader
Tue, 02 Nov 2021 23:48:57 reader1.py[line:115] INFO 程序名：reader
Tue, 02 Nov 2021 23:48:57 reader1.py[line:115] INFO 程序名：reader
Tue, 02 Nov 2021 23:48:57 reader1.py[line:115] INFO 程序名：reader
Tue, 02 Nov 2021 23:48:57 reader1.py[line:115] INFO 程序名：reader
Tue, 02 Nov 2021 23:48:57 reader1.py[line:115] INFO 程序名：reader
Tue, 02 Nov 2021 23:48:58 reader1.py[line:115] INFO 程序名：reader
Tue, 02 Nov 2021 23:48:58 reader1.py[line:115] INFO 程序名：reader
Tue, 02 Nov 2021 23:48:58 reader1.py[line:115] INFO 程序名：reader
Tue, 02 Nov 2021 23:48:58 reader1.py[line:115] INFO 程序名：reader
Tue, 02 Nov 2021 23:48:58 reader1.py[line:115] INFO 程序名：reader
Tue, 02 Nov 2021 23:48:58 reader1.py[line:115] INFO 程序名：reader
Tue, 02 Nov 2021 23:48:58 reader1.py[line:115] INFO 程序名：reader
Tue, 02 Nov 2021 23:48:58 reader1.py[line:115] INFO 程序名：reader
Tue, 02 Nov 2021 23:48:59 reader1.py[line:115] INFO 程序名：reader
Tue, 02 Nov 2021 23:48:59 reader1.py[line:115] INFO 程序名：reader
Tue, 02 Nov 2021 23:48:59 reader1.py[line:115] INFO 程序名：reader
Tue, 02 Nov 2021 23:48:59 reader1.py[line:115] INFO 程序名：reader
Tue, 02 Nov 2021 23:48:59 reader1.py[line:115] INFO 程序名：reader
Tue, 02 Nov 2021 23:48:59 reader1.py[line:115] INFO 程序名：reader
Tue, 02 Nov 2021 23:48:59 reader1.py[line:115] INFO 程序名：reader
Tue, 02 Nov 2021 23:48:59 reader1.py[line:115] INFO 程序名：reader
Tue, 02 Nov 2021 23:49:00 reader1.py[line:115] INFO 程序名：reader
Tue, 02 Nov 2021 23:49:00 reader1.py[line:115] INFO 程序名：reader
Tue, 02 Nov 2021 23:49:00 reader1.py[line:115] INFO 程序名：reader
Tue, 02 Nov 2021 23:49:00 reader1.py[line:115] INFO 程序名：reader
Tue, 02 Nov 2021 23:49:00 reader1.py[line:115] INFO 程序名：reader
Tue, 02 Nov 2021 23:49:00 reader1.py[line:115] INFO 程序名：reader
Tue, 02 Nov 2021 23:49:00 reader1.py[line:115] INFO 程序名：reader
Tue, 02 Nov 2021 23:49:00 reader1.py[line:115] INFO 程序名：reader
Tue, 02 Nov 2021 23:49:00 reader1.py[line:115] INFO 程序名：reader
Tue, 02 Nov 2021 23:49:01 reader1.py[line:115] INFO 程序名：reader
Tue, 02 Nov 2021 23:49:01 reader1.py[line:115] INFO 程序名：reader
Tue, 02 Nov 2021 23:49:01 reader1.py[line:115] INFO 程序名：reader
Tue, 02 Nov 2021 23:49:01 reader1.py[line:115] INFO 程序名：reader
Tue, 02 Nov 2021 23:49:01 reader1.py[line:115] INFO 程序名：reader
Tue, 02 Nov 2021 23:49:01 reader1.py[line:115] INFO 程序名：reader
Tue, 02 Nov 2021 23:49:01 reader1.py[line:115] INFO 程序名：reader
Tue, 02 Nov 2021 23:49:01 reader1.py[line:115] INFO 程序名：reader
Tue, 02 Nov 2021 23:49:02 reader1.py[line:115] INFO 程序名：reader
Tue, 02 Nov 2021 23:49:02 reader1.py[line:115] INFO 程序名：reader
Tue, 02 Nov 2021 23:49:02 reader1.py[line:115] INFO 程序名：reader
Tue, 02 Nov 2021 23:49:02 reader1.py[line:115] INFO 程序名：reader
Tue, 02 Nov 2021 23:49:02 reader1.py[line:115] INFO 程序名：reader
Tue, 02 Nov 2021 23:49:02 reader1.py[line:115] INFO 程序名：reader
Tue, 02 Nov 2021 23:49:02 reader1.py[line:115] INFO 程序名：reader
Tue, 02 Nov 2021 23:49:02 reader1.py[line:115] INFO 程序名：reader
Tue, 02 Nov 2021 23:49:02 reader1.py[line:115] INFO 程序名：reader
Tue, 02 Nov 2021 23:49:03 reader1.py[line:115] INFO 程序名：reader
Tue, 02 Nov 2021 23:49:03 reader1.py[line:115] INFO 程序名：reader
Tue, 02 Nov 2021 23:49:03 reader1.py[line:115] INFO 程序名：reader
Tue, 02 Nov 2021 23:49:03 reader1.py[line:115] INFO 程序名：reader
Tue, 02 Nov 2021 23:49:03 reader1.py[line:115] INFO 程序名：reader
Tue, 02 Nov 2021 23:49:03 reader1.py[line:115] INFO 程序名：reader
Tue, 02 Nov 2021 23:49:03 reader1.py[line:115] INFO 程序名：reader
Tue, 02 Nov 2021 23:49:03 reader1.py[line:115] INFO 程序名：reader
Tue, 02 Nov 2021 23:49:04 reader1.py[line:115] INFO 程序名：reader
Tue, 02 Nov 2021 23:49:04 reader1.py[line:115] INFO 程序名：reader
Tue, 02 Nov 2021 23:49:04 reader1.py[line:115] INFO 程序名：reader
Tue, 02 Nov 2021 23:49:04 reader1.py[line:115] INFO 程序名：reader
Tue, 02 Nov 2021 23:49:04 reader1.py[line:115] INFO 程序名：reader
Tue, 02 Nov 2021 23:49:04 reader1.py[line:115] INFO 程序名：reader
Tue, 02 Nov 2021 23:49:04 reader1.py[line:115] INFO 程序名：reader
Tue, 02 Nov 2021 23:49:04 reader1.py[line:115] INFO 程序名：reader
Tue, 02 Nov 2021 23:49:04 reader1.py[line:115] INFO 程序名：reader
Tue, 02 Nov 2021 23:49:05 reader1.py[line:115] INFO 程序名：reader
Tue, 02 Nov 2021 23:49:05 reader1.py[line:115] INFO 程序名：reader
Tue, 02 Nov 2021 23:49:05 reader1.py[line:115] INFO 程序名：reader
Tue, 02 Nov 2021 23:49:05 reader1.py[line:115] INFO 程序名：reader
Tue, 02 Nov 2021 23:49:05 reader1.py[line:115] INFO 程序名：reader
Tue, 02 Nov 2021 23:49:05 reader1.py[line:115] INFO 程序名：reader
Tue, 02 Nov 2021 23:49:05 reader1.py[line:115] INFO 程序名：reader
Tue, 02 Nov 2021 23:49:05 reader1.py[line:115] INFO 程序名：reader
Tue, 02 Nov 2021 23:49:06 reader1.py[line:115] INFO 程序名：reader
Tue, 02 Nov 2021 23:49:06 reader1.py[line:115] INFO 程序名：reader
Tue, 02 Nov 2021 23:49:06 reader1.py[line:115] INFO 程序名：reader
Tue, 02 Nov 2021 23:49:06 reader1.py[line:115] INFO 程序名：reader
Tue, 02 Nov 2021 23:49:06 reader1.py[line:115] INFO 程序名：reader
Tue, 02 Nov 2021 23:49:06 reader1.py[line:115] INFO 程序名：reader
Tue, 02 Nov 2021 23:49:06 reader1.py[line:115] INFO 程序名：reader
Tue, 02 Nov 2021 23:49:06 reader1.py[line:115] INFO 程序名：reader
Tue, 02 Nov 2021 23:49:06 reader1.py[line:115] INFO 程序名：reader
Tue, 02 Nov 2021 23:49:07 reader1.py[line:115] INFO 程序名：reader
Tue, 02 Nov 2021 23:49:07 reader1.py[line:115] INFO 程序名：reader
Tue, 02 Nov 2021 23:49:07 reader1.py[line:115] INFO 程序名：reader
Tue, 02 Nov 2021 23:49:07 reader1.py[line:115] INFO 程序名：reader
Tue, 02 Nov 2021 23:49:07 reader1.py[line:115] INFO 程序名：reader
Tue, 02 Nov 2021 23:49:07 reader1.py[line:115] INFO 程序名：reader
Tue, 02 Nov 2021 23:49:07 reader1.py[line:115] INFO 程序名：reader
Tue, 02 Nov 2021 23:49:07 reader1.py[line:115] INFO 程序名：reader
Tue, 02 Nov 2021 23:49:07 reader1.py[line:115] INFO 程序名：reader
Tue, 02 Nov 2021 23:49:08 reader1.py[line:115] INFO 程序名：reader
Tue, 02 Nov 2021 23:49:08 reader1.py[line:115] INFO 程序名：reader
Tue, 02 Nov 2021 23:49:08 reader1.py[line:115] INFO 程序名：reader
Tue, 02 Nov 2021 23:49:08 reader1.py[line:115] INFO 程序名：reader
Tue, 02 Nov 2021 23:49:08 reader1.py[line:115] INFO 程序名：reader
Tue, 02 Nov 2021 23:49:08 reader1.py[line:115] INFO 程序名：reader
Tue, 02 Nov 2021 23:49:08 reader1.py[line:115] INFO 程序名：reader
Tue, 02 Nov 2021 23:49:08 reader1.py[line:115] INFO 程序名：reader
Tue, 02 Nov 2021 23:49:09 reader1.py[line:115] INFO 程序名：reader
Tue, 02 Nov 2021 23:49:09 reader1.py[line:115] INFO 程序名：reader
Tue, 02 Nov 2021 23:49:09 reader1.py[line:115] INFO 程序名：reader
Tue, 02 Nov 2021 23:49:09 reader1.py[line:115] INFO 程序名：reader
Tue, 02 Nov 2021 23:49:09 reader1.py[line:115] INFO 程序名：reader
Tue, 02 Nov 2021 23:49:09 reader1.py[line:115] INFO 程序名：reader
Tue, 02 Nov 2021 23:49:09 reader1.py[line:115] INFO 程序名：reader
Tue, 02 Nov 2021 23:49:09 reader1.py[line:115] INFO 程序名：reader
Tue, 02 Nov 2021 23:49:10 reader1.py[line:115] INFO 程序名：reader
Tue, 02 Nov 2021 23:49:10 reader1.py[line:115] INFO 程序名：reader
Tue, 02 Nov 2021 23:49:10 reader1.py[line:115] INFO 程序名：reader
Tue, 02 Nov 2021 23:49:10 reader1.py[line:115] INFO 程序名：reader
Tue, 02 Nov 2021 23:49:10 reader1.py[line:115] INFO 程序名：reader
Tue, 02 Nov 2021 23:49:10 reader1.py[line:115] INFO 程序名：reader
Tue, 02 Nov 2021 23:49:10 reader1.py[line:115] INFO 程序名：reader
Tue, 02 Nov 2021 23:49:10 reader1.py[line:115] INFO 程序名：reader
Tue, 02 Nov 2021 23:49:10 reader1.py[line:115] INFO 程序名：reader
Tue, 02 Nov 2021 23:49:11 reader1.py[line:115] INFO 程序名：reader
Tue, 02 Nov 2021 23:49:11 reader1.py[line:115] INFO 程序名：reader
Tue, 02 Nov 2021 23:49:11 reader1.py[line:115] INFO 程序名：reader
Tue, 02 Nov 2021 23:49:11 reader1.py[line:115] INFO 程序名：reader
Tue, 02 Nov 2021 23:49:11 reader1.py[line:115] INFO 程序名：reader
Tue, 02 Nov 2021 23:49:11 reader1.py[line:115] INFO 程序名：reader
Tue, 02 Nov 2021 23:49:11 reader1.py[line:115] INFO 程序名：reader
Tue, 02 Nov 2021 23:49:11 reader1.py[line:115] INFO 程序名：reader
Tue, 02 Nov 2021 23:49:11 reader1.py[line:115] INFO 程序名：reader
Tue, 02 Nov 2021 23:49:12 reader1.py[line:115] INFO 程序名：reader
Tue, 02 Nov 2021 23:49:12 reader1.py[line:115] INFO 程序名：reader
Tue, 02 Nov 2021 23:49:12 reader1.py[line:115] INFO 程序名：reader
Tue, 02 Nov 2021 23:49:12 reader1.py[line:115] INFO 程序名：reader
Tue, 02 Nov 2021 23:49:12 reader1.py[line:115] INFO 程序名：reader
Tue, 02 Nov 2021 23:49:12 reader1.py[line:115] INFO 程序名：reader
Tue, 02 Nov 2021 23:49:12 reader1.py[line:115] INFO 程序名：reader
Tue, 02 Nov 2021 23:49:12 reader1.py[line:115] INFO 程序名：reader
Tue, 02 Nov 2021 23:49:13 reader1.py[line:115] INFO 程序名：reader
Tue, 02 Nov 2021 23:49:13 reader1.py[line:115] INFO 程序名：reader
Tue, 02 Nov 2021 23:49:13 reader1.py[line:115] INFO 程序名：reader
Tue, 02 Nov 2021 23:49:13 reader1.py[line:115] INFO 程序名：reader
Tue, 02 Nov 2021 23:49:13 reader1.py[line:115] INFO 程序名：reader
Tue, 02 Nov 2021 23:49:13 reader1.py[line:115] INFO 程序名：reader
Tue, 02 Nov 2021 23:49:13 reader1.py[line:115] INFO 程序名：reader
Tue, 02 Nov 2021 23:49:13 reader1.py[line:115] INFO 程序名：reader
Tue, 02 Nov 2021 23:49:13 reader1.py[line:115] INFO 程序名：reader
Tue, 02 Nov 2021 23:49:14 reader1.py[line:115] INFO 程序名：reader
Tue, 02 Nov 2021 23:49:14 reader1.py[line:115] INFO 程序名：reader
Tue, 02 Nov 2021 23:49:14 reader1.py[line:115] INFO 程序名：reader
Tue, 02 Nov 2021 23:49:14 reader1.py[line:115] INFO 程序名：reader
Tue, 02 Nov 2021 23:49:14 reader1.py[line:115] INFO 程序名：reader
Tue, 02 Nov 2021 23:49:14 reader1.py[line:115] INFO 程序名：reader
Tue, 02 Nov 2021 23:49:14 reader1.py[line:115] INFO 程序名：reader
Tue, 02 Nov 2021 23:49:14 reader1.py[line:115] INFO 程序名：reader
Tue, 02 Nov 2021 23:49:15 reader1.py[line:115] INFO 程序名：reader
Tue, 02 Nov 2021 23:49:15 reader1.py[line:115] INFO 程序名：reader
Tue, 02 Nov 2021 23:49:15 reader1.py[line:115] INFO 程序名：reader
Tue, 02 Nov 2021 23:49:15 reader1.py[line:115] INFO 程序名：reader
Tue, 02 Nov 2021 23:49:15 reader1.py[line:115] INFO 程序名：reader
Tue, 02 Nov 2021 23:49:15 reader1.py[line:115] INFO 程序名：reader
Tue, 02 Nov 2021 23:49:15 reader1.py[line:115] INFO 程序名：reader
Tue, 02 Nov 2021 23:49:15 reader1.py[line:115] INFO 程序名：reader
Tue, 02 Nov 2021 23:49:15 reader1.py[line:115] INFO 程序名：reader
Tue, 02 Nov 2021 23:49:16 reader1.py[line:115] INFO 程序名：reader
Tue, 02 Nov 2021 23:49:16 reader1.py[line:115] INFO 程序名：reader
Tue, 02 Nov 2021 23:49:16 reader1.py[line:115] INFO 程序名：reader
Tue, 02 Nov 2021 23:49:16 reader1.py[line:115] INFO 程序名：reader
Tue, 02 Nov 2021 23:49:16 reader1.py[line:115] INFO 程序名：reader
Tue, 02 Nov 2021 23:49:16 reader1.py[line:115] INFO 程序名：reader
Tue, 02 Nov 2021 23:49:16 reader1.py[line:115] INFO 程序名：reader
Tue, 02 Nov 2021 23:49:16 reader1.py[line:115] INFO 程序名：reader
Tue, 02 Nov 2021 23:49:17 reader1.py[line:115] INFO 程序名：reader
Tue, 02 Nov 2021 23:49:17 reader1.py[line:115] INFO 程序名：reader
Tue, 02 Nov 2021 23:49:17 reader1.py[line:115] INFO 程序名：reader
Tue, 02 Nov 2021 23:49:17 reader1.py[line:115] INFO 程序名：reader
Tue, 02 Nov 2021 23:49:17 reader1.py[line:115] INFO 程序名：reader
Tue, 02 Nov 2021 23:49:17 reader1.py[line:115] INFO 程序名：reader
Tue, 02 Nov 2021 23:49:17 reader1.py[line:115] INFO 程序名：reader
Tue, 02 Nov 2021 23:49:17 reader1.py[line:115] INFO 程序名：reader
Tue, 02 Nov 2021 23:49:17 reader1.py[line:115] INFO 程序名：reader
Tue, 02 Nov 2021 23:49:18 reader1.py[line:115] INFO 程序名：reader
Tue, 02 Nov 2021 23:49:18 reader1.py[line:115] INFO 程序名：reader
Tue, 02 Nov 2021 23:49:18 reader1.py[line:115] INFO 程序名：reader
Tue, 02 Nov 2021 23:49:18 reader1.py[line:115] INFO 程序名：reader
Tue, 02 Nov 2021 23:49:18 reader1.py[line:115] INFO 程序名：reader
Tue, 02 Nov 2021 23:49:18 reader1.py[line:115] INFO 程序名：reader
Tue, 02 Nov 2021 23:49:18 reader1.py[line:115] INFO 程序名：reader
Tue, 02 Nov 2021 23:49:18 reader1.py[line:115] INFO 程序名：reader
Tue, 02 Nov 2021 23:49:18 reader1.py[line:115] INFO 程序名：reader
Tue, 02 Nov 2021 23:49:19 reader1.py[line:115] INFO 程序名：reader
Tue, 02 Nov 2021 23:49:19 reader1.py[line:115] INFO 程序名：reader
Tue, 02 Nov 2021 23:49:19 reader1.py[line:115] INFO 程序名：reader
Tue, 02 Nov 2021 23:49:19 reader1.py[line:115] INFO 程序名：reader
Tue, 02 Nov 2021 23:49:19 reader1.py[line:115] INFO 程序名：reader
Tue, 02 Nov 2021 23:49:19 reader1.py[line:115] INFO 程序名：reader
Tue, 02 Nov 2021 23:49:19 reader1.py[line:115] INFO 程序名：reader
Tue, 02 Nov 2021 23:49:19 reader1.py[line:115] INFO 程序名：reader
Tue, 02 Nov 2021 23:49:20 reader1.py[line:115] INFO 程序名：reader
Tue, 02 Nov 2021 23:49:20 reader1.py[line:115] INFO 程序名：reader
Tue, 02 Nov 2021 23:49:20 reader1.py[line:115] INFO 程序名：reader
Tue, 02 Nov 2021 23:49:20 reader1.py[line:115] INFO 程序名：reader
Tue, 02 Nov 2021 23:49:20 reader1.py[line:115] INFO 程序名：reader
Tue, 02 Nov 2021 23:49:20 reader1.py[line:115] INFO 程序名：reader
Tue, 02 Nov 2021 23:49:20 reader1.py[line:115] INFO 程序名：reader
Tue, 02 Nov 2021 23:49:20 reader1.py[line:115] INFO 程序名：reader
Tue, 02 Nov 2021 23:49:20 reader1.py[line:115] INFO 程序名：reader
Tue, 02 Nov 2021 23:49:21 reader1.py[line:115] INFO 程序名：reader
Tue, 02 Nov 2021 23:49:21 reader1.py[line:115] INFO 程序名：reader
Tue, 02 Nov 2021 23:49:21 reader1.py[line:115] INFO 程序名：reader
Tue, 02 Nov 2021 23:49:21 reader1.py[line:115] INFO 程序名：reader
Tue, 02 Nov 2021 23:49:21 reader1.py[line:115] INFO 程序名：reader
Tue, 02 Nov 2021 23:49:21 reader1.py[line:115] INFO 程序名：reader
Tue, 02 Nov 2021 23:49:21 reader1.py[line:115] INFO 程序名：reader
Tue, 02 Nov 2021 23:49:21 reader1.py[line:115] INFO 程序名：reader
Tue, 02 Nov 2021 23:49:21 reader1.py[line:115] INFO 程序名：reader
Tue, 02 Nov 2021 23:49:22 reader1.py[line:115] INFO 程序名：reader
Tue, 02 Nov 2021 23:49:22 reader1.py[line:115] INFO 程序名：reader
Tue, 02 Nov 2021 23:49:22 reader1.py[line:115] INFO 程序名：reader
Tue, 02 Nov 2021 23:49:22 reader1.py[line:115] INFO 程序名：reader
Tue, 02 Nov 2021 23:49:22 reader1.py[line:115] INFO 程序名：reader
Tue, 02 Nov 2021 23:49:22 reader1.py[line:115] INFO 程序名：reader
Tue, 02 Nov 2021 23:49:22 reader1.py[line:115] INFO 程序名：reader
Tue, 02 Nov 2021 23:49:22 reader1.py[line:115] INFO 程序名：reader
Tue, 02 Nov 2021 23:49:23 reader1.py[line:115] INFO 程序名：reader
Tue, 02 Nov 2021 23:49:23 reader1.py[line:115] INFO 程序名：reader
Tue, 02 Nov 2021 23:49:23 reader1.py[line:115] INFO 程序名：reader
Tue, 02 Nov 2021 23:49:23 reader1.py[line:115] INFO 程序名：reader
Tue, 02 Nov 2021 23:49:23 reader1.py[line:115] INFO 程序名：reader
Tue, 02 Nov 2021 23:49:23 reader1.py[line:115] INFO 程序名：reader
Tue, 02 Nov 2021 23:49:23 reader1.py[line:115] INFO 程序名：reader
Tue, 02 Nov 2021 23:49:23 reader1.py[line:115] INFO 程序名：reader
Tue, 02 Nov 2021 23:49:23 reader1.py[line:115] INFO 程序名：reader
Tue, 02 Nov 2021 23:49:24 reader1.py[line:115] INFO 程序名：reader
Tue, 02 Nov 2021 23:49:24 reader1.py[line:115] INFO 程序名：reader
Tue, 02 Nov 2021 23:49:24 reader1.py[line:115] INFO 程序名：reader
Tue, 02 Nov 2021 23:49:24 reader1.py[line:115] INFO 程序名：reader
Tue, 02 Nov 2021 23:49:24 reader1.py[line:115] INFO 程序名：reader
Tue, 02 Nov 2021 23:49:24 reader1.py[line:115] INFO 程序名：reader
Tue, 02 Nov 2021 23:49:24 reader1.py[line:115] INFO 程序名：reader
Tue, 02 Nov 2021 23:49:24 reader1.py[line:115] INFO 程序名：reader
Tue, 02 Nov 2021 23:49:25 reader1.py[line:115] INFO 程序名：reader
Tue, 02 Nov 2021 23:49:25 reader1.py[line:115] INFO 程序名：reader
Tue, 02 Nov 2021 23:49:25 reader1.py[line:115] INFO 程序名：reader
Tue, 02 Nov 2021 23:49:25 reader1.py[line:115] INFO 程序名：reader
Tue, 02 Nov 2021 23:49:25 reader1.py[line:115] INFO 程序名：reader
Tue, 02 Nov 2021 23:49:25 reader1.py[line:115] INFO 程序名：reader
Tue, 02 Nov 2021 23:49:25 reader1.py[line:115] INFO 程序名：reader
Tue, 02 Nov 2021 23:49:25 reader1.py[line:115] INFO 程序名：reader
Tue, 02 Nov 2021 23:49:25 reader1.py[line:115] INFO 程序名：reader
Tue, 02 Nov 2021 23:49:26 reader1.py[line:115] INFO 程序名：reader
Tue, 02 Nov 2021 23:49:26 reader1.py[line:115] INFO 程序名：reader
Tue, 02 Nov 2021 23:49:26 reader1.py[line:115] INFO 程序名：reader
Tue, 02 Nov 2021 23:49:26 reader1.py[line:115] INFO 程序名：reader
Tue, 02 Nov 2021 23:49:26 reader1.py[line:115] INFO 程序名：reader
Tue, 02 Nov 2021 23:49:26 reader1.py[line:115] INFO 程序名：reader
Tue, 02 Nov 2021 23:49:26 reader1.py[line:115] INFO 程序名：reader
Tue, 02 Nov 2021 23:49:26 reader1.py[line:115] INFO 程序名：reader
Tue, 02 Nov 2021 23:49:27 reader1.py[line:115] INFO 程序名：reader
Tue, 02 Nov 2021 23:49:27 reader1.py[line:115] INFO 程序名：reader
Tue, 02 Nov 2021 23:49:27 reader1.py[line:115] INFO 程序名：reader
Tue, 02 Nov 2021 23:49:27 reader1.py[line:115] INFO 程序名：reader
Tue, 02 Nov 2021 23:49:27 reader1.py[line:115] INFO 程序名：reader
Tue, 02 Nov 2021 23:49:27 reader1.py[line:115] INFO 程序名：reader
Tue, 02 Nov 2021 23:49:27 reader1.py[line:115] INFO 程序名：reader
Tue, 02 Nov 2021 23:49:27 reader1.py[line:115] INFO 程序名：reader
Tue, 02 Nov 2021 23:49:27 reader1.py[line:115] INFO 程序名：reader
Tue, 02 Nov 2021 23:49:28 reader1.py[line:115] INFO 程序名：reader
Tue, 02 Nov 2021 23:49:28 reader1.py[line:115] INFO 程序名：reader
Tue, 02 Nov 2021 23:49:28 reader1.py[line:115] INFO 程序名：reader
Tue, 02 Nov 2021 23:49:28 reader1.py[line:115] INFO 程序名：reader
Tue, 02 Nov 2021 23:49:28 reader1.py[line:115] INFO 程序名：reader
Tue, 02 Nov 2021 23:49:28 reader1.py[line:115] INFO 程序名：reader
Tue, 02 Nov 2021 23:49:28 reader1.py[line:115] INFO 程序名：reader
Tue, 02 Nov 2021 23:49:28 reader1.py[line:115] INFO 程序名：reader
Tue, 02 Nov 2021 23:49:29 reader1.py[line:115] INFO 程序名：reader
Tue, 02 Nov 2021 23:49:29 reader1.py[line:115] INFO 程序名：reader
Tue, 02 Nov 2021 23:49:29 reader1.py[line:115] INFO 程序名：reader
Tue, 02 Nov 2021 23:49:29 reader1.py[line:115] INFO 程序名：reader
Tue, 02 Nov 2021 23:49:29 reader1.py[line:115] INFO 程序名：reader
Tue, 02 Nov 2021 23:49:29 reader1.py[line:115] INFO 程序名：reader
Tue, 02 Nov 2021 23:49:29 reader1.py[line:115] INFO 程序名：reader
Tue, 02 Nov 2021 23:49:29 reader1.py[line:115] INFO 程序名：reader
Tue, 02 Nov 2021 23:49:29 reader1.py[line:115] INFO 程序名：reader
Tue, 02 Nov 2021 23:49:30 reader1.py[line:115] INFO 程序名：reader
Tue, 02 Nov 2021 23:49:30 reader1.py[line:115] INFO 程序名：reader
Tue, 02 Nov 2021 23:49:30 reader1.py[line:115] INFO 程序名：reader
Tue, 02 Nov 2021 23:49:30 reader1.py[line:115] INFO 程序名：reader
Tue, 02 Nov 2021 23:49:30 reader1.py[line:115] INFO 程序名：reader
Tue, 02 Nov 2021 23:49:30 reader1.py[line:115] INFO 程序名：reader
Tue, 02 Nov 2021 23:49:30 reader1.py[line:115] INFO 程序名：reader
Tue, 02 Nov 2021 23:49:30 reader1.py[line:115] INFO 程序名：reader
Tue, 02 Nov 2021 23:49:30 reader1.py[line:115] INFO 程序名：reader
Tue, 02 Nov 2021 23:49:31 reader1.py[line:115] INFO 程序名：reader
Tue, 02 Nov 2021 23:49:31 reader1.py[line:115] INFO 程序名：reader
Tue, 02 Nov 2021 23:49:31 reader1.py[line:115] INFO 程序名：reader
Tue, 02 Nov 2021 23:49:31 reader1.py[line:115] INFO 程序名：reader
Tue, 02 Nov 2021 23:49:31 reader1.py[line:115] INFO 程序名：reader
Tue, 02 Nov 2021 23:49:31 reader1.py[line:115] INFO 程序名：reader
Tue, 02 Nov 2021 23:49:31 reader1.py[line:115] INFO 程序名：reader
Tue, 02 Nov 2021 23:49:31 reader1.py[line:115] INFO 程序名：reader
Tue, 02 Nov 2021 23:49:32 reader1.py[line:115] INFO 程序名：reader
Tue, 02 Nov 2021 23:49:32 reader1.py[line:115] INFO 程序名：reader
Tue, 02 Nov 2021 23:49:32 reader1.py[line:115] INFO 程序名：reader
Tue, 02 Nov 2021 23:49:32 reader1.py[line:115] INFO 程序名：reader
Tue, 02 Nov 2021 23:49:32 reader1.py[line:115] INFO 程序名：reader
Tue, 02 Nov 2021 23:49:32 reader1.py[line:115] INFO 程序名：reader
Tue, 02 Nov 2021 23:49:32 reader1.py[line:115] INFO 程序名：reader
Tue, 02 Nov 2021 23:49:32 reader1.py[line:115] INFO 程序名：reader
Tue, 02 Nov 2021 23:49:32 reader1.py[line:115] INFO 程序名：reader
Tue, 02 Nov 2021 23:49:33 reader1.py[line:115] INFO 程序名：reader
Tue, 02 Nov 2021 23:49:33 reader1.py[line:115] INFO 程序名：reader
Tue, 02 Nov 2021 23:49:33 reader1.py[line:115] INFO 程序名：reader
Tue, 02 Nov 2021 23:49:33 reader1.py[line:115] INFO 程序名：reader
Tue, 02 Nov 2021 23:49:33 reader1.py[line:115] INFO 程序名：reader
Tue, 02 Nov 2021 23:49:33 reader1.py[line:115] INFO 程序名：reader
Tue, 02 Nov 2021 23:49:33 reader1.py[line:115] INFO 程序名：reader
Tue, 02 Nov 2021 23:49:33 reader1.py[line:115] INFO 程序名：reader
Tue, 02 Nov 2021 23:49:33 reader1.py[line:115] INFO 程序名：reader
Tue, 02 Nov 2021 23:49:34 reader1.py[line:115] INFO 程序名：reader
Tue, 02 Nov 2021 23:49:34 reader1.py[line:115] INFO 程序名：reader
Tue, 02 Nov 2021 23:49:34 reader1.py[line:115] INFO 程序名：reader
Tue, 02 Nov 2021 23:49:34 reader1.py[line:115] INFO 程序名：reader
Tue, 02 Nov 2021 23:49:34 reader1.py[line:115] INFO 程序名：reader
Tue, 02 Nov 2021 23:49:34 reader1.py[line:115] INFO 程序名：reader
Tue, 02 Nov 2021 23:49:34 reader1.py[line:115] INFO 程序名：reader
Tue, 02 Nov 2021 23:49:34 reader1.py[line:115] INFO 程序名：reader
Tue, 02 Nov 2021 23:49:35 reader1.py[line:115] INFO 程序名：reader
Tue, 02 Nov 2021 23:49:35 reader1.py[line:115] INFO 程序名：reader
Tue, 02 Nov 2021 23:49:35 reader1.py[line:115] INFO 程序名：reader
Tue, 02 Nov 2021 23:49:35 reader1.py[line:115] INFO 程序名：reader
Tue, 02 Nov 2021 23:49:35 reader1.py[line:115] INFO 程序名：reader
Tue, 02 Nov 2021 23:49:35 reader1.py[line:115] INFO 程序名：reader
Tue, 02 Nov 2021 23:49:35 reader1.py[line:115] INFO 程序名：reader
Tue, 02 Nov 2021 23:49:35 reader1.py[line:115] INFO 程序名：reader
Tue, 02 Nov 2021 23:49:35 reader1.py[line:115] INFO 程序名：reader
Tue, 02 Nov 2021 23:49:36 reader1.py[line:115] INFO 程序名：reader
Tue, 02 Nov 2021 23:49:36 reader1.py[line:115] INFO 程序名：reader
Tue, 02 Nov 2021 23:49:36 reader1.py[line:115] INFO 程序名：reader
Tue, 02 Nov 2021 23:49:36 reader1.py[line:115] INFO 程序名：reader
Tue, 02 Nov 2021 23:49:36 reader1.py[line:115] INFO 程序名：reader
Tue, 02 Nov 2021 23:49:36 reader1.py[line:115] INFO 程序名：reader
Tue, 02 Nov 2021 23:49:36 reader1.py[line:115] INFO 程序名：reader
Tue, 02 Nov 2021 23:49:36 reader1.py[line:115] INFO 程序名：reader
Tue, 02 Nov 2021 23:49:36 reader1.py[line:115] INFO 程序名：reader
Tue, 02 Nov 2021 23:49:37 reader1.py[line:115] INFO 程序名：reader
Tue, 02 Nov 2021 23:49:37 reader1.py[line:115] INFO 程序名：reader
Tue, 02 Nov 2021 23:49:37 reader1.py[line:115] INFO 程序名：reader
Tue, 02 Nov 2021 23:49:37 reader1.py[line:115] INFO 程序名：reader
Tue, 02 Nov 2021 23:49:37 reader1.py[line:115] INFO 程序名：reader
Tue, 02 Nov 2021 23:49:37 reader1.py[line:115] INFO 程序名：reader
Tue, 02 Nov 2021 23:49:37 reader1.py[line:115] INFO 程序名：reader
Tue, 02 Nov 2021 23:49:37 reader1.py[line:115] INFO 程序名：reader
Tue, 02 Nov 2021 23:49:38 reader1.py[line:115] INFO 程序名：reader
Tue, 02 Nov 2021 23:49:38 reader1.py[line:115] INFO 程序名：reader
Tue, 02 Nov 2021 23:49:38 reader1.py[line:115] INFO 程序名：reader
Tue, 02 Nov 2021 23:49:38 reader1.py[line:115] INFO 程序名：reader
Tue, 02 Nov 2021 23:49:38 reader1.py[line:115] INFO 程序名：reader
Tue, 02 Nov 2021 23:49:38 reader1.py[line:115] INFO 程序名：reader
Tue, 02 Nov 2021 23:49:38 reader1.py[line:115] INFO 程序名：reader
Tue, 02 Nov 2021 23:49:38 reader1.py[line:115] INFO 程序名：reader
Tue, 02 Nov 2021 23:49:39 reader1.py[line:115] INFO 程序名：reader
Tue, 02 Nov 2021 23:49:39 reader1.py[line:115] INFO 程序名：reader
Tue, 02 Nov 2021 23:49:39 reader1.py[line:115] INFO 程序名：reader
Tue, 02 Nov 2021 23:49:39 reader1.py[line:115] INFO 程序名：reader
Tue, 02 Nov 2021 23:49:39 reader1.py[line:115] INFO 程序名：reader
Tue, 02 Nov 2021 23:49:39 reader1.py[line:115] INFO 程序名：reader
Tue, 02 Nov 2021 23:49:39 reader1.py[line:115] INFO 程序名：reader
Tue, 02 Nov 2021 23:49:39 reader1.py[line:115] INFO 程序名：reader
Tue, 02 Nov 2021 23:49:39 reader1.py[line:115] INFO 程序名：reader
Tue, 02 Nov 2021 23:49:40 reader1.py[line:115] INFO 程序名：reader
Tue, 02 Nov 2021 23:49:40 reader1.py[line:115] INFO 程序名：reader
Tue, 02 Nov 2021 23:49:40 reader1.py[line:115] INFO 程序名：reader
Tue, 02 Nov 2021 23:49:40 reader1.py[line:115] INFO 程序名：reader
Tue, 02 Nov 2021 23:49:40 reader1.py[line:115] INFO 程序名：reader
Tue, 02 Nov 2021 23:49:40 reader1.py[line:115] INFO 程序名：reader
Tue, 02 Nov 2021 23:49:40 reader1.py[line:115] INFO 程序名：reader
Tue, 02 Nov 2021 23:49:40 reader1.py[line:115] INFO 程序名：reader
Tue, 02 Nov 2021 23:49:41 reader1.py[line:115] INFO 程序名：reader
Tue, 02 Nov 2021 23:49:41 reader1.py[line:115] INFO 程序名：reader
Tue, 02 Nov 2021 23:49:41 reader1.py[line:115] INFO 程序名：reader
Tue, 02 Nov 2021 23:49:41 reader1.py[line:115] INFO 程序名：reader
Tue, 02 Nov 2021 23:49:41 reader1.py[line:115] INFO 程序名：reader
Tue, 02 Nov 2021 23:49:41 reader1.py[line:115] INFO 程序名：reader
Tue, 02 Nov 2021 23:49:41 reader1.py[line:115] INFO 程序名：reader
Tue, 02 Nov 2021 23:49:41 reader1.py[line:115] INFO 程序名：reader
Tue, 02 Nov 2021 23:49:41 reader1.py[line:115] INFO 程序名：reader
Tue, 02 Nov 2021 23:49:42 reader1.py[line:115] INFO 程序名：reader
Tue, 02 Nov 2021 23:49:42 reader1.py[line:115] INFO 程序名：reader
Tue, 02 Nov 2021 23:49:42 reader1.py[line:115] INFO 程序名：reader
Tue, 02 Nov 2021 23:49:42 reader1.py[line:115] INFO 程序名：reader
Tue, 02 Nov 2021 23:49:42 reader1.py[line:115] INFO 程序名：reader
Tue, 02 Nov 2021 23:49:42 reader1.py[line:115] INFO 程序名：reader
Tue, 02 Nov 2021 23:49:42 reader1.py[line:115] INFO 程序名：reader
Tue, 02 Nov 2021 23:49:42 reader1.py[line:115] INFO 程序名：reader
Tue, 02 Nov 2021 23:49:43 reader1.py[line:115] INFO 程序名：reader
Tue, 02 Nov 2021 23:49:43 reader1.py[line:115] INFO 程序名：reader
Tue, 02 Nov 2021 23:49:43 reader1.py[line:115] INFO 程序名：reader
Tue, 02 Nov 2021 23:49:43 reader1.py[line:115] INFO 程序名：reader
Tue, 02 Nov 2021 23:49:43 reader1.py[line:115] INFO 程序名：reader
Tue, 02 Nov 2021 23:49:43 reader1.py[line:115] INFO 程序名：reader
Tue, 02 Nov 2021 23:49:43 reader1.py[line:115] INFO 程序名：reader
Tue, 02 Nov 2021 23:49:43 reader1.py[line:115] INFO 程序名：reader
Tue, 02 Nov 2021 23:49:43 reader1.py[line:115] INFO 程序名：reader
Tue, 02 Nov 2021 23:49:44 reader1.py[line:115] INFO 程序名：reader
Tue, 02 Nov 2021 23:49:44 reader1.py[line:115] INFO 程序名：reader
Tue, 02 Nov 2021 23:49:44 reader1.py[line:115] INFO 程序名：reader
Tue, 02 Nov 2021 23:49:44 reader1.py[line:115] INFO 程序名：reader
Tue, 02 Nov 2021 23:49:44 reader1.py[line:115] INFO 程序名：reader
Tue, 02 Nov 2021 23:49:44 reader1.py[line:115] INFO 程序名：reader
Tue, 02 Nov 2021 23:49:44 reader1.py[line:115] INFO 程序名：reader
Tue, 02 Nov 2021 23:49:44 reader1.py[line:115] INFO 程序名：reader
Tue, 02 Nov 2021 23:49:44 reader1.py[line:115] INFO 程序名：reader
Tue, 02 Nov 2021 23:49:45 reader1.py[line:115] INFO 程序名：reader
Tue, 02 Nov 2021 23:49:45 reader1.py[line:115] INFO 程序名：reader
Tue, 02 Nov 2021 23:49:45 reader1.py[line:115] INFO 程序名：reader
Tue, 02 Nov 2021 23:49:45 reader1.py[line:115] INFO 程序名：reader
Tue, 02 Nov 2021 23:49:45 reader1.py[line:115] INFO 程序名：reader
Tue, 02 Nov 2021 23:49:45 reader1.py[line:115] INFO 程序名：reader
Tue, 02 Nov 2021 23:49:45 reader1.py[line:115] INFO 程序名：reader
Tue, 02 Nov 2021 23:49:45 reader1.py[line:115] INFO 程序名：reader
Tue, 02 Nov 2021 23:49:46 reader1.py[line:115] INFO 程序名：reader
Tue, 02 Nov 2021 23:49:46 reader1.py[line:115] INFO 程序名：reader
Tue, 02 Nov 2021 23:49:46 reader1.py[line:115] INFO 程序名：reader
Tue, 02 Nov 2021 23:49:46 reader1.py[line:115] INFO 程序名：reader
Tue, 02 Nov 2021 23:49:46 reader1.py[line:115] INFO 程序名：reader
Tue, 02 Nov 2021 23:49:46 reader1.py[line:115] INFO 程序名：reader
Tue, 02 Nov 2021 23:49:46 reader1.py[line:115] INFO 程序名：reader
Tue, 02 Nov 2021 23:49:46 reader1.py[line:115] INFO 程序名：reader
Tue, 02 Nov 2021 23:49:46 reader1.py[line:115] INFO 程序名：reader
Tue, 02 Nov 2021 23:49:47 reader1.py[line:115] INFO 程序名：reader
Tue, 02 Nov 2021 23:49:47 reader1.py[line:115] INFO 程序名：reader
Tue, 02 Nov 2021 23:49:47 reader1.py[line:115] INFO 程序名：reader
Tue, 02 Nov 2021 23:49:47 reader1.py[line:115] INFO 程序名：reader
Tue, 02 Nov 2021 23:49:47 reader1.py[line:115] INFO 程序名：reader
Tue, 02 Nov 2021 23:49:47 reader1.py[line:115] INFO 程序名：reader
Tue, 02 Nov 2021 23:49:47 reader1.py[line:115] INFO 程序名：reader
Tue, 02 Nov 2021 23:49:47 reader1.py[line:115] INFO 程序名：reader
Tue, 02 Nov 2021 23:49:48 reader1.py[line:115] INFO 程序名：reader
Tue, 02 Nov 2021 23:49:48 reader1.py[line:115] INFO 程序名：reader
Tue, 02 Nov 2021 23:49:48 reader1.py[line:115] INFO 程序名：reader
Tue, 02 Nov 2021 23:49:48 reader1.py[line:115] INFO 程序名：reader
Tue, 02 Nov 2021 23:49:48 reader1.py[line:115] INFO 程序名：reader
Tue, 02 Nov 2021 23:49:48 reader1.py[line:115] INFO 程序名：reader
Tue, 02 Nov 2021 23:49:48 reader1.py[line:115] INFO 程序名：reader
Tue, 02 Nov 2021 23:49:48 reader1.py[line:115] INFO 程序名：reader
Tue, 02 Nov 2021 23:49:48 reader1.py[line:115] INFO 程序名：reader
Tue, 02 Nov 2021 23:49:49 reader1.py[line:115] INFO 程序名：reader
Tue, 02 Nov 2021 23:49:49 reader1.py[line:115] INFO 程序名：reader
Tue, 02 Nov 2021 23:49:49 reader1.py[line:115] INFO 程序名：reader
Tue, 02 Nov 2021 23:49:49 reader1.py[line:115] INFO 程序名：reader
Tue, 02 Nov 2021 23:49:49 reader1.py[line:115] INFO 程序名：reader
Tue, 02 Nov 2021 23:49:49 reader1.py[line:115] INFO 程序名：reader
Tue, 02 Nov 2021 23:49:49 reader1.py[line:115] INFO 程序名：reader
Tue, 02 Nov 2021 23:49:49 reader1.py[line:115] INFO 程序名：reader
Tue, 02 Nov 2021 23:49:49 reader1.py[line:115] INFO 程序名：reader
Tue, 02 Nov 2021 23:49:50 reader1.py[line:115] INFO 程序名：reader
Tue, 02 Nov 2021 23:49:50 reader1.py[line:115] INFO 程序名：reader
Tue, 02 Nov 2021 23:49:50 reader1.py[line:115] INFO 程序名：reader
Tue, 02 Nov 2021 23:49:50 reader1.py[line:115] INFO 程序名：reader
Tue, 02 Nov 2021 23:49:50 reader1.py[line:115] INFO 程序名：reader
Tue, 02 Nov 2021 23:49:50 reader1.py[line:115] INFO 程序名：reader
Tue, 02 Nov 2021 23:49:50 reader1.py[line:115] INFO 程序名：reader
Tue, 02 Nov 2021 23:49:50 reader1.py[line:115] INFO 程序名：reader
Tue, 02 Nov 2021 23:49:50 reader1.py[line:115] INFO 程序名：reader
Tue, 02 Nov 2021 23:49:51 reader1.py[line:115] INFO 程序名：reader
Tue, 02 Nov 2021 23:49:51 reader1.py[line:115] INFO 程序名：reader
Tue, 02 Nov 2021 23:49:51 reader1.py[line:115] INFO 程序名：reader
Tue, 02 Nov 2021 23:49:51 reader1.py[line:115] INFO 程序名：reader
Tue, 02 Nov 2021 23:49:51 reader1.py[line:115] INFO 程序名：reader
Tue, 02 Nov 2021 23:49:51 reader1.py[line:115] INFO 程序名：reader
Tue, 02 Nov 2021 23:49:51 reader1.py[line:115] INFO 程序名：reader
Tue, 02 Nov 2021 23:49:51 reader1.py[line:115] INFO 程序名：reader
Tue, 02 Nov 2021 23:49:52 reader1.py[line:115] INFO 程序名：reader
Tue, 02 Nov 2021 23:49:52 reader1.py[line:115] INFO 程序名：reader
Tue, 02 Nov 2021 23:49:52 reader1.py[line:115] INFO 程序名：reader
Tue, 02 Nov 2021 23:49:52 reader1.py[line:115] INFO 程序名：reader
Tue, 02 Nov 2021 23:49:52 reader1.py[line:115] INFO 程序名：reader
Tue, 02 Nov 2021 23:49:52 reader1.py[line:115] INFO 程序名：reader
Tue, 02 Nov 2021 23:49:52 reader1.py[line:115] INFO 程序名：reader
Tue, 02 Nov 2021 23:49:52 reader1.py[line:115] INFO 程序名：reader
Tue, 02 Nov 2021 23:49:53 reader1.py[line:115] INFO 程序名：reader
Tue, 02 Nov 2021 23:49:53 reader1.py[line:115] INFO 程序名：reader
Tue, 02 Nov 2021 23:49:53 reader1.py[line:115] INFO 程序名：reader
Tue, 02 Nov 2021 23:49:53 reader1.py[line:115] INFO 程序名：reader
Tue, 02 Nov 2021 23:49:53 reader1.py[line:115] INFO 程序名：reader
Tue, 02 Nov 2021 23:49:53 reader1.py[line:115] INFO 程序名：reader
Tue, 02 Nov 2021 23:49:53 reader1.py[line:115] INFO 程序名：reader
Tue, 02 Nov 2021 23:49:53 reader1.py[line:115] INFO 程序名：reader
Tue, 02 Nov 2021 23:49:53 reader1.py[line:115] INFO 程序名：reader
Tue, 02 Nov 2021 23:49:54 reader1.py[line:115] INFO 程序名：reader
Tue, 02 Nov 2021 23:49:54 reader1.py[line:115] INFO 程序名：reader
Tue, 02 Nov 2021 23:49:54 reader1.py[line:115] INFO 程序名：reader
Tue, 02 Nov 2021 23:49:54 reader1.py[line:115] INFO 程序名：reader
Tue, 02 Nov 2021 23:49:54 reader1.py[line:115] INFO 程序名：reader
Tue, 02 Nov 2021 23:49:54 reader1.py[line:115] INFO 程序名：reader
Tue, 02 Nov 2021 23:49:54 reader1.py[line:115] INFO 程序名：reader
Tue, 02 Nov 2021 23:49:54 reader1.py[line:115] INFO 程序名：reader
Tue, 02 Nov 2021 23:49:54 reader1.py[line:115] INFO 程序名：reader
Tue, 02 Nov 2021 23:49:55 reader1.py[line:115] INFO 程序名：reader
Tue, 02 Nov 2021 23:49:55 reader1.py[line:115] INFO 程序名：reader
Tue, 02 Nov 2021 23:49:55 reader1.py[line:115] INFO 程序名：reader
Tue, 02 Nov 2021 23:49:55 reader1.py[line:115] INFO 程序名：reader
Tue, 02 Nov 2021 23:49:55 reader1.py[line:115] INFO 程序名：reader
